In file included from [01m[K/home/jeongmyung/slam-tutorial_ws/src/slam-tutorial/executables/main.cpp:7[m[K:
[01m[K/opt/ros/foxy/include/image_transport/image_transport.h:41:89:[m[K [01;36m[Knote: [m[K#pragma message: Warning: This header is deprecated. Use 'image_transport.hpp' instead
   41 | #pragma message ("Warning: This header is deprecated. Use 'image_transport.hpp' instead"[01;36m[K)[m[K
      |                                                                                         [01;36m[K^[m[K
[01m[K/home/jeongmyung/slam-tutorial_ws/src/slam-tutorial/executables/main.cpp:[m[K In function ‘[01m[Kvoid callback_stereo_image(sensor_msgs::msg::Image_<std::allocator<void> >::SharedPtr, sensor_msgs::msg::Image_<std::allocator<void> >::SharedPtr)[m[K’:
[01m[K/home/jeongmyung/slam-tutorial_ws/src/slam-tutorial/executables/main.cpp:16:69:[m[K [01;35m[Kwarning: [m[Kunused parameter ‘[01m[Kimage_left_[m[K’ [[01;35m[K-Wunused-parameter[m[K]
   16 | void callback_stereo_image([01;35m[Kconst sensor_msgs::msg::Image::SharedPtr image_left_[m[K, const sensor_msgs::msg::Image::SharedPtr image_right_) {
      |                            [01;35m[K~~~~~~~~~~~~~~~~~~~~~~~~~~~~~~~~~~~~~~~~~^~~~~~~~~~~[m[K
[01m[K/home/jeongmyung/slam-tutorial_ws/src/slam-tutorial/executables/main.cpp:16:123:[m[K [01;35m[Kwarning: [m[Kunused parameter ‘[01m[Kimage_right_[m[K’ [[01;35m[K-Wunused-parameter[m[K]
   16 | void callback_stereo_image(const sensor_msgs::msg::Image::SharedPtr image_left_, [01;35m[Kconst sensor_msgs::msg::Image::SharedPtr image_right_[m[K) {
      |                                                                                  [01;35m[K~~~~~~~~~~~~~~~~~~~~~~~~~~~~~~~~~~~~~~~~~^~~~~~~~~~~~[m[K
[01m[K/home/jeongmyung/slam-tutorial_ws/src/slam-tutorial/executables/main.cpp:[m[K In function ‘[01m[Kint main(int, char**)[m[K’:
[01m[K/home/jeongmyung/slam-tutorial_ws/src/slam-tutorial/executables/main.cpp:29:5:[m[K [01;31m[Kerror: [m[K‘[01m[Kros[m[K’ has not been declared
   29 |     [01;31m[Kros[m[K::NodeHandle nh;
      |     [01;31m[K^~~[m[K
[01m[K/home/jeongmyung/slam-tutorial_ws/src/slam-tutorial/executables/main.cpp:34:80:[m[K [01;31m[Kerror: [m[K‘[01m[Knh[m[K’ was not declared in this scope
   34 |     message_filters::Subscriber<sensor_msgs::msg::Image> image_subscriber_left([01;31m[Knh[m[K)
      |                                                                                [01;31m[K^~[m[K
[01m[K/home/jeongmyung/slam-tutorial_ws/src/slam-tutorial/executables/main.cpp:35:5:[m[K [01;31m[Kerror: [m[Kexpected ‘[01m[K,[m[K’ or ‘[01m[K;[m[K’ before ‘[01m[Kauto[m[K’
   35 |     [01;31m[Kauto[m[K image_subscriber_right = node->create_subscription<sensor_msgs::msg::Image>(
      |     [01;31m[K^~~~[m[K
make[2]: *** [CMakeFiles/main_node.dir/build.make:63: CMakeFiles/main_node.dir/executables/main.cpp.o] Error 1
make[1]: *** [CMakeFiles/Makefile2:78: CMakeFiles/main_node.dir/all] Error 2
make: *** [Makefile:141: all] Error 2
