[0.032s] Invoking command in '/home/jeongmyung/slam-tutorial_ws/src/slam-tutorial/build/slam-tutorial': CMAKE_PREFIX_PATH=${CMAKE_PREFIX_PATH}:/opt/ros/foxy /usr/bin/cmake --build /home/jeongmyung/slam-tutorial_ws/src/slam-tutorial/build/slam-tutorial -- -j12 -l12
[0.090s] [ 33%] Built target stereo_calibration
[0.105s] [35m[1mScanning dependencies of target main_lidar_node[0m
[0.133s] [ 66%] Built target main_node
[0.153s] [ 83%] [32mBuilding CXX object CMakeFiles/main_lidar_node.dir/executables/main_lidar.cpp.o[0m
[4.105s] [01m[K/home/jeongmyung/slam-tutorial_ws/src/slam-tutorial/executables/main_lidar.cpp:[m[K In member function ‘[01m[Kstd::vector<Eigen::Matrix<double, 3, 1> > SLAM_Context::get_registered_map() const[m[K’:
[4.105s] [01m[K/home/jeongmyung/slam-tutorial_ws/src/slam-tutorial/executables/main_lidar.cpp:77:26:[m[K [01;35m[Kwarning: [m[Kstructured bindings only available with ‘[01m[K-std=c++17[m[K’ or ‘[01m[K-std=gnu++17[m[K’
[4.106s]    77 |         for (const auto &[01;35m[K[[m[Kvoxel, voxel_block] : map_) {
[4.106s]       |                          [01;35m[K^[m[K
[4.152s] [01m[K/home/jeongmyung/slam-tutorial_ws/src/slam-tutorial/executables/main_lidar.cpp:[m[K In function ‘[01m[Kstd::tuple<std::vector<Eigen::Matrix<double, 3, 1, 0, 3, 1>, std::allocator<Eigen::Matrix<double, 3, 1, 0, 3, 1> > >, std::vector<Eigen::Matrix<double, 3, 1, 0, 3, 1>, std::allocator<Eigen::Matrix<double, 3, 1, 0, 3, 1> > > > get_correspondence(const std::vector<Eigen::Matrix<double, 3, 1> >&, const tsl::robin_map<Eigen::Matrix<int, 3, 1>, VoxelBlock, VoxelHash>&, double)[m[K’:
[4.152s] [01m[K/home/jeongmyung/slam-tutorial_ws/src/slam-tutorial/executables/main_lidar.cpp:173:16:[m[K [01;35m[Kwarning: [m[Kstructured bindings only available with ‘[01m[K-std=c++17[m[K’ or ‘[01m[K-std=gnu++17[m[K’
[4.152s]   173 |     const auto [01;35m[K[[m[Ksource, target] = tbb::parallel_reduce(
[4.152s]       |                [01;35m[K^[m[K
[4.152s] [01m[K/home/jeongmyung/slam-tutorial_ws/src/slam-tutorial/executables/main_lidar.cpp:[m[K In lambda function:
[4.152s] [01m[K/home/jeongmyung/slam-tutorial_ws/src/slam-tutorial/executables/main_lidar.cpp:181:19:[m[K [01;35m[Kwarning: [m[Kstructured bindings only available with ‘[01m[K-std=c++17[m[K’ or ‘[01m[K-std=gnu++17[m[K’
[4.152s]   181 |             auto &[01;35m[K[[m[Ksrc, tgt] = res;
[4.152s]       |                   [01;35m[K^[m[K
[4.164s] [01m[K/home/jeongmyung/slam-tutorial_ws/src/slam-tutorial/executables/main_lidar.cpp:[m[K In lambda function:
[4.164s] [01m[K/home/jeongmyung/slam-tutorial_ws/src/slam-tutorial/executables/main_lidar.cpp:195:19:[m[K [01;35m[Kwarning: [m[Kstructured bindings only available with ‘[01m[K-std=c++17[m[K’ or ‘[01m[K-std=gnu++17[m[K’
[4.164s]   195 |             auto &[01;35m[K[[m[Ksrc, tgt] = a;
[4.164s]       |                   [01;35m[K^[m[K
[4.165s] [01m[K/home/jeongmyung/slam-tutorial_ws/src/slam-tutorial/executables/main_lidar.cpp:196:25:[m[K [01;35m[Kwarning: [m[Kstructured bindings only available with ‘[01m[K-std=c++17[m[K’ or ‘[01m[K-std=gnu++17[m[K’
[4.165s]   196 |             const auto &[01;35m[K[[m[Ksrcp, tgtp] = b;
[4.165s]       |                         [01;35m[K^[m[K
[4.232s] [01m[K/home/jeongmyung/slam-tutorial_ws/src/slam-tutorial/executables/main_lidar.cpp:[m[K In function ‘[01m[KSophus::SE3d AlignClouds(const std::vector<Eigen::Matrix<double, 3, 1> >&, const std::vector<Eigen::Matrix<double, 3, 1> >&, double)[m[K’:
[4.232s] [01m[K/home/jeongmyung/slam-tutorial_ws/src/slam-tutorial/executables/main_lidar.cpp:227:17:[m[K [01;35m[Kwarning: [m[Kstructured bindings only available with ‘[01m[K-std=c++17[m[K’ or ‘[01m[K-std=gnu++17[m[K’
[4.233s]   227 |     const auto &[01;35m[K[[m[KJTJ, JTr] = tbb::parallel_reduce(
[4.233s]       |                 [01;35m[K^[m[K
[4.233s] [01m[K/home/jeongmyung/slam-tutorial_ws/src/slam-tutorial/executables/main_lidar.cpp:[m[K In lambda function:
[4.233s] [01m[K/home/jeongmyung/slam-tutorial_ws/src/slam-tutorial/executables/main_lidar.cpp:235:19:[m[K [01;35m[Kwarning: [m[Kstructured bindings only available with ‘[01m[K-std=c++17[m[K’ or ‘[01m[K-std=gnu++17[m[K’
[4.233s]   235 |             auto &[01;35m[K[[m[KJTJ_private, JTr_private] = J;
[4.233s]       |                   [01;35m[K^[m[K
[4.233s] [01m[K/home/jeongmyung/slam-tutorial_ws/src/slam-tutorial/executables/main_lidar.cpp:237:29:[m[K [01;35m[Kwarning: [m[Kstructured bindings only available with ‘[01m[K-std=c++17[m[K’ or ‘[01m[K-std=gnu++17[m[K’
[4.233s]   237 |                 const auto &[01;35m[K[[m[KJ_r, residual] = compute_jacobian_and_residual(i);
[4.233s]       |                             [01;35m[K^[m[K
[4.400s] [01m[K/home/jeongmyung/slam-tutorial_ws/src/slam-tutorial/executables/main_lidar.cpp:[m[K In function ‘[01m[KSophus::SE3d register_frame_icp(const std::vector<Eigen::Matrix<double, 3, 1> >&, const tsl::robin_map<Eigen::Matrix<int, 3, 1>, VoxelBlock, VoxelHash>&, const SE3d&, double, double)[m[K’:
[4.400s] [01m[K/home/jeongmyung/slam-tutorial_ws/src/slam-tutorial/executables/main_lidar.cpp:266:21:[m[K [01;35m[Kwarning: [m[Kstructured bindings only available with ‘[01m[K-std=c++17[m[K’ or ‘[01m[K-std=gnu++17[m[K’
[4.400s]   266 |         const auto &[01;35m[K[[m[Ksrc, tgt] = get_correspondence(source, map, max_correspondence_distance);
[4.400s]       |                     [01;35m[K^[m[K
[4.457s] [01m[K/home/jeongmyung/slam-tutorial_ws/src/slam-tutorial/executables/main_lidar.cpp:[m[K In function ‘[01m[Kstd::vector<Eigen::Matrix<double, 3, 1> > voxelize_downsample(const std::vector<Eigen::Matrix<double, 3, 1> >&, double)[m[K’:
[4.458s] [01m[K/home/jeongmyung/slam-tutorial_ws/src/slam-tutorial/executables/main_lidar.cpp:315:22:[m[K [01;35m[Kwarning: [m[Kstructured bindings only available with ‘[01m[K-std=c++17[m[K’ or ‘[01m[K-std=gnu++17[m[K’
[4.458s]   315 |     for (const auto &[01;35m[K[[m[Kvoxel, point] : grid) {
[4.458s]       |                      [01;35m[K^[m[K
[4.464s] [01m[K/home/jeongmyung/slam-tutorial_ws/src/slam-tutorial/executables/main_lidar.cpp:[m[K In function ‘[01m[Kvoid RemovePointsFarFromLocation(const Vector3d&)[m[K’:
[4.464s] [01m[K/home/jeongmyung/slam-tutorial_ws/src/slam-tutorial/executables/main_lidar.cpp:348:22:[m[K [01;35m[Kwarning: [m[Kstructured bindings only available with ‘[01m[K-std=c++17[m[K’ or ‘[01m[K-std=gnu++17[m[K’
[4.464s]   348 |     for (const auto &[01;35m[K[[m[Kvoxel, voxel_block] : slam_ctx.map_) {
[4.465s]       |                      [01;35m[K^[m[K
[4.465s] [01m[K/home/jeongmyung/slam-tutorial_ws/src/slam-tutorial/executables/main_lidar.cpp:[m[K In function ‘[01m[Kvoid update_map(std::vector<Eigen::Matrix<double, 3, 1> >, const SE3d&)[m[K’:
[4.466s] [01m[K/home/jeongmyung/slam-tutorial_ws/src/slam-tutorial/executables/main_lidar.cpp:361:28:[m[K [01;35m[Kwarning: [m[Kunused variable ‘[01m[Korigin[m[K’ [[01;35m[K-Wunused-variable[m[K]
[4.466s]   361 |     const Eigen::Vector3d &[01;35m[Korigin[m[K = pose.translation();
[4.466s]       |                            [01;35m[K^~~~~~[m[K
[4.599s] [01m[K/home/jeongmyung/slam-tutorial_ws/src/slam-tutorial/executables/main_lidar.cpp:[m[K In member function ‘[01m[Kvoid LidarSubscriberNode::lidar_callback(sensor_msgs::msg::PointCloud2_<std::allocator<void> >::SharedPtr)[m[K’:
[4.599s] [01m[K/home/jeongmyung/slam-tutorial_ws/src/slam-tutorial/executables/main_lidar.cpp:498:14:[m[K [01;35m[Kwarning: [m[Kstructured bindings only available with ‘[01m[K-std=c++17[m[K’ or ‘[01m[K-std=gnu++17[m[K’
[4.599s]   498 |         auto [01;35m[K[[m[Kcloud_map, cloud_keypoints, new_pose] = register_frame(points);
[4.599s]       |              [01;35m[K^[m[K
[25.073s] [100%] [32m[1mLinking CXX executable main_lidar_node[0m
[26.410s] [100%] Built target main_lidar_node
[26.427s] Invoked command in '/home/jeongmyung/slam-tutorial_ws/src/slam-tutorial/build/slam-tutorial' returned '0': CMAKE_PREFIX_PATH=${CMAKE_PREFIX_PATH}:/opt/ros/foxy /usr/bin/cmake --build /home/jeongmyung/slam-tutorial_ws/src/slam-tutorial/build/slam-tutorial -- -j12 -l12
[26.471s] Invoking command in '/home/jeongmyung/slam-tutorial_ws/src/slam-tutorial/build/slam-tutorial': CMAKE_PREFIX_PATH=${CMAKE_PREFIX_PATH}:/opt/ros/foxy /usr/bin/cmake --install /home/jeongmyung/slam-tutorial_ws/src/slam-tutorial/build/slam-tutorial
[26.480s] -- Install configuration: ""
[26.481s] -- Execute custom install script
[26.482s] -- Up-to-date symlink: /home/jeongmyung/slam-tutorial_ws/src/slam-tutorial/install/slam-tutorial/lib/slam-tutorial/main_node
[26.482s] -- Symlinking: /home/jeongmyung/slam-tutorial_ws/src/slam-tutorial/install/slam-tutorial/lib/slam-tutorial/main_lidar_node
[26.496s] -- Up-to-date symlink: /home/jeongmyung/slam-tutorial_ws/src/slam-tutorial/install/slam-tutorial/share/ament_index/resource_index/package_run_dependencies/slam-tutorial
[26.496s] -- Up-to-date symlink: /home/jeongmyung/slam-tutorial_ws/src/slam-tutorial/install/slam-tutorial/share/ament_index/resource_index/parent_prefix_path/slam-tutorial
[26.496s] -- Up-to-date symlink: /home/jeongmyung/slam-tutorial_ws/src/slam-tutorial/install/slam-tutorial/share/slam-tutorial/environment/ament_prefix_path.sh
[26.496s] -- Up-to-date symlink: /home/jeongmyung/slam-tutorial_ws/src/slam-tutorial/install/slam-tutorial/share/slam-tutorial/environment/ament_prefix_path.dsv
[26.497s] -- Up-to-date symlink: /home/jeongmyung/slam-tutorial_ws/src/slam-tutorial/install/slam-tutorial/share/slam-tutorial/environment/path.sh
[26.497s] -- Up-to-date symlink: /home/jeongmyung/slam-tutorial_ws/src/slam-tutorial/install/slam-tutorial/share/slam-tutorial/environment/path.dsv
[26.497s] -- Up-to-date symlink: /home/jeongmyung/slam-tutorial_ws/src/slam-tutorial/install/slam-tutorial/share/slam-tutorial/local_setup.bash
[26.498s] -- Up-to-date symlink: /home/jeongmyung/slam-tutorial_ws/src/slam-tutorial/install/slam-tutorial/share/slam-tutorial/local_setup.sh
[26.498s] -- Up-to-date symlink: /home/jeongmyung/slam-tutorial_ws/src/slam-tutorial/install/slam-tutorial/share/slam-tutorial/local_setup.zsh
[26.498s] -- Up-to-date symlink: /home/jeongmyung/slam-tutorial_ws/src/slam-tutorial/install/slam-tutorial/share/slam-tutorial/local_setup.dsv
[26.499s] -- Symlinking: /home/jeongmyung/slam-tutorial_ws/src/slam-tutorial/install/slam-tutorial/share/slam-tutorial/package.dsv
[26.515s] -- Up-to-date symlink: /home/jeongmyung/slam-tutorial_ws/src/slam-tutorial/install/slam-tutorial/share/ament_index/resource_index/packages/slam-tutorial
[26.516s] -- Up-to-date symlink: /home/jeongmyung/slam-tutorial_ws/src/slam-tutorial/install/slam-tutorial/share/slam-tutorial/cmake/slam-tutorialConfig.cmake
[26.517s] -- Up-to-date symlink: /home/jeongmyung/slam-tutorial_ws/src/slam-tutorial/install/slam-tutorial/share/slam-tutorial/cmake/slam-tutorialConfig-version.cmake
[26.517s] -- Up-to-date symlink: /home/jeongmyung/slam-tutorial_ws/src/slam-tutorial/install/slam-tutorial/share/slam-tutorial/package.xml
[26.518s] -- Up-to-date symlink: /home/jeongmyung/slam-tutorial_ws/src/slam-tutorial/install/slam-tutorial/share/slam-tutorial//launch/main_node.launch.py
[26.524s] Invoked command in '/home/jeongmyung/slam-tutorial_ws/src/slam-tutorial/build/slam-tutorial' returned '0': CMAKE_PREFIX_PATH=${CMAKE_PREFIX_PATH}:/opt/ros/foxy /usr/bin/cmake --install /home/jeongmyung/slam-tutorial_ws/src/slam-tutorial/build/slam-tutorial
