[0.028s] Invoking command in '/home/jeongmyung/slam-tutorial_ws/src/slam-tutorial/build/slam-tutorial': CMAKE_PREFIX_PATH=${CMAKE_PREFIX_PATH}:/opt/ros/foxy /usr/bin/cmake --build /home/jeongmyung/slam-tutorial_ws/src/slam-tutorial/build/slam-tutorial -- -j12 -l12
[0.073s] [35m[1mScanning dependencies of target main_node[0m
[0.103s] [ 50%] Built target lidar_subscriber_node
[0.115s] [ 75%] [32mBuilding CXX object CMakeFiles/main_node.dir/executables/main.cpp.o[0m
[1.916s] In file included from [01m[K/home/jeongmyung/slam-tutorial_ws/src/slam-tutorial/executables/main.cpp:8[m[K:
[1.916s] [01m[K/opt/ros/foxy/include/image_transport/image_transport.h:41:89:[m[K [01;36m[Knote: [m[K#pragma message: Warning: This header is deprecated. Use 'image_transport.hpp' instead
[1.916s]    41 | #pragma message ("Warning: This header is deprecated. Use 'image_transport.hpp' instead"[01;36m[K)[m[K
[1.916s]       |                                                                                         [01;36m[K^[m[K
[2.367s] [01m[K/home/jeongmyung/slam-tutorial_ws/src/slam-tutorial/executables/main.cpp:[m[K In member function ‘[01m[Kvoid ImageSubscriberNode::topic_callback(const ConstSharedPtr&, const ConstSharedPtr&) const[m[K’:
[2.367s] [01m[K/home/jeongmyung/slam-tutorial_ws/src/slam-tutorial/executables/main.cpp:40:105:[m[K [01;31m[Kerror: [m[K‘[01m[KCV_INTER_LINEAR[m[K’ is not a member of ‘[01m[Kcv[m[K’; did you mean ‘[01m[KINTER_LINEAR[m[K’?
[2.367s]    40 |     cv::resize(frame_left, frame_left, cv::Size(frame_left.cols*0.75, frame_left.rows*0.75),  0, 0, cv::[01;31m[KCV_INTER_LINEAR[m[K);
[2.367s]       |                                                                                                         [01;31m[K^~~~~~~~~~~~~~~[m[K
[2.367s]       |                                                                                                         [32m[KINTER_LINEAR[m[K
[2.367s] [01m[K/home/jeongmyung/slam-tutorial_ws/src/slam-tutorial/executables/main.cpp:41:108:[m[K [01;31m[Kerror: [m[K‘[01m[KCV_INTER_LINEAR[m[K’ is not a member of ‘[01m[Kcv[m[K’; did you mean ‘[01m[KINTER_LINEAR[m[K’?
[2.367s]    41 |     cv::resize(frame_right, frame_right, cv::Size(frame_right.cols*0.75, frame_right.rows*0.75), 0, 0, cv::[01;31m[KCV_INTER_LINEAR[m[K);
[2.367s]       |                                                                                                            [01;31m[K^~~~~~~~~~~~~~~[m[K
[2.367s]       |                                                                                                            [32m[KINTER_LINEAR[m[K
[5.547s] make[2]: *** [CMakeFiles/main_node.dir/build.make:63: CMakeFiles/main_node.dir/executables/main.cpp.o] Error 1
[5.547s] make[1]: *** [CMakeFiles/Makefile2:107: CMakeFiles/main_node.dir/all] Error 2
[5.548s] make: *** [Makefile:141: all] Error 2
[5.552s] Invoked command in '/home/jeongmyung/slam-tutorial_ws/src/slam-tutorial/build/slam-tutorial' returned '2': CMAKE_PREFIX_PATH=${CMAKE_PREFIX_PATH}:/opt/ros/foxy /usr/bin/cmake --build /home/jeongmyung/slam-tutorial_ws/src/slam-tutorial/build/slam-tutorial -- -j12 -l12
