[0.022s] Invoking command in '/home/jeongmyung/slam-tutorial_ws/src/slam-tutorial/build/slam-tutorial': CMAKE_PREFIX_PATH=${CMAKE_PREFIX_PATH}:/opt/ros/foxy /usr/bin/cmake --build /home/jeongmyung/slam-tutorial_ws/src/slam-tutorial/build/slam-tutorial -- -j12 -l12
[0.073s] [ 50%] Built target stereo_calibration
[0.088s] [35m[1mScanning dependencies of target main_node[0m
[0.138s] [ 75%] [32mBuilding CXX object CMakeFiles/main_node.dir/executables/main.cpp.o[0m
[3.638s] [01m[K/home/jeongmyung/slam-tutorial_ws/src/slam-tutorial/executables/main.cpp:[m[K In member function ‘[01m[Kstd::vector<Eigen::Matrix<double, 3, 1> > SLAM_Context::get_registered_map() const[m[K’:
[3.638s] [01m[K/home/jeongmyung/slam-tutorial_ws/src/slam-tutorial/executables/main.cpp:81:26:[m[K [01;35m[Kwarning: [m[Kstructured bindings only available with ‘[01m[K-std=c++17[m[K’ or ‘[01m[K-std=gnu++17[m[K’
[3.638s]    81 |         for (const auto &[01;35m[K[[m[Kvoxel, voxel_block] : map_) {
[3.638s]       |                          [01;35m[K^[m[K
[3.683s] [01m[K/home/jeongmyung/slam-tutorial_ws/src/slam-tutorial/executables/main.cpp:[m[K In function ‘[01m[Kstd::tuple<std::vector<Eigen::Matrix<double, 3, 1, 0, 3, 1>, std::allocator<Eigen::Matrix<double, 3, 1, 0, 3, 1> > >, std::vector<Eigen::Matrix<double, 3, 1, 0, 3, 1>, std::allocator<Eigen::Matrix<double, 3, 1, 0, 3, 1> > > > get_correspondence(const std::vector<Eigen::Matrix<double, 3, 1> >&, const tsl::robin_map<Eigen::Matrix<int, 3, 1>, VoxelBlock, VoxelHash>&, double)[m[K’:
[3.683s] [01m[K/home/jeongmyung/slam-tutorial_ws/src/slam-tutorial/executables/main.cpp:177:16:[m[K [01;35m[Kwarning: [m[Kstructured bindings only available with ‘[01m[K-std=c++17[m[K’ or ‘[01m[K-std=gnu++17[m[K’
[3.683s]   177 |     const auto [01;35m[K[[m[Ksource, target] = tbb::parallel_reduce(
[3.683s]       |                [01;35m[K^[m[K
[3.683s] [01m[K/home/jeongmyung/slam-tutorial_ws/src/slam-tutorial/executables/main.cpp:[m[K In lambda function:
[3.683s] [01m[K/home/jeongmyung/slam-tutorial_ws/src/slam-tutorial/executables/main.cpp:185:19:[m[K [01;35m[Kwarning: [m[Kstructured bindings only available with ‘[01m[K-std=c++17[m[K’ or ‘[01m[K-std=gnu++17[m[K’
[3.683s]   185 |             auto &[01;35m[K[[m[Ksrc, tgt] = res;
[3.683s]       |                   [01;35m[K^[m[K
[3.696s] [01m[K/home/jeongmyung/slam-tutorial_ws/src/slam-tutorial/executables/main.cpp:[m[K In lambda function:
[3.696s] [01m[K/home/jeongmyung/slam-tutorial_ws/src/slam-tutorial/executables/main.cpp:199:19:[m[K [01;35m[Kwarning: [m[Kstructured bindings only available with ‘[01m[K-std=c++17[m[K’ or ‘[01m[K-std=gnu++17[m[K’
[3.696s]   199 |             auto &[01;35m[K[[m[Ksrc, tgt] = a;
[3.696s]       |                   [01;35m[K^[m[K
[3.696s] [01m[K/home/jeongmyung/slam-tutorial_ws/src/slam-tutorial/executables/main.cpp:200:25:[m[K [01;35m[Kwarning: [m[Kstructured bindings only available with ‘[01m[K-std=c++17[m[K’ or ‘[01m[K-std=gnu++17[m[K’
[3.696s]   200 |             const auto &[01;35m[K[[m[Ksrcp, tgtp] = b;
[3.696s]       |                         [01;35m[K^[m[K
[3.758s] [01m[K/home/jeongmyung/slam-tutorial_ws/src/slam-tutorial/executables/main.cpp:[m[K In function ‘[01m[KSophus::SE3d AlignClouds(const std::vector<Eigen::Matrix<double, 3, 1> >&, const std::vector<Eigen::Matrix<double, 3, 1> >&, double)[m[K’:
[3.759s] [01m[K/home/jeongmyung/slam-tutorial_ws/src/slam-tutorial/executables/main.cpp:231:17:[m[K [01;35m[Kwarning: [m[Kstructured bindings only available with ‘[01m[K-std=c++17[m[K’ or ‘[01m[K-std=gnu++17[m[K’
[3.759s]   231 |     const auto &[01;35m[K[[m[KJTJ, JTr] = tbb::parallel_reduce(
[3.759s]       |                 [01;35m[K^[m[K
[3.760s] [01m[K/home/jeongmyung/slam-tutorial_ws/src/slam-tutorial/executables/main.cpp:[m[K In lambda function:
[3.760s] [01m[K/home/jeongmyung/slam-tutorial_ws/src/slam-tutorial/executables/main.cpp:239:19:[m[K [01;35m[Kwarning: [m[Kstructured bindings only available with ‘[01m[K-std=c++17[m[K’ or ‘[01m[K-std=gnu++17[m[K’
[3.760s]   239 |             auto &[01;35m[K[[m[KJTJ_private, JTr_private] = J;
[3.760s]       |                   [01;35m[K^[m[K
[3.760s] [01m[K/home/jeongmyung/slam-tutorial_ws/src/slam-tutorial/executables/main.cpp:241:29:[m[K [01;35m[Kwarning: [m[Kstructured bindings only available with ‘[01m[K-std=c++17[m[K’ or ‘[01m[K-std=gnu++17[m[K’
[3.760s]   241 |                 const auto &[01;35m[K[[m[KJ_r, residual] = compute_jacobian_and_residual(i);
[3.760s]       |                             [01;35m[K^[m[K
[3.914s] [01m[K/home/jeongmyung/slam-tutorial_ws/src/slam-tutorial/executables/main.cpp:[m[K In function ‘[01m[KSophus::SE3d register_frame_icp(const std::vector<Eigen::Matrix<double, 3, 1> >&, const tsl::robin_map<Eigen::Matrix<int, 3, 1>, VoxelBlock, VoxelHash>&, const SE3d&, double, double)[m[K’:
[3.914s] [01m[K/home/jeongmyung/slam-tutorial_ws/src/slam-tutorial/executables/main.cpp:270:21:[m[K [01;35m[Kwarning: [m[Kstructured bindings only available with ‘[01m[K-std=c++17[m[K’ or ‘[01m[K-std=gnu++17[m[K’
[3.914s]   270 |         const auto &[01;35m[K[[m[Ksrc, tgt] = get_correspondence(source, map, max_correspondence_distance);
[3.914s]       |                     [01;35m[K^[m[K
[3.965s] [01m[K/home/jeongmyung/slam-tutorial_ws/src/slam-tutorial/executables/main.cpp:[m[K In function ‘[01m[Kstd::vector<Eigen::Matrix<double, 3, 1> > voxelize_downsample(const std::vector<Eigen::Matrix<double, 3, 1> >&, double)[m[K’:
[3.965s] [01m[K/home/jeongmyung/slam-tutorial_ws/src/slam-tutorial/executables/main.cpp:319:22:[m[K [01;35m[Kwarning: [m[Kstructured bindings only available with ‘[01m[K-std=c++17[m[K’ or ‘[01m[K-std=gnu++17[m[K’
[3.965s]   319 |     for (const auto &[01;35m[K[[m[Kvoxel, point] : grid) {
[3.965s]       |                      [01;35m[K^[m[K
[3.970s] [01m[K/home/jeongmyung/slam-tutorial_ws/src/slam-tutorial/executables/main.cpp:[m[K In function ‘[01m[Kvoid RemovePointsFarFromLocation(const Vector3d&)[m[K’:
[3.970s] [01m[K/home/jeongmyung/slam-tutorial_ws/src/slam-tutorial/executables/main.cpp:352:22:[m[K [01;35m[Kwarning: [m[Kstructured bindings only available with ‘[01m[K-std=c++17[m[K’ or ‘[01m[K-std=gnu++17[m[K’
[3.970s]   352 |     for (const auto &[01;35m[K[[m[Kvoxel, voxel_block] : slam_ctx.map_) {
[3.970s]       |                      [01;35m[K^[m[K
[3.993s] [01m[K/home/jeongmyung/slam-tutorial_ws/src/slam-tutorial/executables/main.cpp:[m[K In member function ‘[01m[Kvoid Map::update_localmap(std::vector<Eigen::Matrix<double, 3, 1> >&, Eigen::Matrix4d)[m[K’:
[3.993s] [01m[K/home/jeongmyung/slam-tutorial_ws/src/slam-tutorial/executables/main.cpp:409:57:[m[K [01;35m[Kwarning: [m[Kunused parameter ‘[01m[Kcloud[m[K’ [[01;35m[K-Wunused-parameter[m[K]
[3.993s]   409 | void Map::update_localmap([01;35m[Kstd::vector<Eigen::Vector3d> &cloud[m[K , Eigen::Matrix4d new_pose){
[3.994s]       |                           [01;35m[K~~~~~~~~~~~~~~~~~~~~~~~~~~~~~~^~~~~[m[K
[3.994s] [01m[K/home/jeongmyung/slam-tutorial_ws/src/slam-tutorial/executables/main.cpp:409:81:[m[K [01;35m[Kwarning: [m[Kunused parameter ‘[01m[Knew_pose[m[K’ [[01;35m[K-Wunused-parameter[m[K]
[3.994s]   409 | void Map::update_localmap(std::vector<Eigen::Vector3d> &cloud , [01;35m[KEigen::Matrix4d new_pose[m[K){
[3.994s]       |                                                                 [01;35m[K~~~~~~~~~~~~~~~~^~~~~~~~[m[K
[22.269s] [100%] [32m[1mLinking CXX executable main_node[0m
[24.567s] [100%] Built target main_node
[24.580s] Invoked command in '/home/jeongmyung/slam-tutorial_ws/src/slam-tutorial/build/slam-tutorial' returned '0': CMAKE_PREFIX_PATH=${CMAKE_PREFIX_PATH}:/opt/ros/foxy /usr/bin/cmake --build /home/jeongmyung/slam-tutorial_ws/src/slam-tutorial/build/slam-tutorial -- -j12 -l12
[24.614s] Invoking command in '/home/jeongmyung/slam-tutorial_ws/src/slam-tutorial/build/slam-tutorial': CMAKE_PREFIX_PATH=${CMAKE_PREFIX_PATH}:/opt/ros/foxy /usr/bin/cmake --install /home/jeongmyung/slam-tutorial_ws/src/slam-tutorial/build/slam-tutorial
[24.621s] -- Install configuration: ""
[24.622s] -- Execute custom install script
[24.622s] -- Up-to-date symlink: /home/jeongmyung/slam-tutorial_ws/src/slam-tutorial/install/slam-tutorial/lib/slam-tutorial/main_node
[24.622s] -- Up-to-date symlink: /home/jeongmyung/slam-tutorial_ws/src/slam-tutorial/install/slam-tutorial/share/ament_index/resource_index/package_run_dependencies/slam-tutorial
[24.623s] -- Up-to-date symlink: /home/jeongmyung/slam-tutorial_ws/src/slam-tutorial/install/slam-tutorial/share/ament_index/resource_index/parent_prefix_path/slam-tutorial
[24.623s] -- Up-to-date symlink: /home/jeongmyung/slam-tutorial_ws/src/slam-tutorial/install/slam-tutorial/share/slam-tutorial/environment/ament_prefix_path.sh
[24.623s] -- Up-to-date symlink: /home/jeongmyung/slam-tutorial_ws/src/slam-tutorial/install/slam-tutorial/share/slam-tutorial/environment/ament_prefix_path.dsv
[24.624s] -- Up-to-date symlink: /home/jeongmyung/slam-tutorial_ws/src/slam-tutorial/install/slam-tutorial/share/slam-tutorial/environment/path.sh
[24.624s] -- Up-to-date symlink: /home/jeongmyung/slam-tutorial_ws/src/slam-tutorial/install/slam-tutorial/share/slam-tutorial/environment/path.dsv
[24.624s] -- Up-to-date symlink: /home/jeongmyung/slam-tutorial_ws/src/slam-tutorial/install/slam-tutorial/share/slam-tutorial/local_setup.bash
[24.625s] -- Up-to-date symlink: /home/jeongmyung/slam-tutorial_ws/src/slam-tutorial/install/slam-tutorial/share/slam-tutorial/local_setup.sh
[24.625s] -- Up-to-date symlink: /home/jeongmyung/slam-tutorial_ws/src/slam-tutorial/install/slam-tutorial/share/slam-tutorial/local_setup.zsh
[24.625s] -- Up-to-date symlink: /home/jeongmyung/slam-tutorial_ws/src/slam-tutorial/install/slam-tutorial/share/slam-tutorial/local_setup.dsv
[24.626s] -- Symlinking: /home/jeongmyung/slam-tutorial_ws/src/slam-tutorial/install/slam-tutorial/share/slam-tutorial/package.dsv
[24.635s] -- Up-to-date symlink: /home/jeongmyung/slam-tutorial_ws/src/slam-tutorial/install/slam-tutorial/share/ament_index/resource_index/packages/slam-tutorial
[24.635s] -- Up-to-date symlink: /home/jeongmyung/slam-tutorial_ws/src/slam-tutorial/install/slam-tutorial/share/slam-tutorial/cmake/slam-tutorialConfig.cmake
[24.635s] -- Up-to-date symlink: /home/jeongmyung/slam-tutorial_ws/src/slam-tutorial/install/slam-tutorial/share/slam-tutorial/cmake/slam-tutorialConfig-version.cmake
[24.636s] -- Up-to-date symlink: /home/jeongmyung/slam-tutorial_ws/src/slam-tutorial/install/slam-tutorial/share/slam-tutorial/package.xml
[24.636s] -- Up-to-date symlink: /home/jeongmyung/slam-tutorial_ws/src/slam-tutorial/install/slam-tutorial/share/slam-tutorial//launch/main_node.launch.py
[24.641s] Invoked command in '/home/jeongmyung/slam-tutorial_ws/src/slam-tutorial/build/slam-tutorial' returned '0': CMAKE_PREFIX_PATH=${CMAKE_PREFIX_PATH}:/opt/ros/foxy /usr/bin/cmake --install /home/jeongmyung/slam-tutorial_ws/src/slam-tutorial/build/slam-tutorial
