[0.026s] Invoking command in '/home/jeongmyung/slam-tutorial_ws/src/slam-tutorial/build/slam-tutorial': CMAKE_PREFIX_PATH=${CMAKE_PREFIX_PATH}:/opt/ros/foxy /usr/bin/cmake --build /home/jeongmyung/slam-tutorial_ws/src/slam-tutorial/build/slam-tutorial -- -j12 -l12
[0.071s] [35m[1mScanning dependencies of target lidar_subscriber_node[0m
[0.098s] [ 50%] Built target main_node
[0.106s] [ 75%] [32mBuilding CXX object CMakeFiles/lidar_subscriber_node.dir/executables/lidar_subscriber.cpp.o[0m
[6.649s] [01m[K/home/jeongmyung/slam-tutorial_ws/src/slam-tutorial/executables/lidar_subscriber.cpp:[m[K In function ‘[01m[Kvoid estimate_motion_svd(pcl::PointCloud<pcl::PointXYZ>::Ptr, pcl::PointCloud<pcl::PointXYZ>::Ptr)[m[K’:
[6.649s] [01m[K/home/jeongmyung/slam-tutorial_ws/src/slam-tutorial/executables/lidar_subscriber.cpp:27:68:[m[K [01;35m[Kwarning: [m[Kunused parameter ‘[01m[Kref_cloud[m[K’ [[01;35m[K-Wunused-parameter[m[K]
[6.649s]    27 | void estimate_motion_svd([01;35m[Kconst pcl::PointCloud<pcl::PointXYZ>::Ptr ref_cloud[m[K, const pcl::PointCloud<pcl::PointXYZ>::Ptr curr_cloud) {
[6.649s]       |                          [01;35m[K~~~~~~~~~~~~~~~~~~~~~~~~~~~~~~~~~~~~~~~~~~^~~~~~~~~[m[K
[6.649s] [01m[K/home/jeongmyung/slam-tutorial_ws/src/slam-tutorial/executables/lidar_subscriber.cpp:27:121:[m[K [01;35m[Kwarning: [m[Kunused parameter ‘[01m[Kcurr_cloud[m[K’ [[01;35m[K-Wunused-parameter[m[K]
[6.649s]    27 | void estimate_motion_svd(const pcl::PointCloud<pcl::PointXYZ>::Ptr ref_cloud, [01;35m[Kconst pcl::PointCloud<pcl::PointXYZ>::Ptr curr_cloud[m[K) {
[6.650s]       |                                                                               [01;35m[K~~~~~~~~~~~~~~~~~~~~~~~~~~~~~~~~~~~~~~~~~~^~~~~~~~~~[m[K
[6.676s] [01m[K/home/jeongmyung/slam-tutorial_ws/src/slam-tutorial/executables/lidar_subscriber.cpp:[m[K In function ‘[01m[Kvoid generate_2d_points()[m[K’:
[6.676s] [01m[K/home/jeongmyung/slam-tutorial_ws/src/slam-tutorial/executables/lidar_subscriber.cpp:86:12:[m[K [01;35m[Kwarning: [m[Kunused variable ‘[01m[Kpre_error[m[K’ [[01;35m[K-Wunused-variable[m[K]
[6.677s]    86 |     double [01;35m[Kpre_error[m[K = 1000000;
[6.677s]       |            [01;35m[K^~~~~~~~~[m[K
[6.677s] [01m[K/home/jeongmyung/slam-tutorial_ws/src/slam-tutorial/executables/lidar_subscriber.cpp:87:9:[m[K [01;35m[Kwarning: [m[Kunused variable ‘[01m[Kcount[m[K’ [[01;35m[K-Wunused-variable[m[K]
[6.677s]    87 |     int [01;35m[Kcount[m[K = 0;
[6.678s]       |         [01;35m[K^~~~~[m[K
[6.678s] [01m[K/home/jeongmyung/slam-tutorial_ws/src/slam-tutorial/executables/lidar_subscriber.cpp:[m[K In function ‘[01m[Kint main(int, char**)[m[K’:
[6.678s] [01m[K/home/jeongmyung/slam-tutorial_ws/src/slam-tutorial/executables/lidar_subscriber.cpp:100:14:[m[K [01;35m[Kwarning: [m[Kunused parameter ‘[01m[Kargc[m[K’ [[01;35m[K-Wunused-parameter[m[K]
[6.679s]   100 | int main([01;35m[Kint argc[m[K, char **argv) {
[6.679s]       |          [01;35m[K~~~~^~~~[m[K
[6.679s] [01m[K/home/jeongmyung/slam-tutorial_ws/src/slam-tutorial/executables/lidar_subscriber.cpp:100:27:[m[K [01;35m[Kwarning: [m[Kunused parameter ‘[01m[Kargv[m[K’ [[01;35m[K-Wunused-parameter[m[K]
[6.679s]   100 | int main(int argc, [01;35m[Kchar **argv[m[K) {
[6.679s]       |                    [01;35m[K~~~~~~~^~~~[m[K
[9.789s] [100%] [32m[1mLinking CXX executable lidar_subscriber_node[0m
[10.491s] [100%] Built target lidar_subscriber_node
[10.503s] Invoked command in '/home/jeongmyung/slam-tutorial_ws/src/slam-tutorial/build/slam-tutorial' returned '0': CMAKE_PREFIX_PATH=${CMAKE_PREFIX_PATH}:/opt/ros/foxy /usr/bin/cmake --build /home/jeongmyung/slam-tutorial_ws/src/slam-tutorial/build/slam-tutorial -- -j12 -l12
[10.541s] Invoking command in '/home/jeongmyung/slam-tutorial_ws/src/slam-tutorial/build/slam-tutorial': CMAKE_PREFIX_PATH=${CMAKE_PREFIX_PATH}:/opt/ros/foxy /usr/bin/cmake --install /home/jeongmyung/slam-tutorial_ws/src/slam-tutorial/build/slam-tutorial
[10.548s] -- Install configuration: ""
[10.549s] -- Execute custom install script
[10.549s] -- Up-to-date symlink: /home/jeongmyung/slam-tutorial_ws/src/slam-tutorial/install/slam-tutorial/lib/slam-tutorial/main_node
[10.550s] -- Symlinking: /home/jeongmyung/slam-tutorial_ws/src/slam-tutorial/install/slam-tutorial/lib/slam-tutorial/lidar_subscriber_node
[10.560s] -- Up-to-date symlink: /home/jeongmyung/slam-tutorial_ws/src/slam-tutorial/install/slam-tutorial/share/ament_index/resource_index/package_run_dependencies/slam-tutorial
[10.560s] -- Up-to-date symlink: /home/jeongmyung/slam-tutorial_ws/src/slam-tutorial/install/slam-tutorial/share/ament_index/resource_index/parent_prefix_path/slam-tutorial
[10.560s] -- Up-to-date symlink: /home/jeongmyung/slam-tutorial_ws/src/slam-tutorial/install/slam-tutorial/share/slam-tutorial/environment/ament_prefix_path.sh
[10.561s] -- Up-to-date symlink: /home/jeongmyung/slam-tutorial_ws/src/slam-tutorial/install/slam-tutorial/share/slam-tutorial/environment/ament_prefix_path.dsv
[10.561s] -- Up-to-date symlink: /home/jeongmyung/slam-tutorial_ws/src/slam-tutorial/install/slam-tutorial/share/slam-tutorial/environment/path.sh
[10.561s] -- Up-to-date symlink: /home/jeongmyung/slam-tutorial_ws/src/slam-tutorial/install/slam-tutorial/share/slam-tutorial/environment/path.dsv
[10.562s] -- Up-to-date symlink: /home/jeongmyung/slam-tutorial_ws/src/slam-tutorial/install/slam-tutorial/share/slam-tutorial/local_setup.bash
[10.562s] -- Up-to-date symlink: /home/jeongmyung/slam-tutorial_ws/src/slam-tutorial/install/slam-tutorial/share/slam-tutorial/local_setup.sh
[10.562s] -- Up-to-date symlink: /home/jeongmyung/slam-tutorial_ws/src/slam-tutorial/install/slam-tutorial/share/slam-tutorial/local_setup.zsh
[10.563s] -- Up-to-date symlink: /home/jeongmyung/slam-tutorial_ws/src/slam-tutorial/install/slam-tutorial/share/slam-tutorial/local_setup.dsv
[10.563s] -- Symlinking: /home/jeongmyung/slam-tutorial_ws/src/slam-tutorial/install/slam-tutorial/share/slam-tutorial/package.dsv
[10.572s] -- Up-to-date symlink: /home/jeongmyung/slam-tutorial_ws/src/slam-tutorial/install/slam-tutorial/share/ament_index/resource_index/packages/slam-tutorial
[10.573s] -- Up-to-date symlink: /home/jeongmyung/slam-tutorial_ws/src/slam-tutorial/install/slam-tutorial/share/slam-tutorial/cmake/slam-tutorialConfig.cmake
[10.573s] -- Up-to-date symlink: /home/jeongmyung/slam-tutorial_ws/src/slam-tutorial/install/slam-tutorial/share/slam-tutorial/cmake/slam-tutorialConfig-version.cmake
[10.573s] -- Up-to-date symlink: /home/jeongmyung/slam-tutorial_ws/src/slam-tutorial/install/slam-tutorial/share/slam-tutorial/package.xml
[10.573s] -- Up-to-date symlink: /home/jeongmyung/slam-tutorial_ws/src/slam-tutorial/install/slam-tutorial/share/slam-tutorial//launch/main_node.launch.py
[10.578s] Invoked command in '/home/jeongmyung/slam-tutorial_ws/src/slam-tutorial/build/slam-tutorial' returned '0': CMAKE_PREFIX_PATH=${CMAKE_PREFIX_PATH}:/opt/ros/foxy /usr/bin/cmake --install /home/jeongmyung/slam-tutorial_ws/src/slam-tutorial/build/slam-tutorial
