[0.428s] DEBUG:colcon:Command line arguments: ['/usr/bin/colcon', 'build', '--symlink-install']
[0.429s] DEBUG:colcon:Parsed command line arguments: Namespace(allow_overriding=[], ament_cmake_args=None, base_paths=['.'], build_base='build', catkin_cmake_args=None, catkin_skip_building_tests=False, cmake_args=None, cmake_clean_cache=False, cmake_clean_first=False, cmake_force_configure=False, cmake_target=None, cmake_target_skip_unavailable=False, continue_on_error=False, event_handlers=None, executor='parallel', ignore_user_meta=False, install_base='install', log_base=None, log_level=None, main=<bound method BuildVerb.main of <colcon_core.verb.build.BuildVerb object at 0x7f2ea3d597c0>>, merge_install=False, metas=['./colcon.meta'], packages_above=None, packages_above_and_dependencies=None, packages_above_depth=None, packages_end=None, packages_ignore=None, packages_ignore_regex=None, packages_select=None, packages_select_build_failed=False, packages_select_by_dep=None, packages_select_regex=None, packages_select_test_failures=False, packages_skip=None, packages_skip_build_finished=False, packages_skip_by_dep=None, packages_skip_regex=None, packages_skip_test_passed=False, packages_skip_up_to=None, packages_start=None, packages_up_to=None, packages_up_to_regex=None, parallel_workers=12, paths=None, symlink_install=True, test_result_base=None, verb_extension=<colcon_core.verb.build.BuildVerb object at 0x7f2ea3d597c0>, verb_name='build', verb_parser=<colcon_defaults.argument_parser.defaults.DefaultArgumentsDecorator object at 0x7f2ea3d59d30>)
[0.459s] Level 1:colcon.colcon_core.package_discovery:discover_packages(colcon_meta) check parameters
[0.459s] Level 1:colcon.colcon_core.package_discovery:discover_packages(recursive) check parameters
[0.459s] Level 1:colcon.colcon_core.package_discovery:discover_packages(ignore) check parameters
[0.459s] Level 1:colcon.colcon_core.package_discovery:discover_packages(path) check parameters
[0.459s] Level 1:colcon.colcon_core.package_discovery:discover_packages(colcon_meta) discover
[0.459s] Level 1:colcon.colcon_core.package_discovery:discover_packages(recursive) discover
[0.459s] INFO:colcon.colcon_core.package_discovery:Crawling recursively for packages in '/home/jeongmyung/slam-tutorial_ws/src/slam-tutorial'
[0.459s] Level 1:colcon.colcon_core.package_identification:_identify(.) by extensions ['ignore', 'ignore_ament_install']
[0.459s] Level 1:colcon.colcon_core.package_identification:_identify(.) by extension 'ignore'
[0.459s] Level 1:colcon.colcon_core.package_identification:_identify(.) by extension 'ignore_ament_install'
[0.459s] Level 1:colcon.colcon_core.package_identification:_identify(.) by extensions ['colcon_pkg']
[0.459s] Level 1:colcon.colcon_core.package_identification:_identify(.) by extension 'colcon_pkg'
[0.460s] Level 1:colcon.colcon_core.package_identification:_identify(.) by extensions ['colcon_meta']
[0.460s] Level 1:colcon.colcon_core.package_identification:_identify(.) by extension 'colcon_meta'
[0.460s] Level 1:colcon.colcon_core.package_identification:_identify(.) by extensions ['ros']
[0.460s] Level 1:colcon.colcon_core.package_identification:_identify(.) by extension 'ros'
[0.486s] DEBUG:colcon.colcon_core.package_identification:Package '.' with type 'ros.ament_cmake' and name 'slam-tutorial'
[0.487s] Level 1:colcon.colcon_core.package_discovery:discover_packages(recursive) using defaults
[0.487s] Level 1:colcon.colcon_core.package_discovery:discover_packages(ignore) discover
[0.487s] Level 1:colcon.colcon_core.package_discovery:discover_packages(ignore) using defaults
[0.487s] Level 1:colcon.colcon_core.package_discovery:discover_packages(path) discover
[0.487s] Level 1:colcon.colcon_core.package_discovery:discover_packages(path) using defaults
[0.509s] Level 1:colcon.colcon_core.package_discovery:discover_packages(prefix_path) check parameters
[0.509s] Level 1:colcon.colcon_core.package_discovery:discover_packages(prefix_path) discover
[0.511s] Level 1:colcon.colcon_core.package_discovery:discover_packages(prefix_path) using defaults
[0.513s] Level 5:colcon.colcon_core.verb:set package 'slam-tutorial' build argument 'cmake_args' from command line to 'None'
[0.513s] Level 5:colcon.colcon_core.verb:set package 'slam-tutorial' build argument 'cmake_target' from command line to 'None'
[0.513s] Level 5:colcon.colcon_core.verb:set package 'slam-tutorial' build argument 'cmake_target_skip_unavailable' from command line to 'False'
[0.513s] Level 5:colcon.colcon_core.verb:set package 'slam-tutorial' build argument 'cmake_clean_cache' from command line to 'False'
[0.513s] Level 5:colcon.colcon_core.verb:set package 'slam-tutorial' build argument 'cmake_clean_first' from command line to 'False'
[0.513s] Level 5:colcon.colcon_core.verb:set package 'slam-tutorial' build argument 'cmake_force_configure' from command line to 'False'
[0.513s] Level 5:colcon.colcon_core.verb:set package 'slam-tutorial' build argument 'ament_cmake_args' from command line to 'None'
[0.513s] Level 5:colcon.colcon_core.verb:set package 'slam-tutorial' build argument 'catkin_cmake_args' from command line to 'None'
[0.513s] Level 5:colcon.colcon_core.verb:set package 'slam-tutorial' build argument 'catkin_skip_building_tests' from command line to 'False'
[0.513s] DEBUG:colcon.colcon_core.verb:Building package 'slam-tutorial' with the following arguments: {'ament_cmake_args': None, 'build_base': '/home/jeongmyung/slam-tutorial_ws/src/slam-tutorial/build/slam-tutorial', 'catkin_cmake_args': None, 'catkin_skip_building_tests': False, 'cmake_args': None, 'cmake_clean_cache': False, 'cmake_clean_first': False, 'cmake_force_configure': False, 'cmake_target': None, 'cmake_target_skip_unavailable': False, 'install_base': '/home/jeongmyung/slam-tutorial_ws/src/slam-tutorial/install/slam-tutorial', 'merge_install': False, 'path': '/home/jeongmyung/slam-tutorial_ws/src/slam-tutorial', 'symlink_install': True, 'test_result_base': None}
[0.514s] INFO:colcon.colcon_core.executor:Executing jobs using 'parallel' executor
[0.519s] DEBUG:colcon.colcon_parallel_executor.executor.parallel:run_until_complete
[0.519s] INFO:colcon.colcon_ros.task.ament_cmake.build:Building ROS package in '/home/jeongmyung/slam-tutorial_ws/src/slam-tutorial' with build type 'ament_cmake'
[0.519s] INFO:colcon.colcon_cmake.task.cmake.build:Building CMake package in '/home/jeongmyung/slam-tutorial_ws/src/slam-tutorial'
[0.524s] INFO:colcon.colcon_core.plugin_system:Skipping extension 'colcon_core.shell.bat': Not used on non-Windows systems
[0.525s] INFO:colcon.colcon_core.shell:Skip shell extension 'powershell' for command environment: Not usable outside of PowerShell
[0.525s] DEBUG:colcon.colcon_core.shell:Skip shell extension 'dsv' for command environment
[0.539s] DEBUG:colcon.colcon_core.event_handler.log_command:Invoking command in '/home/jeongmyung/slam-tutorial_ws/src/slam-tutorial/build/slam-tutorial': /usr/bin/cmake --build /home/jeongmyung/slam-tutorial_ws/src/slam-tutorial/build/slam-tutorial -- -j12 -l12
[0.892s] DEBUG:colcon.colcon_core.event_handler.log_command:Invoked command in '/home/jeongmyung/slam-tutorial_ws/src/slam-tutorial/build/slam-tutorial' returned '2': /usr/bin/cmake --build /home/jeongmyung/slam-tutorial_ws/src/slam-tutorial/build/slam-tutorial -- -j12 -l12
[0.917s] Level 1:colcon.colcon_core.environment:create_environment_scripts_only(slam-tutorial)
[0.924s] Level 1:colcon.colcon_core.environment:checking '/home/jeongmyung/slam-tutorial_ws/src/slam-tutorial/install/slam-tutorial' for CMake module files
[0.925s] Level 1:colcon.colcon_core.environment:checking '/home/jeongmyung/slam-tutorial_ws/src/slam-tutorial/install/slam-tutorial' for CMake config files
[0.925s] Level 1:colcon.colcon_core.shell:create_environment_hook('slam-tutorial', 'cmake_prefix_path')
[0.927s] INFO:colcon.colcon_core.shell:Creating environment hook '/home/jeongmyung/slam-tutorial_ws/src/slam-tutorial/install/slam-tutorial/share/slam-tutorial/hook/cmake_prefix_path.ps1'
[0.928s] INFO:colcon.colcon_core.shell:Creating environment descriptor '/home/jeongmyung/slam-tutorial_ws/src/slam-tutorial/install/slam-tutorial/share/slam-tutorial/hook/cmake_prefix_path.dsv'
[0.928s] INFO:colcon.colcon_core.shell:Creating environment hook '/home/jeongmyung/slam-tutorial_ws/src/slam-tutorial/install/slam-tutorial/share/slam-tutorial/hook/cmake_prefix_path.sh'
[0.929s] Level 1:colcon.colcon_core.environment:checking '/home/jeongmyung/slam-tutorial_ws/src/slam-tutorial/install/slam-tutorial/lib'
[0.929s] Level 1:colcon.colcon_core.environment:checking '/home/jeongmyung/slam-tutorial_ws/src/slam-tutorial/install/slam-tutorial/bin'
[0.929s] Level 1:colcon.colcon_core.environment:checking '/home/jeongmyung/slam-tutorial_ws/src/slam-tutorial/install/slam-tutorial/lib/pkgconfig/slam-tutorial.pc'
[0.930s] Level 1:colcon.colcon_core.environment:checking '/home/jeongmyung/slam-tutorial_ws/src/slam-tutorial/install/slam-tutorial/lib/python3.8/site-packages'
[0.931s] Level 1:colcon.colcon_core.environment:checking '/home/jeongmyung/slam-tutorial_ws/src/slam-tutorial/install/slam-tutorial/bin'
[0.932s] INFO:colcon.colcon_core.shell:Creating package script '/home/jeongmyung/slam-tutorial_ws/src/slam-tutorial/install/slam-tutorial/share/slam-tutorial/package.ps1'
[0.933s] INFO:colcon.colcon_core.shell:Creating package descriptor '/home/jeongmyung/slam-tutorial_ws/src/slam-tutorial/install/slam-tutorial/share/slam-tutorial/package.dsv'
[0.934s] INFO:colcon.colcon_core.shell:Creating package script '/home/jeongmyung/slam-tutorial_ws/src/slam-tutorial/install/slam-tutorial/share/slam-tutorial/package.sh'
[0.935s] INFO:colcon.colcon_core.shell:Creating package script '/home/jeongmyung/slam-tutorial_ws/src/slam-tutorial/install/slam-tutorial/share/slam-tutorial/package.bash'
[0.936s] INFO:colcon.colcon_core.shell:Creating package script '/home/jeongmyung/slam-tutorial_ws/src/slam-tutorial/install/slam-tutorial/share/slam-tutorial/package.zsh'
[0.936s] Level 1:colcon.colcon_core.environment:create_file_with_runtime_dependencies(/home/jeongmyung/slam-tutorial_ws/src/slam-tutorial/install/slam-tutorial/share/colcon-core/packages/slam-tutorial)
[0.947s] DEBUG:colcon.colcon_parallel_executor.executor.parallel:closing loop
[0.948s] DEBUG:colcon.colcon_parallel_executor.executor.parallel:loop closed
[0.948s] DEBUG:colcon.colcon_parallel_executor.executor.parallel:run_until_complete finished with '2'
[0.948s] DEBUG:colcon.colcon_core.event_reactor:joining thread
[0.954s] INFO:colcon.colcon_core.plugin_system:Skipping extension 'colcon_notification.desktop_notification.terminal_notifier': Not used on non-Darwin systems
[0.954s] INFO:colcon.colcon_core.plugin_system:Skipping extension 'colcon_notification.desktop_notification.win32': Not used on non-Windows systems
[0.954s] INFO:colcon.colcon_notification.desktop_notification:Sending desktop notification using 'notify2'
[131.082s] DEBUG:colcon.colcon_notification.desktop_notification.notify2:Failed to initialize notify2: org.freedesktop.DBus.Error.Spawn.ExecFailed: /usr/bin/dbus-launch terminated abnormally with the following error: Autolaunch error: X11 initialization failed.

[131.082s] DEBUG:colcon.colcon_core.event_reactor:joined thread
[131.087s] INFO:colcon.colcon_core.shell:Creating prefix script '/home/jeongmyung/slam-tutorial_ws/src/slam-tutorial/install/local_setup.ps1'
[131.090s] INFO:colcon.colcon_core.shell:Creating prefix util module '/home/jeongmyung/slam-tutorial_ws/src/slam-tutorial/install/_local_setup_util_ps1.py'
[131.094s] INFO:colcon.colcon_core.shell:Creating prefix chain script '/home/jeongmyung/slam-tutorial_ws/src/slam-tutorial/install/setup.ps1'
[131.097s] INFO:colcon.colcon_core.shell:Creating prefix script '/home/jeongmyung/slam-tutorial_ws/src/slam-tutorial/install/local_setup.sh'
[131.098s] INFO:colcon.colcon_core.shell:Creating prefix util module '/home/jeongmyung/slam-tutorial_ws/src/slam-tutorial/install/_local_setup_util_sh.py'
[131.099s] INFO:colcon.colcon_core.shell:Creating prefix chain script '/home/jeongmyung/slam-tutorial_ws/src/slam-tutorial/install/setup.sh'
[131.100s] INFO:colcon.colcon_core.shell:Creating prefix script '/home/jeongmyung/slam-tutorial_ws/src/slam-tutorial/install/local_setup.bash'
[131.100s] INFO:colcon.colcon_core.shell:Creating prefix chain script '/home/jeongmyung/slam-tutorial_ws/src/slam-tutorial/install/setup.bash'
[131.101s] INFO:colcon.colcon_core.shell:Creating prefix script '/home/jeongmyung/slam-tutorial_ws/src/slam-tutorial/install/local_setup.zsh'
[131.102s] INFO:colcon.colcon_core.shell:Creating prefix chain script '/home/jeongmyung/slam-tutorial_ws/src/slam-tutorial/install/setup.zsh'
