[0.031s] Invoking command in '/home/jeongmyung/slam-tutorial_ws/src/slam-tutorial/build/slam-tutorial': CMAKE_PREFIX_PATH=${CMAKE_PREFIX_PATH}:/opt/ros/foxy /usr/bin/cmake --build /home/jeongmyung/slam-tutorial_ws/src/slam-tutorial/build/slam-tutorial -- -j12 -l12
[0.088s] [35m[1mScanning dependencies of target main_node[0m
[0.120s] [ 50%] Built target lidar_subscriber_node
[0.159s] [ 75%] [32mBuilding CXX object CMakeFiles/main_node.dir/executables/main.cpp.o[0m
[2.415s] In file included from [01m[K/home/jeongmyung/slam-tutorial_ws/src/slam-tutorial/executables/main.cpp:8[m[K:
[2.415s] [01m[K/opt/ros/foxy/include/image_transport/image_transport.h:41:89:[m[K [01;36m[Knote: [m[K#pragma message: Warning: This header is deprecated. Use 'image_transport.hpp' instead
[2.415s]    41 | #pragma message ("Warning: This header is deprecated. Use 'image_transport.hpp' instead"[01;36m[K)[m[K
[2.415s]       |                                                                                         [01;36m[K^[m[K
[9.688s] [100%] [32m[1mLinking CXX executable main_node[0m
[11.375s] [100%] Built target main_node
[11.391s] Invoked command in '/home/jeongmyung/slam-tutorial_ws/src/slam-tutorial/build/slam-tutorial' returned '0': CMAKE_PREFIX_PATH=${CMAKE_PREFIX_PATH}:/opt/ros/foxy /usr/bin/cmake --build /home/jeongmyung/slam-tutorial_ws/src/slam-tutorial/build/slam-tutorial -- -j12 -l12
[11.436s] Invoking command in '/home/jeongmyung/slam-tutorial_ws/src/slam-tutorial/build/slam-tutorial': CMAKE_PREFIX_PATH=${CMAKE_PREFIX_PATH}:/opt/ros/foxy /usr/bin/cmake --install /home/jeongmyung/slam-tutorial_ws/src/slam-tutorial/build/slam-tutorial
[11.445s] -- Install configuration: ""
[11.447s] -- Execute custom install script
[11.449s] -- Up-to-date symlink: /home/jeongmyung/slam-tutorial_ws/src/slam-tutorial/install/slam-tutorial/lib/slam-tutorial/main_node
[11.450s] -- Up-to-date symlink: /home/jeongmyung/slam-tutorial_ws/src/slam-tutorial/install/slam-tutorial/lib/slam-tutorial/lidar_subscriber_node
[11.453s] -- Up-to-date symlink: /home/jeongmyung/slam-tutorial_ws/src/slam-tutorial/install/slam-tutorial/share/ament_index/resource_index/package_run_dependencies/slam-tutorial
[11.454s] -- Up-to-date symlink: /home/jeongmyung/slam-tutorial_ws/src/slam-tutorial/install/slam-tutorial/share/ament_index/resource_index/parent_prefix_path/slam-tutorial
[11.455s] -- Up-to-date symlink: /home/jeongmyung/slam-tutorial_ws/src/slam-tutorial/install/slam-tutorial/share/slam-tutorial/environment/ament_prefix_path.sh
[11.456s] -- Up-to-date symlink: /home/jeongmyung/slam-tutorial_ws/src/slam-tutorial/install/slam-tutorial/share/slam-tutorial/environment/ament_prefix_path.dsv
[11.457s] -- Up-to-date symlink: /home/jeongmyung/slam-tutorial_ws/src/slam-tutorial/install/slam-tutorial/share/slam-tutorial/environment/path.sh
[11.458s] -- Up-to-date symlink: /home/jeongmyung/slam-tutorial_ws/src/slam-tutorial/install/slam-tutorial/share/slam-tutorial/environment/path.dsv
[11.459s] -- Up-to-date symlink: /home/jeongmyung/slam-tutorial_ws/src/slam-tutorial/install/slam-tutorial/share/slam-tutorial/local_setup.bash
[11.460s] -- Up-to-date symlink: /home/jeongmyung/slam-tutorial_ws/src/slam-tutorial/install/slam-tutorial/share/slam-tutorial/local_setup.sh
[11.461s] -- Up-to-date symlink: /home/jeongmyung/slam-tutorial_ws/src/slam-tutorial/install/slam-tutorial/share/slam-tutorial/local_setup.zsh
[11.462s] -- Up-to-date symlink: /home/jeongmyung/slam-tutorial_ws/src/slam-tutorial/install/slam-tutorial/share/slam-tutorial/local_setup.dsv
[11.463s] -- Symlinking: /home/jeongmyung/slam-tutorial_ws/src/slam-tutorial/install/slam-tutorial/share/slam-tutorial/package.dsv
[11.480s] -- Up-to-date symlink: /home/jeongmyung/slam-tutorial_ws/src/slam-tutorial/install/slam-tutorial/share/ament_index/resource_index/packages/slam-tutorial
[11.482s] -- Up-to-date symlink: /home/jeongmyung/slam-tutorial_ws/src/slam-tutorial/install/slam-tutorial/share/slam-tutorial/cmake/slam-tutorialConfig.cmake
[11.483s] -- Up-to-date symlink: /home/jeongmyung/slam-tutorial_ws/src/slam-tutorial/install/slam-tutorial/share/slam-tutorial/cmake/slam-tutorialConfig-version.cmake
[11.484s] -- Up-to-date symlink: /home/jeongmyung/slam-tutorial_ws/src/slam-tutorial/install/slam-tutorial/share/slam-tutorial/package.xml
[11.488s] -- Up-to-date symlink: /home/jeongmyung/slam-tutorial_ws/src/slam-tutorial/install/slam-tutorial/share/slam-tutorial//launch/main_node.launch.py
[11.492s] Invoked command in '/home/jeongmyung/slam-tutorial_ws/src/slam-tutorial/build/slam-tutorial' returned '0': CMAKE_PREFIX_PATH=${CMAKE_PREFIX_PATH}:/opt/ros/foxy /usr/bin/cmake --install /home/jeongmyung/slam-tutorial_ws/src/slam-tutorial/build/slam-tutorial
