[0.471s] DEBUG:colcon:Command line arguments: ['/usr/bin/colcon', 'build', '--symlink-install']
[0.471s] DEBUG:colcon:Parsed command line arguments: Namespace(allow_overriding=[], ament_cmake_args=None, base_paths=['.'], build_base='build', catkin_cmake_args=None, catkin_skip_building_tests=False, cmake_args=None, cmake_clean_cache=False, cmake_clean_first=False, cmake_force_configure=False, cmake_target=None, cmake_target_skip_unavailable=False, continue_on_error=False, event_handlers=None, executor='parallel', ignore_user_meta=False, install_base='install', log_base=None, log_level=None, main=<bound method BuildVerb.main of <colcon_core.verb.build.BuildVerb object at 0x7fad8b14c1c0>>, merge_install=False, metas=['./colcon.meta'], packages_above=None, packages_above_and_dependencies=None, packages_above_depth=None, packages_end=None, packages_ignore=None, packages_ignore_regex=None, packages_select=None, packages_select_build_failed=False, packages_select_by_dep=None, packages_select_regex=None, packages_select_test_failures=False, packages_skip=None, packages_skip_build_finished=False, packages_skip_by_dep=None, packages_skip_regex=None, packages_skip_test_passed=False, packages_skip_up_to=None, packages_start=None, packages_up_to=None, packages_up_to_regex=None, parallel_workers=12, paths=None, symlink_install=True, test_result_base=None, verb_extension=<colcon_core.verb.build.BuildVerb object at 0x7fad8b14c1c0>, verb_name='build', verb_parser=<colcon_defaults.argument_parser.defaults.DefaultArgumentsDecorator object at 0x7fad8b14c700>)
[0.503s] Level 1:colcon.colcon_core.package_discovery:discover_packages(colcon_meta) check parameters
[0.503s] Level 1:colcon.colcon_core.package_discovery:discover_packages(recursive) check parameters
[0.503s] Level 1:colcon.colcon_core.package_discovery:discover_packages(ignore) check parameters
[0.503s] Level 1:colcon.colcon_core.package_discovery:discover_packages(path) check parameters
[0.503s] Level 1:colcon.colcon_core.package_discovery:discover_packages(colcon_meta) discover
[0.503s] Level 1:colcon.colcon_core.package_discovery:discover_packages(recursive) discover
[0.504s] INFO:colcon.colcon_core.package_discovery:Crawling recursively for packages in '/home/jeongmyung/slam-tutorial_ws/src/slam-tutorial'
[0.504s] Level 1:colcon.colcon_core.package_identification:_identify(.) by extensions ['ignore', 'ignore_ament_install']
[0.504s] Level 1:colcon.colcon_core.package_identification:_identify(.) by extension 'ignore'
[0.504s] Level 1:colcon.colcon_core.package_identification:_identify(.) by extension 'ignore_ament_install'
[0.504s] Level 1:colcon.colcon_core.package_identification:_identify(.) by extensions ['colcon_pkg']
[0.504s] Level 1:colcon.colcon_core.package_identification:_identify(.) by extension 'colcon_pkg'
[0.504s] Level 1:colcon.colcon_core.package_identification:_identify(.) by extensions ['colcon_meta']
[0.504s] Level 1:colcon.colcon_core.package_identification:_identify(.) by extension 'colcon_meta'
[0.504s] Level 1:colcon.colcon_core.package_identification:_identify(.) by extensions ['ros']
[0.505s] Level 1:colcon.colcon_core.package_identification:_identify(.) by extension 'ros'
[0.543s] DEBUG:colcon.colcon_core.package_identification:Package '.' with type 'ros.ament_cmake' and name 'slam-tutorial'
[0.544s] Level 1:colcon.colcon_core.package_discovery:discover_packages(recursive) using defaults
[0.544s] Level 1:colcon.colcon_core.package_discovery:discover_packages(ignore) discover
[0.544s] Level 1:colcon.colcon_core.package_discovery:discover_packages(ignore) using defaults
[0.544s] Level 1:colcon.colcon_core.package_discovery:discover_packages(path) discover
[0.544s] Level 1:colcon.colcon_core.package_discovery:discover_packages(path) using defaults
[0.568s] Level 1:colcon.colcon_core.package_discovery:discover_packages(prefix_path) check parameters
[0.569s] Level 1:colcon.colcon_core.package_discovery:discover_packages(prefix_path) discover
[0.573s] DEBUG:colcon.colcon_installed_package_information.package_discovery:Found 1 installed packages in /home/jeongmyung/slam-tutorial_ws/install
[0.575s] DEBUG:colcon.colcon_installed_package_information.package_discovery:Found 312 installed packages in /opt/ros/foxy
[0.578s] Level 1:colcon.colcon_core.package_discovery:discover_packages(prefix_path) using defaults
[0.671s] Level 5:colcon.colcon_core.verb:set package 'slam-tutorial' build argument 'cmake_args' from command line to 'None'
[0.671s] Level 5:colcon.colcon_core.verb:set package 'slam-tutorial' build argument 'cmake_target' from command line to 'None'
[0.671s] Level 5:colcon.colcon_core.verb:set package 'slam-tutorial' build argument 'cmake_target_skip_unavailable' from command line to 'False'
[0.671s] Level 5:colcon.colcon_core.verb:set package 'slam-tutorial' build argument 'cmake_clean_cache' from command line to 'False'
[0.671s] Level 5:colcon.colcon_core.verb:set package 'slam-tutorial' build argument 'cmake_clean_first' from command line to 'False'
[0.671s] Level 5:colcon.colcon_core.verb:set package 'slam-tutorial' build argument 'cmake_force_configure' from command line to 'False'
[0.671s] Level 5:colcon.colcon_core.verb:set package 'slam-tutorial' build argument 'ament_cmake_args' from command line to 'None'
[0.671s] Level 5:colcon.colcon_core.verb:set package 'slam-tutorial' build argument 'catkin_cmake_args' from command line to 'None'
[0.671s] Level 5:colcon.colcon_core.verb:set package 'slam-tutorial' build argument 'catkin_skip_building_tests' from command line to 'False'
[0.671s] DEBUG:colcon.colcon_core.verb:Building package 'slam-tutorial' with the following arguments: {'ament_cmake_args': None, 'build_base': '/home/jeongmyung/slam-tutorial_ws/src/slam-tutorial/build/slam-tutorial', 'catkin_cmake_args': None, 'catkin_skip_building_tests': False, 'cmake_args': None, 'cmake_clean_cache': False, 'cmake_clean_first': False, 'cmake_force_configure': False, 'cmake_target': None, 'cmake_target_skip_unavailable': False, 'install_base': '/home/jeongmyung/slam-tutorial_ws/src/slam-tutorial/install/slam-tutorial', 'merge_install': False, 'path': '/home/jeongmyung/slam-tutorial_ws/src/slam-tutorial', 'symlink_install': True, 'test_result_base': None}
[0.672s] INFO:colcon.colcon_core.executor:Executing jobs using 'parallel' executor
[0.677s] DEBUG:colcon.colcon_parallel_executor.executor.parallel:run_until_complete
[0.678s] INFO:colcon.colcon_ros.task.ament_cmake.build:Building ROS package in '/home/jeongmyung/slam-tutorial_ws/src/slam-tutorial' with build type 'ament_cmake'
[0.678s] INFO:colcon.colcon_cmake.task.cmake.build:Building CMake package in '/home/jeongmyung/slam-tutorial_ws/src/slam-tutorial'
[0.683s] INFO:colcon.colcon_core.plugin_system:Skipping extension 'colcon_core.shell.bat': Not used on non-Windows systems
[0.683s] INFO:colcon.colcon_core.shell:Skip shell extension 'powershell' for command environment: Not usable outside of PowerShell
[0.684s] DEBUG:colcon.colcon_core.shell:Skip shell extension 'dsv' for command environment
[0.701s] DEBUG:colcon.colcon_core.event_handler.log_command:Invoking command in '/home/jeongmyung/slam-tutorial_ws/src/slam-tutorial/build/slam-tutorial': CMAKE_PREFIX_PATH=${CMAKE_PREFIX_PATH}:/opt/ros/foxy /usr/bin/cmake --build /home/jeongmyung/slam-tutorial_ws/src/slam-tutorial/build/slam-tutorial -- -j12 -l12
[10.907s] DEBUG:colcon.colcon_core.event_handler.log_command:Invoked command in '/home/jeongmyung/slam-tutorial_ws/src/slam-tutorial/build/slam-tutorial' returned '0': CMAKE_PREFIX_PATH=${CMAKE_PREFIX_PATH}:/opt/ros/foxy /usr/bin/cmake --build /home/jeongmyung/slam-tutorial_ws/src/slam-tutorial/build/slam-tutorial -- -j12 -l12
[10.952s] DEBUG:colcon.colcon_core.event_handler.log_command:Invoking command in '/home/jeongmyung/slam-tutorial_ws/src/slam-tutorial/build/slam-tutorial': CMAKE_PREFIX_PATH=${CMAKE_PREFIX_PATH}:/opt/ros/foxy /usr/bin/cmake --install /home/jeongmyung/slam-tutorial_ws/src/slam-tutorial/build/slam-tutorial
[10.978s] Level 1:colcon.colcon_core.environment:create_environment_scripts_only(slam-tutorial)
[10.980s] DEBUG:colcon.colcon_core.event_handler.log_command:Invoked command in '/home/jeongmyung/slam-tutorial_ws/src/slam-tutorial/build/slam-tutorial' returned '0': CMAKE_PREFIX_PATH=${CMAKE_PREFIX_PATH}:/opt/ros/foxy /usr/bin/cmake --install /home/jeongmyung/slam-tutorial_ws/src/slam-tutorial/build/slam-tutorial
[10.985s] Level 1:colcon.colcon_core.environment:checking '/home/jeongmyung/slam-tutorial_ws/src/slam-tutorial/install/slam-tutorial' for CMake module files
[10.985s] Level 1:colcon.colcon_core.environment:checking '/home/jeongmyung/slam-tutorial_ws/src/slam-tutorial/install/slam-tutorial' for CMake config files
[10.986s] Level 1:colcon.colcon_core.shell:create_environment_hook('slam-tutorial', 'cmake_prefix_path')
[10.987s] INFO:colcon.colcon_core.shell:Creating environment hook '/home/jeongmyung/slam-tutorial_ws/src/slam-tutorial/install/slam-tutorial/share/slam-tutorial/hook/cmake_prefix_path.ps1'
[10.988s] INFO:colcon.colcon_core.shell:Creating environment descriptor '/home/jeongmyung/slam-tutorial_ws/src/slam-tutorial/install/slam-tutorial/share/slam-tutorial/hook/cmake_prefix_path.dsv'
[10.989s] INFO:colcon.colcon_core.shell:Creating environment hook '/home/jeongmyung/slam-tutorial_ws/src/slam-tutorial/install/slam-tutorial/share/slam-tutorial/hook/cmake_prefix_path.sh'
[10.990s] Level 1:colcon.colcon_core.environment:checking '/home/jeongmyung/slam-tutorial_ws/src/slam-tutorial/install/slam-tutorial/lib'
[10.990s] Level 1:colcon.colcon_core.environment:checking '/home/jeongmyung/slam-tutorial_ws/src/slam-tutorial/install/slam-tutorial/bin'
[10.990s] Level 1:colcon.colcon_core.environment:checking '/home/jeongmyung/slam-tutorial_ws/src/slam-tutorial/install/slam-tutorial/lib/pkgconfig/slam-tutorial.pc'
[10.990s] Level 1:colcon.colcon_core.environment:checking '/home/jeongmyung/slam-tutorial_ws/src/slam-tutorial/install/slam-tutorial/lib/python3.8/site-packages'
[10.991s] Level 1:colcon.colcon_core.environment:checking '/home/jeongmyung/slam-tutorial_ws/src/slam-tutorial/install/slam-tutorial/bin'
[10.993s] INFO:colcon.colcon_core.shell:Creating package script '/home/jeongmyung/slam-tutorial_ws/src/slam-tutorial/install/slam-tutorial/share/slam-tutorial/package.ps1'
[10.994s] INFO:colcon.colcon_core.shell:Creating package descriptor '/home/jeongmyung/slam-tutorial_ws/src/slam-tutorial/install/slam-tutorial/share/slam-tutorial/package.dsv'
[10.995s] INFO:colcon.colcon_core.shell:Creating package script '/home/jeongmyung/slam-tutorial_ws/src/slam-tutorial/install/slam-tutorial/share/slam-tutorial/package.sh'
[10.996s] INFO:colcon.colcon_core.shell:Creating package script '/home/jeongmyung/slam-tutorial_ws/src/slam-tutorial/install/slam-tutorial/share/slam-tutorial/package.bash'
[10.997s] INFO:colcon.colcon_core.shell:Creating package script '/home/jeongmyung/slam-tutorial_ws/src/slam-tutorial/install/slam-tutorial/share/slam-tutorial/package.zsh'
[10.997s] Level 1:colcon.colcon_core.environment:create_file_with_runtime_dependencies(/home/jeongmyung/slam-tutorial_ws/src/slam-tutorial/install/slam-tutorial/share/colcon-core/packages/slam-tutorial)
[11.026s] Level 1:colcon.colcon_core.environment:create_environment_scripts_only(slam-tutorial)
[11.029s] Level 1:colcon.colcon_core.environment:checking '/home/jeongmyung/slam-tutorial_ws/src/slam-tutorial/install/slam-tutorial' for CMake module files
[11.030s] Level 1:colcon.colcon_core.environment:checking '/home/jeongmyung/slam-tutorial_ws/src/slam-tutorial/install/slam-tutorial' for CMake config files
[11.031s] Level 1:colcon.colcon_core.shell:create_environment_hook('slam-tutorial', 'cmake_prefix_path')
[11.032s] INFO:colcon.colcon_core.shell:Creating environment hook '/home/jeongmyung/slam-tutorial_ws/src/slam-tutorial/install/slam-tutorial/share/slam-tutorial/hook/cmake_prefix_path.ps1'
[11.033s] INFO:colcon.colcon_core.shell:Creating environment descriptor '/home/jeongmyung/slam-tutorial_ws/src/slam-tutorial/install/slam-tutorial/share/slam-tutorial/hook/cmake_prefix_path.dsv'
[11.033s] INFO:colcon.colcon_core.shell:Creating environment hook '/home/jeongmyung/slam-tutorial_ws/src/slam-tutorial/install/slam-tutorial/share/slam-tutorial/hook/cmake_prefix_path.sh'
[11.034s] Level 1:colcon.colcon_core.environment:checking '/home/jeongmyung/slam-tutorial_ws/src/slam-tutorial/install/slam-tutorial/lib'
[11.034s] Level 1:colcon.colcon_core.environment:checking '/home/jeongmyung/slam-tutorial_ws/src/slam-tutorial/install/slam-tutorial/bin'
[11.034s] Level 1:colcon.colcon_core.environment:checking '/home/jeongmyung/slam-tutorial_ws/src/slam-tutorial/install/slam-tutorial/lib/pkgconfig/slam-tutorial.pc'
[11.035s] Level 1:colcon.colcon_core.environment:checking '/home/jeongmyung/slam-tutorial_ws/src/slam-tutorial/install/slam-tutorial/lib/python3.8/site-packages'
[11.035s] Level 1:colcon.colcon_core.environment:checking '/home/jeongmyung/slam-tutorial_ws/src/slam-tutorial/install/slam-tutorial/bin'
[11.037s] INFO:colcon.colcon_core.shell:Creating package script '/home/jeongmyung/slam-tutorial_ws/src/slam-tutorial/install/slam-tutorial/share/slam-tutorial/package.ps1'
[11.037s] INFO:colcon.colcon_core.shell:Creating package descriptor '/home/jeongmyung/slam-tutorial_ws/src/slam-tutorial/install/slam-tutorial/share/slam-tutorial/package.dsv'
[11.038s] INFO:colcon.colcon_core.shell:Creating package script '/home/jeongmyung/slam-tutorial_ws/src/slam-tutorial/install/slam-tutorial/share/slam-tutorial/package.sh'
[11.038s] INFO:colcon.colcon_core.shell:Creating package script '/home/jeongmyung/slam-tutorial_ws/src/slam-tutorial/install/slam-tutorial/share/slam-tutorial/package.bash'
[11.039s] INFO:colcon.colcon_core.shell:Creating package script '/home/jeongmyung/slam-tutorial_ws/src/slam-tutorial/install/slam-tutorial/share/slam-tutorial/package.zsh'
[11.039s] Level 1:colcon.colcon_core.environment:create_file_with_runtime_dependencies(/home/jeongmyung/slam-tutorial_ws/src/slam-tutorial/install/slam-tutorial/share/colcon-core/packages/slam-tutorial)
[11.039s] DEBUG:colcon.colcon_parallel_executor.executor.parallel:closing loop
[11.040s] DEBUG:colcon.colcon_parallel_executor.executor.parallel:loop closed
[11.041s] DEBUG:colcon.colcon_parallel_executor.executor.parallel:run_until_complete finished with '0'
[11.041s] DEBUG:colcon.colcon_core.event_reactor:joining thread
[11.047s] INFO:colcon.colcon_core.plugin_system:Skipping extension 'colcon_notification.desktop_notification.terminal_notifier': Not used on non-Darwin systems
[11.047s] INFO:colcon.colcon_core.plugin_system:Skipping extension 'colcon_notification.desktop_notification.win32': Not used on non-Windows systems
[11.047s] INFO:colcon.colcon_notification.desktop_notification:Sending desktop notification using 'notify2'
[11.066s] DEBUG:colcon.colcon_notification.desktop_notification.notify2:Failed to initialize notify2: org.freedesktop.DBus.Error.ServiceUnknown: The name org.freedesktop.Notifications was not provided by any .service files
[11.067s] DEBUG:colcon.colcon_core.event_reactor:joined thread
[11.069s] INFO:colcon.colcon_core.shell:Creating prefix script '/home/jeongmyung/slam-tutorial_ws/src/slam-tutorial/install/local_setup.ps1'
[11.070s] INFO:colcon.colcon_core.shell:Creating prefix util module '/home/jeongmyung/slam-tutorial_ws/src/slam-tutorial/install/_local_setup_util_ps1.py'
[11.072s] INFO:colcon.colcon_core.shell:Creating prefix chain script '/home/jeongmyung/slam-tutorial_ws/src/slam-tutorial/install/setup.ps1'
[11.075s] INFO:colcon.colcon_core.shell:Creating prefix script '/home/jeongmyung/slam-tutorial_ws/src/slam-tutorial/install/local_setup.sh'
[11.075s] INFO:colcon.colcon_core.shell:Creating prefix util module '/home/jeongmyung/slam-tutorial_ws/src/slam-tutorial/install/_local_setup_util_sh.py'
[11.076s] INFO:colcon.colcon_core.shell:Creating prefix chain script '/home/jeongmyung/slam-tutorial_ws/src/slam-tutorial/install/setup.sh'
[11.079s] INFO:colcon.colcon_core.shell:Creating prefix script '/home/jeongmyung/slam-tutorial_ws/src/slam-tutorial/install/local_setup.bash'
[11.080s] INFO:colcon.colcon_core.shell:Creating prefix chain script '/home/jeongmyung/slam-tutorial_ws/src/slam-tutorial/install/setup.bash'
[11.082s] INFO:colcon.colcon_core.shell:Creating prefix script '/home/jeongmyung/slam-tutorial_ws/src/slam-tutorial/install/local_setup.zsh'
[11.083s] INFO:colcon.colcon_core.shell:Creating prefix chain script '/home/jeongmyung/slam-tutorial_ws/src/slam-tutorial/install/setup.zsh'
