[0.024s] Invoking command in '/home/jeongmyung/slam-tutorial_ws/src/slam-tutorial/build/slam-tutorial': CMAKE_PREFIX_PATH=${CMAKE_PREFIX_PATH}:/opt/ros/foxy /usr/bin/cmake --build /home/jeongmyung/slam-tutorial_ws/src/slam-tutorial/build/slam-tutorial -- -j12 -l12
[0.083s] [ 33%] Built target stereo_calibration
[0.098s] [35m[1mScanning dependencies of target main_lidar_node[0m
[0.125s] [ 66%] Built target main_node
[0.147s] [ 83%] [32mBuilding CXX object CMakeFiles/main_lidar_node.dir/executables/main_lidar.cpp.o[0m
[4.023s] [01m[K/home/jeongmyung/slam-tutorial_ws/src/slam-tutorial/executables/main_lidar.cpp:[m[K In member function ‘[01m[Kstd::vector<Eigen::Matrix<double, 3, 1> > SLAM_Context::get_registered_map() const[m[K’:
[4.023s] [01m[K/home/jeongmyung/slam-tutorial_ws/src/slam-tutorial/executables/main_lidar.cpp:77:26:[m[K [01;35m[Kwarning: [m[Kstructured bindings only available with ‘[01m[K-std=c++17[m[K’ or ‘[01m[K-std=gnu++17[m[K’
[4.023s]    77 |         for (const auto &[01;35m[K[[m[Kvoxel, voxel_block] : map_) {
[4.023s]       |                          [01;35m[K^[m[K
[4.070s] [01m[K/home/jeongmyung/slam-tutorial_ws/src/slam-tutorial/executables/main_lidar.cpp:[m[K In function ‘[01m[Kstd::tuple<std::vector<Eigen::Matrix<double, 3, 1, 0, 3, 1>, std::allocator<Eigen::Matrix<double, 3, 1, 0, 3, 1> > >, std::vector<Eigen::Matrix<double, 3, 1, 0, 3, 1>, std::allocator<Eigen::Matrix<double, 3, 1, 0, 3, 1> > > > get_correspondence(const std::vector<Eigen::Matrix<double, 3, 1> >&, const tsl::robin_map<Eigen::Matrix<int, 3, 1>, VoxelBlock, VoxelHash>&, double)[m[K’:
[4.070s] [01m[K/home/jeongmyung/slam-tutorial_ws/src/slam-tutorial/executables/main_lidar.cpp:173:16:[m[K [01;35m[Kwarning: [m[Kstructured bindings only available with ‘[01m[K-std=c++17[m[K’ or ‘[01m[K-std=gnu++17[m[K’
[4.070s]   173 |     const auto [01;35m[K[[m[Ksource, target] = tbb::parallel_reduce(
[4.071s]       |                [01;35m[K^[m[K
[4.071s] [01m[K/home/jeongmyung/slam-tutorial_ws/src/slam-tutorial/executables/main_lidar.cpp:[m[K In lambda function:
[4.071s] [01m[K/home/jeongmyung/slam-tutorial_ws/src/slam-tutorial/executables/main_lidar.cpp:181:19:[m[K [01;35m[Kwarning: [m[Kstructured bindings only available with ‘[01m[K-std=c++17[m[K’ or ‘[01m[K-std=gnu++17[m[K’
[4.071s]   181 |             auto &[01;35m[K[[m[Ksrc, tgt] = res;
[4.071s]       |                   [01;35m[K^[m[K
[4.085s] [01m[K/home/jeongmyung/slam-tutorial_ws/src/slam-tutorial/executables/main_lidar.cpp:[m[K In lambda function:
[4.085s] [01m[K/home/jeongmyung/slam-tutorial_ws/src/slam-tutorial/executables/main_lidar.cpp:195:19:[m[K [01;35m[Kwarning: [m[Kstructured bindings only available with ‘[01m[K-std=c++17[m[K’ or ‘[01m[K-std=gnu++17[m[K’
[4.085s]   195 |             auto &[01;35m[K[[m[Ksrc, tgt] = a;
[4.085s]       |                   [01;35m[K^[m[K
[4.086s] [01m[K/home/jeongmyung/slam-tutorial_ws/src/slam-tutorial/executables/main_lidar.cpp:196:25:[m[K [01;35m[Kwarning: [m[Kstructured bindings only available with ‘[01m[K-std=c++17[m[K’ or ‘[01m[K-std=gnu++17[m[K’
[4.086s]   196 |             const auto &[01;35m[K[[m[Ksrcp, tgtp] = b;
[4.086s]       |                         [01;35m[K^[m[K
[4.162s] [01m[K/home/jeongmyung/slam-tutorial_ws/src/slam-tutorial/executables/main_lidar.cpp:[m[K In function ‘[01m[KSophus::SE3d AlignClouds(const std::vector<Eigen::Matrix<double, 3, 1> >&, const std::vector<Eigen::Matrix<double, 3, 1> >&, double)[m[K’:
[4.162s] [01m[K/home/jeongmyung/slam-tutorial_ws/src/slam-tutorial/executables/main_lidar.cpp:227:17:[m[K [01;35m[Kwarning: [m[Kstructured bindings only available with ‘[01m[K-std=c++17[m[K’ or ‘[01m[K-std=gnu++17[m[K’
[4.162s]   227 |     const auto &[01;35m[K[[m[KJTJ, JTr] = tbb::parallel_reduce(
[4.163s]       |                 [01;35m[K^[m[K
[4.163s] [01m[K/home/jeongmyung/slam-tutorial_ws/src/slam-tutorial/executables/main_lidar.cpp:[m[K In lambda function:
[4.163s] [01m[K/home/jeongmyung/slam-tutorial_ws/src/slam-tutorial/executables/main_lidar.cpp:235:19:[m[K [01;35m[Kwarning: [m[Kstructured bindings only available with ‘[01m[K-std=c++17[m[K’ or ‘[01m[K-std=gnu++17[m[K’
[4.163s]   235 |             auto &[01;35m[K[[m[KJTJ_private, JTr_private] = J;
[4.164s]       |                   [01;35m[K^[m[K
[4.164s] [01m[K/home/jeongmyung/slam-tutorial_ws/src/slam-tutorial/executables/main_lidar.cpp:237:29:[m[K [01;35m[Kwarning: [m[Kstructured bindings only available with ‘[01m[K-std=c++17[m[K’ or ‘[01m[K-std=gnu++17[m[K’
[4.164s]   237 |                 const auto &[01;35m[K[[m[KJ_r, residual] = compute_jacobian_and_residual(i);
[4.164s]       |                             [01;35m[K^[m[K
[4.333s] [01m[K/home/jeongmyung/slam-tutorial_ws/src/slam-tutorial/executables/main_lidar.cpp:[m[K In function ‘[01m[KSophus::SE3d register_frame_icp(const std::vector<Eigen::Matrix<double, 3, 1> >&, const tsl::robin_map<Eigen::Matrix<int, 3, 1>, VoxelBlock, VoxelHash>&, const SE3d&, double, double)[m[K’:
[4.334s] [01m[K/home/jeongmyung/slam-tutorial_ws/src/slam-tutorial/executables/main_lidar.cpp:266:21:[m[K [01;35m[Kwarning: [m[Kstructured bindings only available with ‘[01m[K-std=c++17[m[K’ or ‘[01m[K-std=gnu++17[m[K’
[4.334s]   266 |         const auto &[01;35m[K[[m[Ksrc, tgt] = get_correspondence(source, map, max_correspondence_distance);
[4.334s]       |                     [01;35m[K^[m[K
[4.392s] [01m[K/home/jeongmyung/slam-tutorial_ws/src/slam-tutorial/executables/main_lidar.cpp:[m[K In function ‘[01m[Kstd::vector<Eigen::Matrix<double, 3, 1> > voxelize_downsample(const std::vector<Eigen::Matrix<double, 3, 1> >&, double)[m[K’:
[4.393s] [01m[K/home/jeongmyung/slam-tutorial_ws/src/slam-tutorial/executables/main_lidar.cpp:315:22:[m[K [01;35m[Kwarning: [m[Kstructured bindings only available with ‘[01m[K-std=c++17[m[K’ or ‘[01m[K-std=gnu++17[m[K’
[4.393s]   315 |     for (const auto &[01;35m[K[[m[Kvoxel, point] : grid) {
[4.393s]       |                      [01;35m[K^[m[K
[4.399s] [01m[K/home/jeongmyung/slam-tutorial_ws/src/slam-tutorial/executables/main_lidar.cpp:[m[K In function ‘[01m[Kvoid RemovePointsFarFromLocation(const Vector3d&)[m[K’:
[4.399s] [01m[K/home/jeongmyung/slam-tutorial_ws/src/slam-tutorial/executables/main_lidar.cpp:348:22:[m[K [01;35m[Kwarning: [m[Kstructured bindings only available with ‘[01m[K-std=c++17[m[K’ or ‘[01m[K-std=gnu++17[m[K’
[4.399s]   348 |     for (const auto &[01;35m[K[[m[Kvoxel, voxel_block] : slam_ctx.map_) {
[4.399s]       |                      [01;35m[K^[m[K
[4.400s] [01m[K/home/jeongmyung/slam-tutorial_ws/src/slam-tutorial/executables/main_lidar.cpp:[m[K In function ‘[01m[Kvoid update_map(std::vector<Eigen::Matrix<double, 3, 1> >, const SE3d&)[m[K’:
[4.400s] [01m[K/home/jeongmyung/slam-tutorial_ws/src/slam-tutorial/executables/main_lidar.cpp:361:28:[m[K [01;35m[Kwarning: [m[Kunused variable ‘[01m[Korigin[m[K’ [[01;35m[K-Wunused-variable[m[K]
[4.400s]   361 |     const Eigen::Vector3d &[01;35m[Korigin[m[K = pose.translation();
[4.400s]       |                            [01;35m[K^~~~~~[m[K
[4.444s] [01m[K/home/jeongmyung/slam-tutorial_ws/src/slam-tutorial/executables/main_lidar.cpp:[m[K At global scope:
[4.445s] [01m[K/home/jeongmyung/slam-tutorial_ws/src/slam-tutorial/executables/main_lidar.cpp:455:62:[m[K [01;31m[Kerror: [m[K‘[01m[KPointCloud2[m[K’ does not name a type
[4.445s]   455 | inline std::vector<Eigen::Vector3d> PointCloud2ToEigen(const [01;31m[KPointCloud2[m[K::ConstSharedPtr msg) {
[4.445s]       |                                                              [01;31m[K^~~~~~~~~~~[m[K
[4.445s] [01m[K/home/jeongmyung/slam-tutorial_ws/src/slam-tutorial/executables/main_lidar.cpp:455:90:[m[K [01;31m[Kerror: [m[Kexpected unqualified-id before ‘[01m[Kmsg[m[K’
[4.445s]   455 | inline std::vector<Eigen::Vector3d> PointCloud2ToEigen(const PointCloud2::ConstSharedPtr [01;31m[Kmsg[m[K) {
[4.445s]       |                                                                                          [01;31m[K^~~[m[K
[4.445s] [01m[K/home/jeongmyung/slam-tutorial_ws/src/slam-tutorial/executables/main_lidar.cpp:455:89:[m[K [01;31m[Kerror: [m[Kexpected ‘[01m[K)[m[K’ before ‘[01m[Kmsg[m[K’
[4.445s]   455 | inline std::vector<Eigen::Vector3d> PointCloud2ToEigen[34m[K([m[Kconst PointCloud2::ConstSharedPtr[01;31m[K [m[K[32m[Kmsg[m[K) {
[4.445s]       |                                                       [34m[K~[m[K                                 [01;31m[K^[m[K[32m[K~~~[m[K
[4.445s]       |                                                                                         [32m[K)[m[K
[4.445s] [01m[K/home/jeongmyung/slam-tutorial_ws/src/slam-tutorial/executables/main_lidar.cpp:455:90:[m[K [01;31m[Kerror: [m[Kexpected initializer before ‘[01m[Kmsg[m[K’
[4.445s]   455 | inline std::vector<Eigen::Vector3d> PointCloud2ToEigen(const PointCloud2::ConstSharedPtr [01;31m[Kmsg[m[K) {
[4.446s]       |                                                                                          [01;31m[K^~~[m[K
[4.515s] In file included from [01m[K/usr/include/c++/9/ext/alloc_traits.h:36[m[K,
[4.515s]                  from [01m[K/usr/include/c++/9/bits/stl_construct.h:61[m[K,
[4.515s]                  from [01m[K/usr/include/c++/9/memory:64[m[K,
[4.516s]                  from [01m[K/usr/local/include/fmt/format.h:41[m[K,
[4.516s]                  from [01m[K/home/jeongmyung/slam-tutorial_ws/src/slam-tutorial/executables/main_lidar.cpp:2[m[K:
[4.516s] /usr/include/c++/9/bits/alloc_traits.h: In instantiation of ‘[01m[Kstruct std::allocator_traits<std::allocator<const std::shared_ptr<const sensor_msgs::msg::PointCloud2_<std::allocator<void> > >&> >[m[K’:
[4.516s] [01m[K/opt/ros/foxy/include/rclcpp/message_memory_strategy.hpp:47:9:[m[K   required from ‘[01m[Kclass rclcpp::message_memory_strategy::MessageMemoryStrategy<const std::shared_ptr<const sensor_msgs::msg::PointCloud2_<std::allocator<void> > >&, std::allocator<void> >[m[K’
[4.516s] [01m[K/opt/ros/foxy/include/rclcpp/node_impl.hpp:91:1:[m[K   required by substitution of ‘[01m[Ktemplate<class MessageT, class CallbackT, class AllocatorT, class CallbackMessageT, class SubscriptionT, class MessageMemoryStrategyT> std::shared_ptr<SubscriptionT> rclcpp::Node::create_subscription(const string&, const rclcpp::QoS&, CallbackT&&, const rclcpp::SubscriptionOptionsWithAllocator<AllocatorT>&, typename MessageMemoryStrategyT::SharedPtr) [with MessageT = sensor_msgs::msg::PointCloud2_<std::allocator<void> >; CallbackT = std::_Bind<void (LidarSubscriberNode::*(LidarSubscriberNode*, std::_Placeholder<1>))(const std::shared_ptr<const sensor_msgs::msg::PointCloud2_<std::allocator<void> > >&)>; AllocatorT = std::allocator<void>; CallbackMessageT = const std::shared_ptr<const sensor_msgs::msg::PointCloud2_<std::allocator<void> > >&; SubscriptionT = rclcpp::Subscription<const std::shared_ptr<const sensor_msgs::msg::PointCloud2_<std::allocator<void> > >&, std::allocator<void>, rclcpp::message_memory_strategy::MessageMemoryStrategy<const std::shared_ptr<const sensor_msgs::msg::PointCloud2_<std::allocator<void> > >&, std::allocator<void> > >; MessageMemoryStrategyT = rclcpp::message_memory_strategy::MessageMemoryStrategy<const std::shared_ptr<const sensor_msgs::msg::PointCloud2_<std::allocator<void> > >&, std::allocator<void> >][m[K’
[4.516s] [01m[K/home/jeongmyung/slam-tutorial_ws/src/slam-tutorial/executables/main_lidar.cpp:476:90:[m[K   required from here
[4.516s] [01m[K/usr/include/c++/9/bits/alloc_traits.h:399:13:[m[K [01;31m[Kerror: [m[Kforming pointer to reference type ‘[01m[Kconst std::shared_ptr<const sensor_msgs::msg::PointCloud2_<std::allocator<void> > >&[m[K’
[4.517s]   399 |       using [01;31m[Kpointer[m[K = _Tp*;
[4.517s]       |             [01;31m[K^~~~~~~[m[K
[4.517s] [01m[K/usr/include/c++/9/bits/alloc_traits.h:402:13:[m[K [01;31m[Kerror: [m[Kforming pointer to reference type ‘[01m[Kconst std::shared_ptr<const sensor_msgs::msg::PointCloud2_<std::allocator<void> > >&[m[K’
[4.517s]   402 |       using [01;31m[Kconst_pointer[m[K = const _Tp*;
[4.517s]       |             [01;31m[K^~~~~~~~~~~~~[m[K
[4.519s] In file included from [01m[K/usr/include/c++/9/memory:80[m[K,
[4.519s]                  from [01m[K/usr/local/include/fmt/format.h:41[m[K,
[4.519s]                  from [01m[K/home/jeongmyung/slam-tutorial_ws/src/slam-tutorial/executables/main_lidar.cpp:2[m[K:
[4.519s] /usr/include/c++/9/bits/unique_ptr.h: In instantiation of ‘[01m[Kstruct std::default_delete<const std::shared_ptr<const sensor_msgs::msg::PointCloud2_<std::allocator<void> > >&>[m[K’:
[4.519s] [01m[K/opt/ros/foxy/include/rclcpp/message_memory_strategy.hpp:119:18:[m[K   required from ‘[01m[Kclass rclcpp::message_memory_strategy::MessageMemoryStrategy<const std::shared_ptr<const sensor_msgs::msg::PointCloud2_<std::allocator<void> > >&, std::allocator<void> >[m[K’
[4.519s] [01m[K/opt/ros/foxy/include/rclcpp/node_impl.hpp:91:1:[m[K   required by substitution of ‘[01m[Ktemplate<class MessageT, class CallbackT, class AllocatorT, class CallbackMessageT, class SubscriptionT, class MessageMemoryStrategyT> std::shared_ptr<SubscriptionT> rclcpp::Node::create_subscription(const string&, const rclcpp::QoS&, CallbackT&&, const rclcpp::SubscriptionOptionsWithAllocator<AllocatorT>&, typename MessageMemoryStrategyT::SharedPtr) [with MessageT = sensor_msgs::msg::PointCloud2_<std::allocator<void> >; CallbackT = std::_Bind<void (LidarSubscriberNode::*(LidarSubscriberNode*, std::_Placeholder<1>))(const std::shared_ptr<const sensor_msgs::msg::PointCloud2_<std::allocator<void> > >&)>; AllocatorT = std::allocator<void>; CallbackMessageT = const std::shared_ptr<const sensor_msgs::msg::PointCloud2_<std::allocator<void> > >&; SubscriptionT = rclcpp::Subscription<const std::shared_ptr<const sensor_msgs::msg::PointCloud2_<std::allocator<void> > >&, std::allocator<void>, rclcpp::message_memory_strategy::MessageMemoryStrategy<const std::shared_ptr<const sensor_msgs::msg::PointCloud2_<std::allocator<void> > >&, std::allocator<void> > >; MessageMemoryStrategyT = rclcpp::message_memory_strategy::MessageMemoryStrategy<const std::shared_ptr<const sensor_msgs::msg::PointCloud2_<std::allocator<void> > >&, std::allocator<void> >][m[K’
[4.519s] [01m[K/home/jeongmyung/slam-tutorial_ws/src/slam-tutorial/executables/main_lidar.cpp:476:90:[m[K   required from here
[4.520s] [01m[K/usr/include/c++/9/bits/unique_ptr.h:71:9:[m[K [01;31m[Kerror: [m[Kforming pointer to reference type ‘[01m[Kconst std::shared_ptr<const sensor_msgs::msg::PointCloud2_<std::allocator<void> > >&[m[K’
[4.520s]    71 |         [01;31m[Kdefault_delete[m[K(const default_delete<_Up>&) noexcept { }
[4.520s]       |         [01;31m[K^~~~~~~~~~~~~~[m[K
[4.520s] [01m[K/usr/include/c++/9/bits/unique_ptr.h:75:7:[m[K [01;31m[Kerror: [m[Kforming pointer to reference type ‘[01m[Kconst std::shared_ptr<const sensor_msgs::msg::PointCloud2_<std::allocator<void> > >&[m[K’
[4.520s]    75 |       [01;31m[Koperator[m[K()(_Tp* __ptr) const
[4.520s]       |       [01;31m[K^~~~~~~~[m[K
[4.533s] In file included from [01m[K/opt/ros/foxy/include/rclcpp/subscription_base.hpp:29[m[K,
[4.534s]                  from [01m[K/opt/ros/foxy/include/rclcpp/callback_group.hpp:26[m[K,
[4.534s]                  from [01m[K/opt/ros/foxy/include/rclcpp/any_executable.hpp:20[m[K,
[4.534s]                  from [01m[K/opt/ros/foxy/include/rclcpp/memory_strategy.hpp:24[m[K,
[4.534s]                  from [01m[K/opt/ros/foxy/include/rclcpp/memory_strategies.hpp:18[m[K,
[4.535s]                  from [01m[K/opt/ros/foxy/include/rclcpp/executor_options.hpp:20[m[K,
[4.535s]                  from [01m[K/opt/ros/foxy/include/rclcpp/executor.hpp:33[m[K,
[4.535s]                  from [01m[K/opt/ros/foxy/include/rclcpp/executors/multi_threaded_executor.hpp:26[m[K,
[4.535s]                  from [01m[K/opt/ros/foxy/include/rclcpp/executors.hpp:21[m[K,
[4.535s]                  from [01m[K/opt/ros/foxy/include/rclcpp/rclcpp.hpp:146[m[K,
[4.535s]                  from [01m[K/opt/ros/foxy/include/tf2_ros/transform_broadcaster.h:36[m[K,
[4.535s]                  from [01m[K/home/jeongmyung/slam-tutorial_ws/src/slam-tutorial/executables/main_lidar.cpp:5[m[K:
[4.535s] /opt/ros/foxy/include/rclcpp/any_subscription_callback.hpp: In instantiation of ‘[01m[Kclass rclcpp::AnySubscriptionCallback<const std::shared_ptr<const sensor_msgs::msg::PointCloud2_<std::allocator<void> > >&, std::allocator<void> >[m[K’:
[4.536s] [01m[K/opt/ros/foxy/include/rclcpp/subscription.hpp:347:57:[m[K   required from ‘[01m[Kclass rclcpp::Subscription<const std::shared_ptr<const sensor_msgs::msg::PointCloud2_<std::allocator<void> > >&, std::allocator<void>, rclcpp::message_memory_strategy::MessageMemoryStrategy<const std::shared_ptr<const sensor_msgs::msg::PointCloud2_<std::allocator<void> > >&, std::allocator<void> > >[m[K’
[4.536s] [01m[K/usr/include/c++/9/type_traits:1313:45:[m[K   required by substitution of ‘[01m[Ktemplate<class _From1, class _To1, class> static std::true_type std::__is_convertible_helper<rclcpp::Subscription<const std::shared_ptr<const sensor_msgs::msg::PointCloud2_<std::allocator<void> > >&, std::allocator<void>, rclcpp::message_memory_strategy::MessageMemoryStrategy<const std::shared_ptr<const sensor_msgs::msg::PointCloud2_<std::allocator<void> > >&, std::allocator<void> > >*, rclcpp::Subscription<sensor_msgs::msg::PointCloud2_<std::allocator<void> > >*, false>::__test<_From1, _To1, <template-parameter-1-3> >(int) [with _From1 = rclcpp::Subscription<const std::shared_ptr<const sensor_msgs::msg::PointCloud2_<std::allocator<void> > >&, std::allocator<void>, rclcpp::message_memory_strategy::MessageMemoryStrategy<const std::shared_ptr<const sensor_msgs::msg::PointCloud2_<std::allocator<void> > >&, std::allocator<void> > >*; _To1 = rclcpp::Subscription<sensor_msgs::msg::PointCloud2_<std::allocator<void> > >*; <template-parameter-1-3> = <missing>][m[K’
[4.536s] [01m[K/usr/include/c++/9/type_traits:1322:42:[m[K   required from ‘[01m[Kstruct std::__is_convertible_helper<rclcpp::Subscription<const std::shared_ptr<const sensor_msgs::msg::PointCloud2_<std::allocator<void> > >&, std::allocator<void>, rclcpp::message_memory_strategy::MessageMemoryStrategy<const std::shared_ptr<const sensor_msgs::msg::PointCloud2_<std::allocator<void> > >&, std::allocator<void> > >*, rclcpp::Subscription<sensor_msgs::msg::PointCloud2_<std::allocator<void> > >*, false>[m[K’
[4.536s] [01m[K/usr/include/c++/9/type_traits:1328:12:[m[K   required from ‘[01m[Kstruct std::is_convertible<rclcpp::Subscription<const std::shared_ptr<const sensor_msgs::msg::PointCloud2_<std::allocator<void> > >&, std::allocator<void>, rclcpp::message_memory_strategy::MessageMemoryStrategy<const std::shared_ptr<const sensor_msgs::msg::PointCloud2_<std::allocator<void> > >&, std::allocator<void> > >*, rclcpp::Subscription<sensor_msgs::msg::PointCloud2_<std::allocator<void> > >*>[m[K’
[4.536s] [01m[K/usr/include/c++/9/bits/shared_ptr_base.h:927:12:[m[K   [ skipping 2 instantiation contexts, use -ftemplate-backtrace-limit=0 to disable ]
[4.536s] [01m[K/usr/include/c++/9/bits/shared_ptr_base.h:1099:8:[m[K   required by substitution of ‘[01m[Ktemplate<class _Tp, __gnu_cxx::_Lock_policy _Lp> template<class _Yp> using _Assignable = std::__shared_ptr<_Tp, _Lp>::_Compatible<_Yp, std::__shared_ptr<_Tp, _Lp>&> [with _Yp = rclcpp::Subscription<const std::shared_ptr<const sensor_msgs::msg::PointCloud2_<std::allocator<void> > >&, std::allocator<void>, rclcpp::message_memory_strategy::MessageMemoryStrategy<const std::shared_ptr<const sensor_msgs::msg::PointCloud2_<std::allocator<void> > >&, std::allocator<void> > >; _Tp = rclcpp::Subscription<sensor_msgs::msg::PointCloud2_<std::allocator<void> > >; __gnu_cxx::_Lock_policy _Lp = __gnu_cxx::_S_atomic][m[K’
[4.536s] [01m[K/usr/include/c++/9/bits/shared_ptr_base.h:1271:2:[m[K   required by substitution of ‘[01m[Ktemplate<class _Yp> std::__shared_ptr<rclcpp::Subscription<sensor_msgs::msg::PointCloud2_<std::allocator<void> > >, __gnu_cxx::_S_atomic>::_Assignable<_Yp> std::__shared_ptr<rclcpp::Subscription<sensor_msgs::msg::PointCloud2_<std::allocator<void> > >, __gnu_cxx::_S_atomic>::operator=<_Yp>(std::__shared_ptr<_Tp>&&) [with _Yp = rclcpp::Subscription<const std::shared_ptr<const sensor_msgs::msg::PointCloud2_<std::allocator<void> > >&, std::allocator<void>, rclcpp::message_memory_strategy::MessageMemoryStrategy<const std::shared_ptr<const sensor_msgs::msg::PointCloud2_<std::allocator<void> > >&, std::allocator<void> > >][m[K’
[4.536s] [01m[K/usr/include/c++/9/type_traits:1010:12:[m[K   required from ‘[01m[Kstruct std::is_assignable<std::__shared_ptr<rclcpp::Subscription<sensor_msgs::msg::PointCloud2_<std::allocator<void> > >, __gnu_cxx::_S_atomic>&, std::shared_ptr<rclcpp::Subscription<const std::shared_ptr<const sensor_msgs::msg::PointCloud2_<std::allocator<void> > >&, std::allocator<void>, rclcpp::message_memory_strategy::MessageMemoryStrategy<const std::shared_ptr<const sensor_msgs::msg::PointCloud2_<std::allocator<void> > >&, std::allocator<void> > > > >[m[K’
[4.536s] [01m[K/usr/include/c++/9/bits/shared_ptr.h:111:8:[m[K   required by substitution of ‘[01m[Ktemplate<class _Tp> template<class _Arg> using _Assignable = typename std::enable_if<std::is_assignable<std::__shared_ptr<_Tp>&, _Arg>::value, std::shared_ptr<_Tp>&>::type [with _Arg = std::shared_ptr<rclcpp::Subscription<const std::shared_ptr<const sensor_msgs::msg::PointCloud2_<std::allocator<void> > >&, std::allocator<void>, rclcpp::message_memory_strategy::MessageMemoryStrategy<const std::shared_ptr<const sensor_msgs::msg::PointCloud2_<std::allocator<void> > >&, std::allocator<void> > > >; _Tp = rclcpp::Subscription<sensor_msgs::msg::PointCloud2_<std::allocator<void> > >][m[K’
[4.536s] [01m[K/usr/include/c++/9/bits/shared_ptr.h:341:2:[m[K   required by substitution of ‘[01m[Ktemplate<class _Yp> std::shared_ptr<rclcpp::Subscription<sensor_msgs::msg::PointCloud2_<std::allocator<void> > > >::_Assignable<std::shared_ptr<_Tp> > std::shared_ptr<rclcpp::Subscription<sensor_msgs::msg::PointCloud2_<std::allocator<void> > > >::operator=<_Yp>(std::shared_ptr<_Tp>&&) [with _Yp = rclcpp::Subscription<const std::shared_ptr<const sensor_msgs::msg::PointCloud2_<std::allocator<void> > >&, std::allocator<void>, rclcpp::message_memory_strategy::MessageMemoryStrategy<const std::shared_ptr<const sensor_msgs::msg::PointCloud2_<std::allocator<void> > >&, std::allocator<void> > >][m[K’
[4.536s] [01m[K/home/jeongmyung/slam-tutorial_ws/src/slam-tutorial/executables/main_lidar.cpp:476:90:[m[K   required from here
[4.537s] [01m[K/opt/ros/foxy/include/rclcpp/any_subscription_callback.hpp:111:8:[m[K [01;31m[Kerror: [m[K‘[01m[Ktemplate<class CallbackT, typename std::enable_if<rclcpp::function_traits::same_arguments<CallbackT, std::function<void(std::shared_ptr<const std::shared_ptr<const sensor_msgs::msg::PointCloud2_<std::allocator<void> > >&>)> >::value, void>::type* <anonymous> > void rclcpp::AnySubscriptionCallback<MessageT, Alloc>::set(CallbackT) [with CallbackT = CallbackT; typename std::enable_if<rclcpp::function_traits::same_arguments<CallbackT, std::function<void(std::shared_ptr<const _Tp>)> >::value>::type* <anonymous> = <enumerator>; MessageT = const std::shared_ptr<const sensor_msgs::msg::PointCloud2_<std::allocator<void> > >&; Alloc = std::allocator<void>][m[K’ cannot be overloaded with ‘[01m[Ktemplate<class CallbackT, typename std::enable_if<rclcpp::function_traits::same_arguments<CallbackT, std::function<void(std::shared_ptr<const std::shared_ptr<const sensor_msgs::msg::PointCloud2_<std::allocator<void> > >&>)> >::value, void>::type* <anonymous> > void rclcpp::AnySubscriptionCallback<MessageT, Alloc>::set(CallbackT) [with CallbackT = CallbackT; typename std::enable_if<rclcpp::function_traits::same_arguments<CallbackT, std::function<void(std::shared_ptr<_Tp>)> >::value>::type* <anonymous> = <enumerator>; MessageT = const std::shared_ptr<const sensor_msgs::msg::PointCloud2_<std::allocator<void> > >&; Alloc = std::allocator<void>][m[K’
[4.537s]   111 |   void [01;31m[Kset[m[K(CallbackT callback)
[4.537s]       |        [01;31m[K^~~[m[K
[4.537s] [01m[K/opt/ros/foxy/include/rclcpp/any_subscription_callback.hpp:83:8:[m[K [01;36m[Knote: [m[Kprevious declaration ‘[01m[Ktemplate<class CallbackT, typename std::enable_if<rclcpp::function_traits::same_arguments<CallbackT, std::function<void(std::shared_ptr<const std::shared_ptr<const sensor_msgs::msg::PointCloud2_<std::allocator<void> > >&>)> >::value, void>::type* <anonymous> > void rclcpp::AnySubscriptionCallback<MessageT, Alloc>::set(CallbackT) [with CallbackT = CallbackT; typename std::enable_if<rclcpp::function_traits::same_arguments<CallbackT, std::function<void(std::shared_ptr<_Tp>)> >::value>::type* <anonymous> = <enumerator>; MessageT = const std::shared_ptr<const sensor_msgs::msg::PointCloud2_<std::allocator<void> > >&; Alloc = std::allocator<void>][m[K’
[4.537s]    83 |   void [01;36m[Kset[m[K(CallbackT callback)
[4.537s]       |        [01;36m[K^~~[m[K
[4.537s] [01m[K/opt/ros/foxy/include/rclcpp/any_subscription_callback.hpp:125:8:[m[K [01;31m[Kerror: [m[K‘[01m[Ktemplate<class CallbackT, typename std::enable_if<rclcpp::function_traits::same_arguments<CallbackT, std::function<void(std::shared_ptr<const std::shared_ptr<const sensor_msgs::msg::PointCloud2_<std::allocator<void> > >&>, const rclcpp::MessageInfo&)> >::value, void>::type* <anonymous> > void rclcpp::AnySubscriptionCallback<MessageT, Alloc>::set(CallbackT) [with CallbackT = CallbackT; typename std::enable_if<rclcpp::function_traits::same_arguments<CallbackT, std::function<void(std::shared_ptr<const _Tp>, const rclcpp::MessageInfo&)> >::value>::type* <anonymous> = <enumerator>; MessageT = const std::shared_ptr<const sensor_msgs::msg::PointCloud2_<std::allocator<void> > >&; Alloc = std::allocator<void>][m[K’ cannot be overloaded with ‘[01m[Ktemplate<class CallbackT, typename std::enable_if<rclcpp::function_traits::same_arguments<CallbackT, std::function<void(std::shared_ptr<const std::shared_ptr<const sensor_msgs::msg::PointCloud2_<std::allocator<void> > >&>, const rclcpp::MessageInfo&)> >::value, void>::type* <anonymous> > void rclcpp::AnySubscriptionCallback<MessageT, Alloc>::set(CallbackT) [with CallbackT = CallbackT; typename std::enable_if<rclcpp::function_traits::same_arguments<CallbackT, std::function<void(std::shared_ptr<_Tp>, const rclcpp::MessageInfo&)> >::value>::type* <anonymous> = <enumerator>; MessageT = const std::shared_ptr<const sensor_msgs::msg::PointCloud2_<std::allocator<void> > >&; Alloc = std::allocator<void>][m[K’
[4.537s]   125 |   void [01;31m[Kset[m[K(CallbackT callback)
[4.537s]       |        [01;31m[K^~~[m[K
[4.537s] [01m[K/opt/ros/foxy/include/rclcpp/any_subscription_callback.hpp:97:8:[m[K [01;36m[Knote: [m[Kprevious declaration ‘[01m[Ktemplate<class CallbackT, typename std::enable_if<rclcpp::function_traits::same_arguments<CallbackT, std::function<void(std::shared_ptr<const std::shared_ptr<const sensor_msgs::msg::PointCloud2_<std::allocator<void> > >&>, const rclcpp::MessageInfo&)> >::value, void>::type* <anonymous> > void rclcpp::AnySubscriptionCallback<MessageT, Alloc>::set(CallbackT) [with CallbackT = CallbackT; typename std::enable_if<rclcpp::function_traits::same_arguments<CallbackT, std::function<void(std::shared_ptr<_Tp>, const rclcpp::MessageInfo&)> >::value>::type* <anonymous> = <enumerator>; MessageT = const std::shared_ptr<const sensor_msgs::msg::PointCloud2_<std::allocator<void> > >&; Alloc = std::allocator<void>][m[K’
[4.537s]    97 |   void [01;36m[Kset[m[K(CallbackT callback)
[4.538s]       |        [01;36m[K^~~[m[K
[4.539s] [01m[K/home/jeongmyung/slam-tutorial_ws/src/slam-tutorial/executables/main_lidar.cpp:[m[K In constructor ‘[01m[KLidarSubscriberNode::LidarSubscriberNode()[m[K’:
[4.540s] [01m[K/home/jeongmyung/slam-tutorial_ws/src/slam-tutorial/executables/main_lidar.cpp:476:90:[m[K [01;31m[Kerror: [m[Kno match for ‘[01m[Koperator=[m[K’ (operand types are ‘[01m[Krclcpp::Subscription<sensor_msgs::msg::PointCloud2_<std::allocator<void> > >::SharedPtr[m[K’ {aka ‘[01m[Kstd::shared_ptr<rclcpp::Subscription<sensor_msgs::msg::PointCloud2_<std::allocator<void> > > >[m[K’} and ‘[01m[Kstd::shared_ptr<rclcpp::Subscription<const std::shared_ptr<const sensor_msgs::msg::PointCloud2_<std::allocator<void> > >&, std::allocator<void>, rclcpp::message_memory_strategy::MessageMemoryStrategy<const std::shared_ptr<const sensor_msgs::msg::PointCloud2_<std::allocator<void> > >&, std::allocator<void> > > >[m[K’)
[4.540s]   476 |              std::bind(&LidarSubscriberNode::lidar_callback, this, std::placeholders::_1)[01;31m[K)[m[K;
[4.540s]       |                                                                                          [01;31m[K^[m[K
[4.540s] In file included from [01m[K/usr/include/c++/9/memory:81[m[K,
[4.540s]                  from [01m[K/usr/local/include/fmt/format.h:41[m[K,
[4.540s]                  from [01m[K/home/jeongmyung/slam-tutorial_ws/src/slam-tutorial/executables/main_lidar.cpp:2[m[K:
[4.540s] [01m[K/usr/include/c++/9/bits/shared_ptr.h:309:19:[m[K [01;36m[Knote: [m[Kcandidate: ‘[01m[Kstd::shared_ptr<_Tp>& std::shared_ptr<_Tp>::operator=(const std::shared_ptr<_Tp>&) [with _Tp = rclcpp::Subscription<sensor_msgs::msg::PointCloud2_<std::allocator<void> > >][m[K’
[4.540s]   309 |       shared_ptr& [01;36m[Koperator[m[K=(const shared_ptr&) noexcept = default;
[4.540s]       |                   [01;36m[K^~~~~~~~[m[K
[4.541s] [01m[K/usr/include/c++/9/bits/shared_ptr.h:309:29:[m[K [01;36m[Knote: [m[K  no known conversion for argument 1 from ‘[01m[Kstd::shared_ptr<rclcpp::Subscription<const std::shared_ptr<const sensor_msgs::msg::PointCloud2_<std::allocator<void> > >&, std::allocator<void>, rclcpp::message_memory_strategy::MessageMemoryStrategy<const std::shared_ptr<const sensor_msgs::msg::PointCloud2_<std::allocator<void> > >&, std::allocator<void> > > >[m[K’ to ‘[01m[Kconst std::shared_ptr<rclcpp::Subscription<sensor_msgs::msg::PointCloud2_<std::allocator<void> > > >&[m[K’
[4.541s]   309 |       shared_ptr& operator=([01;36m[Kconst shared_ptr&[m[K) noexcept = default;
[4.541s]       |                             [01;36m[K^~~~~~~~~~~~~~~~~[m[K
[4.541s] [01m[K/usr/include/c++/9/bits/shared_ptr.h:313:2:[m[K [01;36m[Knote: [m[Kcandidate: ‘[01m[Ktemplate<class _Yp> std::shared_ptr<_Tp>::_Assignable<const std::shared_ptr<_Yp>&> std::shared_ptr<_Tp>::operator=(const std::shared_ptr<_Yp>&) [with _Yp = _Yp; _Tp = rclcpp::Subscription<sensor_msgs::msg::PointCloud2_<std::allocator<void> > >][m[K’
[4.541s]   313 |  [01;36m[Koperator[m[K=(const shared_ptr<_Yp>& __r) noexcept
[4.541s]       |  [01;36m[K^~~~~~~~[m[K
[4.541s] [01m[K/usr/include/c++/9/bits/shared_ptr.h:313:2:[m[K [01;36m[Knote: [m[K  template argument deduction/substitution failed:
[4.541s] /usr/include/c++/9/bits/shared_ptr.h: In substitution of ‘[01m[Ktemplate<class _Tp> template<class _Arg> using _Assignable = typename std::enable_if<std::is_assignable<std::__shared_ptr<_Tp>&, _Arg>::value, std::shared_ptr<_Tp>&>::type [with _Arg = const std::shared_ptr<rclcpp::Subscription<const std::shared_ptr<const sensor_msgs::msg::PointCloud2_<std::allocator<void> > >&, std::allocator<void>, rclcpp::message_memory_strategy::MessageMemoryStrategy<const std::shared_ptr<const sensor_msgs::msg::PointCloud2_<std::allocator<void> > >&, std::allocator<void> > > >&; _Tp = rclcpp::Subscription<sensor_msgs::msg::PointCloud2_<std::allocator<void> > >][m[K’:
[4.541s] [01m[K/usr/include/c++/9/bits/shared_ptr.h:313:2:[m[K   required by substitution of ‘[01m[Ktemplate<class _Yp> std::shared_ptr<rclcpp::Subscription<sensor_msgs::msg::PointCloud2_<std::allocator<void> > > >::_Assignable<const std::shared_ptr<_Tp>&> std::shared_ptr<rclcpp::Subscription<sensor_msgs::msg::PointCloud2_<std::allocator<void> > > >::operator=<_Yp>(const std::shared_ptr<_Tp>&) [with _Yp = rclcpp::Subscription<const std::shared_ptr<const sensor_msgs::msg::PointCloud2_<std::allocator<void> > >&, std::allocator<void>, rclcpp::message_memory_strategy::MessageMemoryStrategy<const std::shared_ptr<const sensor_msgs::msg::PointCloud2_<std::allocator<void> > >&, std::allocator<void> > >][m[K’
[4.541s] [01m[K/home/jeongmyung/slam-tutorial_ws/src/slam-tutorial/executables/main_lidar.cpp:476:90:[m[K   required from here
[4.541s] [01m[K/usr/include/c++/9/bits/shared_ptr.h:111:8:[m[K [01;31m[Kerror: [m[Kno type named ‘[01m[Ktype[m[K’ in ‘[01m[Kstruct std::enable_if<false, std::shared_ptr<rclcpp::Subscription<sensor_msgs::msg::PointCloud2_<std::allocator<void> > > >&>[m[K’
[4.541s]   111 |  using [01;31m[K_Assignable[m[K = typename enable_if<
[4.542s]       |        [01;31m[K^~~~~~~~~~~[m[K
[4.542s] [01m[K/usr/include/c++/9/bits/shared_ptr.h:324:2:[m[K [01;36m[Knote: [m[Kcandidate: ‘[01m[Ktemplate<class _Yp> std::shared_ptr<_Tp>::_Assignable<std::auto_ptr<_Up> > std::shared_ptr<_Tp>::operator=(std::auto_ptr<_Up>&&) [with _Yp = _Yp; _Tp = rclcpp::Subscription<sensor_msgs::msg::PointCloud2_<std::allocator<void> > >][m[K’
[4.542s]   324 |  [01;36m[Koperator[m[K=(auto_ptr<_Yp>&& __r)
[4.542s]       |  [01;36m[K^~~~~~~~[m[K
[4.542s] [01m[K/usr/include/c++/9/bits/shared_ptr.h:324:2:[m[K [01;36m[Knote: [m[K  template argument deduction/substitution failed:
[4.542s] [01m[K/home/jeongmyung/slam-tutorial_ws/src/slam-tutorial/executables/main_lidar.cpp:476:90:[m[K [01;36m[Knote: [m[K  ‘[01m[Kstd::shared_ptr<rclcpp::Subscription<const std::shared_ptr<const sensor_msgs::msg::PointCloud2_<std::allocator<void> > >&, std::allocator<void>, rclcpp::message_memory_strategy::MessageMemoryStrategy<const std::shared_ptr<const sensor_msgs::msg::PointCloud2_<std::allocator<void> > >&, std::allocator<void> > > >[m[K’ is not derived from ‘[01m[Kstd::auto_ptr<_Up>[m[K’
[4.542s]   476 |              std::bind(&LidarSubscriberNode::lidar_callback, this, std::placeholders::_1)[01;36m[K)[m[K;
[4.542s]       |                                                                                          [01;36m[K^[m[K
[4.542s] In file included from [01m[K/usr/include/c++/9/memory:81[m[K,
[4.542s]                  from [01m[K/usr/local/include/fmt/format.h:41[m[K,
[4.542s]                  from [01m[K/home/jeongmyung/slam-tutorial_ws/src/slam-tutorial/executables/main_lidar.cpp:2[m[K:
[4.542s] [01m[K/usr/include/c++/9/bits/shared_ptr.h:333:7:[m[K [01;36m[Knote: [m[Kcandidate: ‘[01m[Kstd::shared_ptr<_Tp>& std::shared_ptr<_Tp>::operator=(std::shared_ptr<_Tp>&&) [with _Tp = rclcpp::Subscription<sensor_msgs::msg::PointCloud2_<std::allocator<void> > >][m[K’
[4.543s]   333 |       [01;36m[Koperator[m[K=(shared_ptr&& __r) noexcept
[4.543s]       |       [01;36m[K^~~~~~~~[m[K
[4.543s] [01m[K/usr/include/c++/9/bits/shared_ptr.h:333:30:[m[K [01;36m[Knote: [m[K  no known conversion for argument 1 from ‘[01m[Kstd::shared_ptr<rclcpp::Subscription<const std::shared_ptr<const sensor_msgs::msg::PointCloud2_<std::allocator<void> > >&, std::allocator<void>, rclcpp::message_memory_strategy::MessageMemoryStrategy<const std::shared_ptr<const sensor_msgs::msg::PointCloud2_<std::allocator<void> > >&, std::allocator<void> > > >[m[K’ to ‘[01m[Kstd::shared_ptr<rclcpp::Subscription<sensor_msgs::msg::PointCloud2_<std::allocator<void> > > >&&[m[K’
[4.543s]   333 |       operator=([01;36m[Kshared_ptr&& __r[m[K) noexcept
[4.543s]       |                 [01;36m[K~~~~~~~~~~~~~^~~[m[K
[4.543s] [01m[K/usr/include/c++/9/bits/shared_ptr.h:341:2:[m[K [01;36m[Knote: [m[Kcandidate: ‘[01m[Ktemplate<class _Yp> std::shared_ptr<_Tp>::_Assignable<std::shared_ptr<_Yp> > std::shared_ptr<_Tp>::operator=(std::shared_ptr<_Yp>&&) [with _Yp = _Yp; _Tp = rclcpp::Subscription<sensor_msgs::msg::PointCloud2_<std::allocator<void> > >][m[K’
[4.543s]   341 |  [01;36m[Koperator[m[K=(shared_ptr<_Yp>&& __r) noexcept
[4.543s]       |  [01;36m[K^~~~~~~~[m[K
[4.543s] [01m[K/usr/include/c++/9/bits/shared_ptr.h:341:2:[m[K [01;36m[Knote: [m[K  substitution of deduced template arguments resulted in errors seen above
[4.543s] [01m[K/usr/include/c++/9/bits/shared_ptr.h:349:2:[m[K [01;36m[Knote: [m[Kcandidate: ‘[01m[Ktemplate<class _Yp, class _Del> std::shared_ptr<_Tp>::_Assignable<std::unique_ptr<_Up, _Ep> > std::shared_ptr<_Tp>::operator=(std::unique_ptr<_Up, _Ep>&&) [with _Yp = _Yp; _Del = _Del; _Tp = rclcpp::Subscription<sensor_msgs::msg::PointCloud2_<std::allocator<void> > >][m[K’
[4.543s]   349 |  [01;36m[Koperator[m[K=(unique_ptr<_Yp, _Del>&& __r)
[4.543s]       |  [01;36m[K^~~~~~~~[m[K
[4.544s] [01m[K/usr/include/c++/9/bits/shared_ptr.h:349:2:[m[K [01;36m[Knote: [m[K  template argument deduction/substitution failed:
[4.544s] [01m[K/home/jeongmyung/slam-tutorial_ws/src/slam-tutorial/executables/main_lidar.cpp:476:90:[m[K [01;36m[Knote: [m[K  ‘[01m[Kstd::shared_ptr<rclcpp::Subscription<const std::shared_ptr<const sensor_msgs::msg::PointCloud2_<std::allocator<void> > >&, std::allocator<void>, rclcpp::message_memory_strategy::MessageMemoryStrategy<const std::shared_ptr<const sensor_msgs::msg::PointCloud2_<std::allocator<void> > >&, std::allocator<void> > > >[m[K’ is not derived from ‘[01m[Kstd::unique_ptr<_Tp, _Dp>[m[K’
[4.544s]   476 |              std::bind(&LidarSubscriberNode::lidar_callback, this, std::placeholders::_1)[01;36m[K)[m[K;
[4.544s]       |                                                                                          [01;36m[K^[m[K
[4.557s] [01m[K/home/jeongmyung/slam-tutorial_ws/src/slam-tutorial/executables/main_lidar.cpp:[m[K In member function ‘[01m[Kvoid LidarSubscriberNode::lidar_callback(const ConstSharedPtr&)[m[K’:
[4.557s] [01m[K/home/jeongmyung/slam-tutorial_ws/src/slam-tutorial/executables/main_lidar.cpp:496:29:[m[K [01;31m[Kerror: [m[K‘[01m[KPointCloud2ToEigen[m[K’ was not declared in this scope
[4.557s]   496 |         const auto points = [01;31m[KPointCloud2ToEigen[m[K(msg);
[4.558s]       |                             [01;31m[K^~~~~~~~~~~~~~~~~~[m[K
[4.558s] [01m[K/home/jeongmyung/slam-tutorial_ws/src/slam-tutorial/executables/main_lidar.cpp:497:14:[m[K [01;35m[Kwarning: [m[Kstructured bindings only available with ‘[01m[K-std=c++17[m[K’ or ‘[01m[K-std=gnu++17[m[K’
[4.558s]   497 |         auto [01;35m[K[[m[Kcloud_map, cloud_keypoints, new_pose] = register_frame(points);
[4.558s]       |              [01;35m[K^[m[K
[4.567s] [01m[K/home/jeongmyung/slam-tutorial_ws/src/slam-tutorial/executables/main_lidar.cpp:512:38:[m[K [01;31m[Kerror: [m[K‘[01m[Kimg_msg_left[m[K’ was not declared in this scope
[4.567s]   512 |         transform_msg.header.stamp = [01;31m[Kimg_msg_left[m[K->header.stamp;
[4.567s]       |                                      [01;31m[K^~~~~~~~~~~~[m[K
[6.446s] In file included from [01m[K/opt/ros/foxy/include/rclcpp/node_interfaces/node_topics_interface.hpp:32[m[K,
[6.447s]                  from [01m[K/opt/ros/foxy/include/rclcpp/node.hpp:55[m[K,
[6.447s]                  from [01m[K/opt/ros/foxy/include/rclcpp/executors/single_threaded_executor.hpp:28[m[K,
[6.447s]                  from [01m[K/opt/ros/foxy/include/rclcpp/executors.hpp:22[m[K,
[6.447s]                  from [01m[K/opt/ros/foxy/include/rclcpp/rclcpp.hpp:146[m[K,
[6.447s]                  from [01m[K/opt/ros/foxy/include/tf2_ros/transform_broadcaster.h:36[m[K,
[6.447s]                  from [01m[K/home/jeongmyung/slam-tutorial_ws/src/slam-tutorial/executables/main_lidar.cpp:5[m[K:
[6.447s] /opt/ros/foxy/include/rclcpp/subscription_factory.hpp: In instantiation of ‘[01m[Krclcpp::SubscriptionFactory rclcpp::create_subscription_factory(CallbackT&&, const rclcpp::SubscriptionOptionsWithAllocator<AllocatorT>&, typename MessageMemoryStrategyT::SharedPtr, std::shared_ptr<rclcpp::topic_statistics::SubscriptionTopicStatistics<CallbackMessageT> >) [with MessageT = sensor_msgs::msg::PointCloud2_<std::allocator<void> >; CallbackT = std::_Bind<void (LidarSubscriberNode::*(LidarSubscriberNode*, std::_Placeholder<1>))(const std::shared_ptr<const sensor_msgs::msg::PointCloud2_<std::allocator<void> > >&)>; AllocatorT = std::allocator<void>; CallbackMessageT = const std::shared_ptr<const sensor_msgs::msg::PointCloud2_<std::allocator<void> > >&; SubscriptionT = rclcpp::Subscription<const std::shared_ptr<const sensor_msgs::msg::PointCloud2_<std::allocator<void> > >&, std::allocator<void>, rclcpp::message_memory_strategy::MessageMemoryStrategy<const std::shared_ptr<const sensor_msgs::msg::PointCloud2_<std::allocator<void> > >&, std::allocator<void> > >; MessageMemoryStrategyT = rclcpp::message_memory_strategy::MessageMemoryStrategy<const std::shared_ptr<const sensor_msgs::msg::PointCloud2_<std::allocator<void> > >&, std::allocator<void> >; typename MessageMemoryStrategyT::SharedPtr = std::shared_ptr<rclcpp::message_memory_strategy::MessageMemoryStrategy<const std::shared_ptr<const sensor_msgs::msg::PointCloud2_<std::allocator<void> > >&, std::allocator<void> > >][m[K’:
[6.447s] [01m[K/opt/ros/foxy/include/rclcpp/create_subscription.hpp:144:63:[m[K   required from ‘[01m[Kstd::shared_ptr<SubscriptionT> rclcpp::create_subscription(NodeT&&, const string&, const rclcpp::QoS&, CallbackT&&, const rclcpp::SubscriptionOptionsWithAllocator<AllocatorT>&, typename MessageMemoryStrategyT::SharedPtr) [with MessageT = sensor_msgs::msg::PointCloud2_<std::allocator<void> >; CallbackT = std::_Bind<void (LidarSubscriberNode::*(LidarSubscriberNode*, std::_Placeholder<1>))(const std::shared_ptr<const sensor_msgs::msg::PointCloud2_<std::allocator<void> > >&)>; AllocatorT = std::allocator<void>; CallbackMessageT = const std::shared_ptr<const sensor_msgs::msg::PointCloud2_<std::allocator<void> > >&; SubscriptionT = rclcpp::Subscription<const std::shared_ptr<const sensor_msgs::msg::PointCloud2_<std::allocator<void> > >&, std::allocator<void>, rclcpp::message_memory_strategy::MessageMemoryStrategy<const std::shared_ptr<const sensor_msgs::msg::PointCloud2_<std::allocator<void> > >&, std::allocator<void> > >; MessageMemoryStrategyT = rclcpp::message_memory_strategy::MessageMemoryStrategy<const std::shared_ptr<const sensor_msgs::msg::PointCloud2_<std::allocator<void> > >&, std::allocator<void> >; NodeT = rclcpp::Node&; std::string = std::__cxx11::basic_string<char>; typename MessageMemoryStrategyT::SharedPtr = std::shared_ptr<rclcpp::message_memory_strategy::MessageMemoryStrategy<const std::shared_ptr<const sensor_msgs::msg::PointCloud2_<std::allocator<void> > >&, std::allocator<void> > >][m[K’
[6.447s] [01m[K/opt/ros/foxy/include/rclcpp/node_impl.hpp:98:47:[m[K   required from ‘[01m[Kstd::shared_ptr<SubscriptionT> rclcpp::Node::create_subscription(const string&, const rclcpp::QoS&, CallbackT&&, const rclcpp::SubscriptionOptionsWithAllocator<AllocatorT>&, typename MessageMemoryStrategyT::SharedPtr) [with MessageT = sensor_msgs::msg::PointCloud2_<std::allocator<void> >; CallbackT = std::_Bind<void (LidarSubscriberNode::*(LidarSubscriberNode*, std::_Placeholder<1>))(const std::shared_ptr<const sensor_msgs::msg::PointCloud2_<std::allocator<void> > >&)>; AllocatorT = std::allocator<void>; CallbackMessageT = const std::shared_ptr<const sensor_msgs::msg::PointCloud2_<std::allocator<void> > >&; SubscriptionT = rclcpp::Subscription<const std::shared_ptr<const sensor_msgs::msg::PointCloud2_<std::allocator<void> > >&, std::allocator<void>, rclcpp::message_memory_strategy::MessageMemoryStrategy<const std::shared_ptr<const sensor_msgs::msg::PointCloud2_<std::allocator<void> > >&, std::allocator<void> > >; MessageMemoryStrategyT = rclcpp::message_memory_strategy::MessageMemoryStrategy<const std::shared_ptr<const sensor_msgs::msg::PointCloud2_<std::allocator<void> > >&, std::allocator<void> >; std::string = std::__cxx11::basic_string<char>; typename MessageMemoryStrategyT::SharedPtr = std::shared_ptr<rclcpp::message_memory_strategy::MessageMemoryStrategy<const std::shared_ptr<const sensor_msgs::msg::PointCloud2_<std::allocator<void> > >&, std::allocator<void> > >][m[K’
[6.447s] [01m[K/home/jeongmyung/slam-tutorial_ws/src/slam-tutorial/executables/main_lidar.cpp:476:90:[m[K   required from here
[6.448s] [01m[K/opt/ros/foxy/include/rclcpp/subscription_factory.hpp:97:3:[m[K [01;31m[Kerror: [m[Kno matching function for call to ‘[01m[Krclcpp::AnySubscriptionCallback<const std::shared_ptr<const sensor_msgs::msg::PointCloud2_<std::allocator<void> > >&, std::allocator<void> >::set(std::_Bind<void (LidarSubscriberNode::*(LidarSubscriberNode*, std::_Placeholder<1>))(const std::shared_ptr<const sensor_msgs::msg::PointCloud2_<std::allocator<void> > >&)>)[m[K’
[6.448s]    97 |   [01;31m[Kany_subscription_callback[m[K.set(std::forward<CallbackT>(callback));
[6.448s]       |   [01;31m[K^~~~~~~~~~~~~~~~~~~~~~~~~[m[K
[6.448s] In file included from [01m[K/opt/ros/foxy/include/rclcpp/subscription_base.hpp:29[m[K,
[6.448s]                  from [01m[K/opt/ros/foxy/include/rclcpp/callback_group.hpp:26[m[K,
[6.448s]                  from [01m[K/opt/ros/foxy/include/rclcpp/any_executable.hpp:20[m[K,
[6.448s]                  from [01m[K/opt/ros/foxy/include/rclcpp/memory_strategy.hpp:24[m[K,
[6.448s]                  from [01m[K/opt/ros/foxy/include/rclcpp/memory_strategies.hpp:18[m[K,
[6.448s]                  from [01m[K/opt/ros/foxy/include/rclcpp/executor_options.hpp:20[m[K,
[6.448s]                  from [01m[K/opt/ros/foxy/include/rclcpp/executor.hpp:33[m[K,
[6.448s]                  from [01m[K/opt/ros/foxy/include/rclcpp/executors/multi_threaded_executor.hpp:26[m[K,
[6.448s]                  from [01m[K/opt/ros/foxy/include/rclcpp/executors.hpp:21[m[K,
[6.449s]                  from [01m[K/opt/ros/foxy/include/rclcpp/rclcpp.hpp:146[m[K,
[6.449s]                  from [01m[K/opt/ros/foxy/include/tf2_ros/transform_broadcaster.h:36[m[K,
[6.449s]                  from [01m[K/home/jeongmyung/slam-tutorial_ws/src/slam-tutorial/executables/main_lidar.cpp:5[m[K:
[6.449s] [01m[K/opt/ros/foxy/include/rclcpp/any_subscription_callback.hpp:83:8:[m[K [01;36m[Knote: [m[Kcandidate: ‘[01m[Ktemplate<class CallbackT, typename std::enable_if<rclcpp::function_traits::same_arguments<CallbackT, std::function<void(std::shared_ptr<const std::shared_ptr<const sensor_msgs::msg::PointCloud2_<std::allocator<void> > >&>)> >::value, void>::type* <anonymous> > void rclcpp::AnySubscriptionCallback<MessageT, Alloc>::set(CallbackT) [with CallbackT = CallbackT; typename std::enable_if<rclcpp::function_traits::same_arguments<CallbackT, std::function<void(std::shared_ptr<_Tp>)> >::value>::type* <anonymous> = <enumerator>; MessageT = const std::shared_ptr<const sensor_msgs::msg::PointCloud2_<std::allocator<void> > >&; Alloc = std::allocator<void>][m[K’
[6.449s]    83 |   void [01;36m[Kset[m[K(CallbackT callback)
[6.449s]       |        [01;36m[K^~~[m[K
[6.449s] [01m[K/opt/ros/foxy/include/rclcpp/any_subscription_callback.hpp:83:8:[m[K [01;36m[Knote: [m[K  template argument deduction/substitution failed:
[6.449s] [01m[K/opt/ros/foxy/include/rclcpp/any_subscription_callback.hpp:81:17:[m[K [01;31m[Kerror: [m[Kno type named ‘[01m[Ktype[m[K’ in ‘[01m[Kstruct std::enable_if<false, void>[m[K’
[6.449s]    81 |     >::type * = [01;31m[Knullptr[m[K
[6.449s]       |                 [01;31m[K^~~~~~~[m[K
[6.449s] [01m[K/opt/ros/foxy/include/rclcpp/any_subscription_callback.hpp:97:8:[m[K [01;36m[Knote: [m[Kcandidate: ‘[01m[Ktemplate<class CallbackT, typename std::enable_if<rclcpp::function_traits::same_arguments<CallbackT, std::function<void(std::shared_ptr<const std::shared_ptr<const sensor_msgs::msg::PointCloud2_<std::allocator<void> > >&>, const rclcpp::MessageInfo&)> >::value, void>::type* <anonymous> > void rclcpp::AnySubscriptionCallback<MessageT, Alloc>::set(CallbackT) [with CallbackT = CallbackT; typename std::enable_if<rclcpp::function_traits::same_arguments<CallbackT, std::function<void(std::shared_ptr<_Tp>, const rclcpp::MessageInfo&)> >::value>::type* <anonymous> = <enumerator>; MessageT = const std::shared_ptr<const sensor_msgs::msg::PointCloud2_<std::allocator<void> > >&; Alloc = std::allocator<void>][m[K’
[6.449s]    97 |   void [01;36m[Kset[m[K(CallbackT callback)
[6.450s]       |        [01;36m[K^~~[m[K
[6.450s] [01m[K/opt/ros/foxy/include/rclcpp/any_subscription_callback.hpp:97:8:[m[K [01;36m[Knote: [m[K  template argument deduction/substitution failed:
[6.450s] [01m[K/opt/ros/foxy/include/rclcpp/any_subscription_callback.hpp:95:17:[m[K [01;31m[Kerror: [m[Kno type named ‘[01m[Ktype[m[K’ in ‘[01m[Kstruct std::enable_if<false, void>[m[K’
[6.450s]    95 |     >::type * = [01;31m[Knullptr[m[K
[6.450s]       |                 [01;31m[K^~~~~~~[m[K
[6.450s] [01m[K/opt/ros/foxy/include/rclcpp/any_subscription_callback.hpp:139:8:[m[K [01;36m[Knote: [m[Kcandidate: ‘[01m[Ktemplate<class CallbackT, typename std::enable_if<rclcpp::function_traits::same_arguments<CallbackT, std::function<void(std::unique_ptr<const std::shared_ptr<const sensor_msgs::msg::PointCloud2_<std::allocator<void> > >&, std::default_delete<const std::shared_ptr<const sensor_msgs::msg::PointCloud2_<std::allocator<void> > >&> >)> >::value, void>::type* <anonymous> > void rclcpp::AnySubscriptionCallback<MessageT, Alloc>::set(CallbackT) [with CallbackT = CallbackT; typename std::enable_if<rclcpp::function_traits::same_arguments<CallbackT, std::function<void(std::unique_ptr<MessageT, typename std::conditional<std::is_same<typename std::allocator_traits<typename std::allocator_traits<_Alloc>::rebind_traits<MessageT>::allocator_type>::rebind_alloc<MessageT>, typename std::allocator<void>::rebind<_Tp1>::other>::value, std::default_delete<_Tp>, rclcpp::allocator::AllocatorDeleter<typename std::allocator_traits<_Alloc>::rebind_traits<MessageT>::allocator_type> >::type>)> >::value>::type* <anonymous> = <enumerator>; MessageT = const std::shared_ptr<const sensor_msgs::msg::PointCloud2_<std::allocator<void> > >&; Alloc = std::allocator<void>][m[K’
[6.450s]   139 |   void [01;36m[Kset[m[K(CallbackT callback)
[6.450s]       |        [01;36m[K^~~[m[K
[6.450s] [01m[K/opt/ros/foxy/include/rclcpp/any_subscription_callback.hpp:139:8:[m[K [01;36m[Knote: [m[K  template argument deduction/substitution failed:
[6.450s] [01m[K/opt/ros/foxy/include/rclcpp/any_subscription_callback.hpp:137:17:[m[K [01;31m[Kerror: [m[Kno type named ‘[01m[Ktype[m[K’ in ‘[01m[Kstruct std::enable_if<false, void>[m[K’
[6.451s]   137 |     >::type * = [01;31m[Knullptr[m[K
[6.451s]       |                 [01;31m[K^~~~~~~[m[K
[6.451s] [01m[K/opt/ros/foxy/include/rclcpp/any_subscription_callback.hpp:153:8:[m[K [01;36m[Knote: [m[Kcandidate: ‘[01m[Ktemplate<class CallbackT, typename std::enable_if<rclcpp::function_traits::same_arguments<CallbackT, std::function<void(std::unique_ptr<const std::shared_ptr<const sensor_msgs::msg::PointCloud2_<std::allocator<void> > >&, std::default_delete<const std::shared_ptr<const sensor_msgs::msg::PointCloud2_<std::allocator<void> > >&> >, const rclcpp::MessageInfo&)> >::value, void>::type* <anonymous> > void rclcpp::AnySubscriptionCallback<MessageT, Alloc>::set(CallbackT) [with CallbackT = CallbackT; typename std::enable_if<rclcpp::function_traits::same_arguments<CallbackT, std::function<void(std::unique_ptr<MessageT, typename std::conditional<std::is_same<typename std::allocator_traits<typename std::allocator_traits<_Alloc>::rebind_traits<MessageT>::allocator_type>::rebind_alloc<MessageT>, typename std::allocator<void>::rebind<_Tp1>::other>::value, std::default_delete<_Tp>, rclcpp::allocator::AllocatorDeleter<typename std::allocator_traits<_Alloc>::rebind_traits<MessageT>::allocator_type> >::type>, const rclcpp::MessageInfo&)> >::value>::type* <anonymous> = <enumerator>; MessageT = const std::shared_ptr<const sensor_msgs::msg::PointCloud2_<std::allocator<void> > >&; Alloc = std::allocator<void>][m[K’
[6.451s]   153 |   void [01;36m[Kset[m[K(CallbackT callback)
[6.451s]       |        [01;36m[K^~~[m[K
[6.451s] [01m[K/opt/ros/foxy/include/rclcpp/any_subscription_callback.hpp:153:8:[m[K [01;36m[Knote: [m[K  template argument deduction/substitution failed:
[6.451s] [01m[K/opt/ros/foxy/include/rclcpp/any_subscription_callback.hpp:151:17:[m[K [01;31m[Kerror: [m[Kno type named ‘[01m[Ktype[m[K’ in ‘[01m[Kstruct std::enable_if<false, void>[m[K’
[6.451s]   151 |     >::type * = [01;31m[Knullptr[m[K
[6.451s]       |                 [01;31m[K^~~~~~~[m[K
[8.452s] In file included from [01m[K/usr/include/x86_64-linux-gnu/c++/9/bits/c++allocator.h:33[m[K,
[8.452s]                  from [01m[K/usr/include/c++/9/bits/allocator.h:46[m[K,
[8.453s]                  from [01m[K/usr/include/c++/9/memory:63[m[K,
[8.453s]                  from [01m[K/usr/local/include/fmt/format.h:41[m[K,
[8.453s]                  from [01m[K/home/jeongmyung/slam-tutorial_ws/src/slam-tutorial/executables/main_lidar.cpp:2[m[K:
[8.453s] /usr/include/c++/9/ext/new_allocator.h: In instantiation of ‘[01m[Kclass __gnu_cxx::new_allocator<const std::shared_ptr<const sensor_msgs::msg::PointCloud2_<std::allocator<void> > >&>[m[K’:
[8.454s] [01m[K/usr/include/c++/9/bits/allocator.h:111:11:[m[K   required from ‘[01m[Kclass std::allocator<const std::shared_ptr<const sensor_msgs::msg::PointCloud2_<std::allocator<void> > >&>[m[K’
[8.454s] [01m[K/usr/include/c++/9/bits/shared_ptr_base.h:1365:63:[m[K   required by substitution of ‘[01m[Ktemplate<class _Yp> struct std::__shared_ptr<std::allocator<const std::shared_ptr<const sensor_msgs::msg::PointCloud2_<std::allocator<void> > >&>, __gnu_cxx::_S_atomic>::__has_esft_base<_Yp, std::__void_t<decltype (__enable_shared_from_this_base(declval<const std::__shared_count<__gnu_cxx::_S_atomic>&>(), declval<_Yp*>()))> > [with _Yp = std::allocator<const std::shared_ptr<const sensor_msgs::msg::PointCloud2_<std::allocator<void> > >&>][m[K’
[8.454s] [01m[K/usr/include/c++/9/bits/shared_ptr_base.h:1387:21:[m[K   required by substitution of ‘[01m[Ktemplate<class _Yp, class _Yp2> typename std::enable_if<(! std::__shared_ptr<std::allocator<const std::shared_ptr<const sensor_msgs::msg::PointCloud2_<std::allocator<void> > >&>, __gnu_cxx::_S_atomic>::__has_esft_base<_Yp2, void>::value), void>::type std::__shared_ptr<std::allocator<const std::shared_ptr<const sensor_msgs::msg::PointCloud2_<std::allocator<void> > >&>, __gnu_cxx::_S_atomic>::_M_enable_shared_from_this_with<_Yp, _Yp2>(_Yp*) [with _Yp = std::allocator<const std::shared_ptr<const sensor_msgs::msg::PointCloud2_<std::allocator<void> > >&>; _Yp2 = std::allocator<const std::shared_ptr<const sensor_msgs::msg::PointCloud2_<std::allocator<void> > >&>][m[K’
[8.454s] [01m[K/usr/include/c++/9/bits/shared_ptr_base.h:1345:4:[m[K   required from ‘[01m[Kstd::__shared_ptr<_Tp, _Lp>::__shared_ptr(std::_Sp_alloc_shared_tag<_Tp>, _Args&& ...) [with _Alloc = std::allocator<std::allocator<const std::shared_ptr<const sensor_msgs::msg::PointCloud2_<std::allocator<void> > >&> >; _Args = {std::allocator<void>&}; _Tp = std::allocator<const std::shared_ptr<const sensor_msgs::msg::PointCloud2_<std::allocator<void> > >&>; __gnu_cxx::_Lock_policy _Lp = __gnu_cxx::_S_atomic][m[K’
[8.454s] [01m[K/usr/include/c++/9/bits/shared_ptr.h:359:59:[m[K   [ skipping 2 instantiation contexts, use -ftemplate-backtrace-limit=0 to disable ]
[8.454s] [01m[K/usr/include/c++/9/bits/shared_ptr.h:717:39:[m[K   required from ‘[01m[Kstd::shared_ptr<_Tp> std::make_shared(_Args&& ...) [with _Tp = std::allocator<const std::shared_ptr<const sensor_msgs::msg::PointCloud2_<std::allocator<void> > >&>; _Args = {std::allocator<void>&}][m[K’
[8.454s] [01m[K/opt/ros/foxy/include/rclcpp/any_subscription_callback.hpp:68:56:[m[K   required from ‘[01m[Krclcpp::AnySubscriptionCallback<MessageT, Alloc>::AnySubscriptionCallback(std::shared_ptr<_Tp>) [with MessageT = const std::shared_ptr<const sensor_msgs::msg::PointCloud2_<std::allocator<void> > >&; Alloc = std::allocator<void>][m[K’
[8.454s] [01m[K/opt/ros/foxy/include/rclcpp/subscription_factory.hpp:96:57:[m[K   required from ‘[01m[Krclcpp::SubscriptionFactory rclcpp::create_subscription_factory(CallbackT&&, const rclcpp::SubscriptionOptionsWithAllocator<AllocatorT>&, typename MessageMemoryStrategyT::SharedPtr, std::shared_ptr<rclcpp::topic_statistics::SubscriptionTopicStatistics<CallbackMessageT> >) [with MessageT = sensor_msgs::msg::PointCloud2_<std::allocator<void> >; CallbackT = std::_Bind<void (LidarSubscriberNode::*(LidarSubscriberNode*, std::_Placeholder<1>))(const std::shared_ptr<const sensor_msgs::msg::PointCloud2_<std::allocator<void> > >&)>; AllocatorT = std::allocator<void>; CallbackMessageT = const std::shared_ptr<const sensor_msgs::msg::PointCloud2_<std::allocator<void> > >&; SubscriptionT = rclcpp::Subscription<const std::shared_ptr<const sensor_msgs::msg::PointCloud2_<std::allocator<void> > >&, std::allocator<void>, rclcpp::message_memory_strategy::MessageMemoryStrategy<const std::shared_ptr<const sensor_msgs::msg::PointCloud2_<std::allocator<void> > >&, std::allocator<void> > >; MessageMemoryStrategyT = rclcpp::message_memory_strategy::MessageMemoryStrategy<const std::shared_ptr<const sensor_msgs::msg::PointCloud2_<std::allocator<void> > >&, std::allocator<void> >; typename MessageMemoryStrategyT::SharedPtr = std::shared_ptr<rclcpp::message_memory_strategy::MessageMemoryStrategy<const std::shared_ptr<const sensor_msgs::msg::PointCloud2_<std::allocator<void> > >&, std::allocator<void> > >][m[K’
[8.454s] [01m[K/opt/ros/foxy/include/rclcpp/create_subscription.hpp:144:63:[m[K   required from ‘[01m[Kstd::shared_ptr<SubscriptionT> rclcpp::create_subscription(NodeT&&, const string&, const rclcpp::QoS&, CallbackT&&, const rclcpp::SubscriptionOptionsWithAllocator<AllocatorT>&, typename MessageMemoryStrategyT::SharedPtr) [with MessageT = sensor_msgs::msg::PointCloud2_<std::allocator<void> >; CallbackT = std::_Bind<void (LidarSubscriberNode::*(LidarSubscriberNode*, std::_Placeholder<1>))(const std::shared_ptr<const sensor_msgs::msg::PointCloud2_<std::allocator<void> > >&)>; AllocatorT = std::allocator<void>; CallbackMessageT = const std::shared_ptr<const sensor_msgs::msg::PointCloud2_<std::allocator<void> > >&; SubscriptionT = rclcpp::Subscription<const std::shared_ptr<const sensor_msgs::msg::PointCloud2_<std::allocator<void> > >&, std::allocator<void>, rclcpp::message_memory_strategy::MessageMemoryStrategy<const std::shared_ptr<const sensor_msgs::msg::PointCloud2_<std::allocator<void> > >&, std::allocator<void> > >; MessageMemoryStrategyT = rclcpp::message_memory_strategy::MessageMemoryStrategy<const std::shared_ptr<const sensor_msgs::msg::PointCloud2_<std::allocator<void> > >&, std::allocator<void> >; NodeT = rclcpp::Node&; std::string = std::__cxx11::basic_string<char>; typename MessageMemoryStrategyT::SharedPtr = std::shared_ptr<rclcpp::message_memory_strategy::MessageMemoryStrategy<const std::shared_ptr<const sensor_msgs::msg::PointCloud2_<std::allocator<void> > >&, std::allocator<void> > >][m[K’
[8.455s] [01m[K/opt/ros/foxy/include/rclcpp/node_impl.hpp:98:47:[m[K   required from ‘[01m[Kstd::shared_ptr<SubscriptionT> rclcpp::Node::create_subscription(const string&, const rclcpp::QoS&, CallbackT&&, const rclcpp::SubscriptionOptionsWithAllocator<AllocatorT>&, typename MessageMemoryStrategyT::SharedPtr) [with MessageT = sensor_msgs::msg::PointCloud2_<std::allocator<void> >; CallbackT = std::_Bind<void (LidarSubscriberNode::*(LidarSubscriberNode*, std::_Placeholder<1>))(const std::shared_ptr<const sensor_msgs::msg::PointCloud2_<std::allocator<void> > >&)>; AllocatorT = std::allocator<void>; CallbackMessageT = const std::shared_ptr<const sensor_msgs::msg::PointCloud2_<std::allocator<void> > >&; SubscriptionT = rclcpp::Subscription<const std::shared_ptr<const sensor_msgs::msg::PointCloud2_<std::allocator<void> > >&, std::allocator<void>, rclcpp::message_memory_strategy::MessageMemoryStrategy<const std::shared_ptr<const sensor_msgs::msg::PointCloud2_<std::allocator<void> > >&, std::allocator<void> > >; MessageMemoryStrategyT = rclcpp::message_memory_strategy::MessageMemoryStrategy<const std::shared_ptr<const sensor_msgs::msg::PointCloud2_<std::allocator<void> > >&, std::allocator<void> >; std::string = std::__cxx11::basic_string<char>; typename MessageMemoryStrategyT::SharedPtr = std::shared_ptr<rclcpp::message_memory_strategy::MessageMemoryStrategy<const std::shared_ptr<const sensor_msgs::msg::PointCloud2_<std::allocator<void> > >&, std::allocator<void> > >][m[K’
[8.455s] [01m[K/home/jeongmyung/slam-tutorial_ws/src/slam-tutorial/executables/main_lidar.cpp:476:90:[m[K   required from here
[8.455s] [01m[K/usr/include/c++/9/ext/new_allocator.h:63:26:[m[K [01;31m[Kerror: [m[Kforming pointer to reference type ‘[01m[Kconst std::shared_ptr<const sensor_msgs::msg::PointCloud2_<std::allocator<void> > >&[m[K’
[8.455s]    63 |       typedef _Tp*       [01;31m[Kpointer[m[K;
[8.455s]       |                          [01;31m[K^~~~~~~[m[K
[8.455s] [01m[K/usr/include/c++/9/ext/new_allocator.h:64:26:[m[K [01;31m[Kerror: [m[Kforming pointer to reference type ‘[01m[Kconst std::shared_ptr<const sensor_msgs::msg::PointCloud2_<std::allocator<void> > >&[m[K’
[8.455s]    64 |       typedef const _Tp* [01;31m[Kconst_pointer[m[K;
[8.455s]       |                          [01;31m[K^~~~~~~~~~~~~[m[K
[8.456s] In file included from [01m[K/usr/include/c++/9/memory:63[m[K,
[8.456s]                  from [01m[K/usr/local/include/fmt/format.h:41[m[K,
[8.456s]                  from [01m[K/home/jeongmyung/slam-tutorial_ws/src/slam-tutorial/executables/main_lidar.cpp:2[m[K:
[8.456s] /usr/include/c++/9/bits/allocator.h: In instantiation of ‘[01m[Kclass std::allocator<const std::shared_ptr<const sensor_msgs::msg::PointCloud2_<std::allocator<void> > >&>[m[K’:
[8.456s] [01m[K/usr/include/c++/9/bits/shared_ptr_base.h:1365:63:[m[K   required by substitution of ‘[01m[Ktemplate<class _Yp> struct std::__shared_ptr<std::allocator<const std::shared_ptr<const sensor_msgs::msg::PointCloud2_<std::allocator<void> > >&>, __gnu_cxx::_S_atomic>::__has_esft_base<_Yp, std::__void_t<decltype (__enable_shared_from_this_base(declval<const std::__shared_count<__gnu_cxx::_S_atomic>&>(), declval<_Yp*>()))> > [with _Yp = std::allocator<const std::shared_ptr<const sensor_msgs::msg::PointCloud2_<std::allocator<void> > >&>][m[K’
[8.456s] [01m[K/usr/include/c++/9/bits/shared_ptr_base.h:1387:21:[m[K   required by substitution of ‘[01m[Ktemplate<class _Yp, class _Yp2> typename std::enable_if<(! std::__shared_ptr<std::allocator<const std::shared_ptr<const sensor_msgs::msg::PointCloud2_<std::allocator<void> > >&>, __gnu_cxx::_S_atomic>::__has_esft_base<_Yp2, void>::value), void>::type std::__shared_ptr<std::allocator<const std::shared_ptr<const sensor_msgs::msg::PointCloud2_<std::allocator<void> > >&>, __gnu_cxx::_S_atomic>::_M_enable_shared_from_this_with<_Yp, _Yp2>(_Yp*) [with _Yp = std::allocator<const std::shared_ptr<const sensor_msgs::msg::PointCloud2_<std::allocator<void> > >&>; _Yp2 = std::allocator<const std::shared_ptr<const sensor_msgs::msg::PointCloud2_<std::allocator<void> > >&>][m[K’
[8.457s] [01m[K/usr/include/c++/9/bits/shared_ptr_base.h:1345:4:[m[K   required from ‘[01m[Kstd::__shared_ptr<_Tp, _Lp>::__shared_ptr(std::_Sp_alloc_shared_tag<_Tp>, _Args&& ...) [with _Alloc = std::allocator<std::allocator<const std::shared_ptr<const sensor_msgs::msg::PointCloud2_<std::allocator<void> > >&> >; _Args = {std::allocator<void>&}; _Tp = std::allocator<const std::shared_ptr<const sensor_msgs::msg::PointCloud2_<std::allocator<void> > >&>; __gnu_cxx::_Lock_policy _Lp = __gnu_cxx::_S_atomic][m[K’
[8.457s] [01m[K/usr/include/c++/9/bits/shared_ptr.h:359:59:[m[K   required from ‘[01m[Kstd::shared_ptr<_Tp>::shared_ptr(std::_Sp_alloc_shared_tag<_Tp>, _Args&& ...) [with _Alloc = std::allocator<std::allocator<const std::shared_ptr<const sensor_msgs::msg::PointCloud2_<std::allocator<void> > >&> >; _Args = {std::allocator<void>&}; _Tp = std::allocator<const std::shared_ptr<const sensor_msgs::msg::PointCloud2_<std::allocator<void> > >&>][m[K’
[8.457s] [01m[K/usr/include/c++/9/bits/shared_ptr.h:701:14:[m[K   required from ‘[01m[Kstd::shared_ptr<_Tp> std::allocate_shared(const _Alloc&, _Args&& ...) [with _Tp = std::allocator<const std::shared_ptr<const sensor_msgs::msg::PointCloud2_<std::allocator<void> > >&>; _Alloc = std::allocator<std::allocator<const std::shared_ptr<const sensor_msgs::msg::PointCloud2_<std::allocator<void> > >&> >; _Args = {std::allocator<void>&}][m[K’
[8.457s] [01m[K/usr/include/c++/9/bits/shared_ptr.h:717:39:[m[K   required from ‘[01m[Kstd::shared_ptr<_Tp> std::make_shared(_Args&& ...) [with _Tp = std::allocator<const std::shared_ptr<const sensor_msgs::msg::PointCloud2_<std::allocator<void> > >&>; _Args = {std::allocator<void>&}][m[K’
[8.457s] [01m[K/opt/ros/foxy/include/rclcpp/any_subscription_callback.hpp:68:56:[m[K   required from ‘[01m[Krclcpp::AnySubscriptionCallback<MessageT, Alloc>::AnySubscriptionCallback(std::shared_ptr<_Tp>) [with MessageT = const std::shared_ptr<const sensor_msgs::msg::PointCloud2_<std::allocator<void> > >&; Alloc = std::allocator<void>][m[K’
[8.457s] [01m[K/opt/ros/foxy/include/rclcpp/subscription_factory.hpp:96:57:[m[K   required from ‘[01m[Krclcpp::SubscriptionFactory rclcpp::create_subscription_factory(CallbackT&&, const rclcpp::SubscriptionOptionsWithAllocator<AllocatorT>&, typename MessageMemoryStrategyT::SharedPtr, std::shared_ptr<rclcpp::topic_statistics::SubscriptionTopicStatistics<CallbackMessageT> >) [with MessageT = sensor_msgs::msg::PointCloud2_<std::allocator<void> >; CallbackT = std::_Bind<void (LidarSubscriberNode::*(LidarSubscriberNode*, std::_Placeholder<1>))(const std::shared_ptr<const sensor_msgs::msg::PointCloud2_<std::allocator<void> > >&)>; AllocatorT = std::allocator<void>; CallbackMessageT = const std::shared_ptr<const sensor_msgs::msg::PointCloud2_<std::allocator<void> > >&; SubscriptionT = rclcpp::Subscription<const std::shared_ptr<const sensor_msgs::msg::PointCloud2_<std::allocator<void> > >&, std::allocator<void>, rclcpp::message_memory_strategy::MessageMemoryStrategy<const std::shared_ptr<const sensor_msgs::msg::PointCloud2_<std::allocator<void> > >&, std::allocator<void> > >; MessageMemoryStrategyT = rclcpp::message_memory_strategy::MessageMemoryStrategy<const std::shared_ptr<const sensor_msgs::msg::PointCloud2_<std::allocator<void> > >&, std::allocator<void> >; typename MessageMemoryStrategyT::SharedPtr = std::shared_ptr<rclcpp::message_memory_strategy::MessageMemoryStrategy<const std::shared_ptr<const sensor_msgs::msg::PointCloud2_<std::allocator<void> > >&, std::allocator<void> > >][m[K’
[8.457s] [01m[K/opt/ros/foxy/include/rclcpp/create_subscription.hpp:144:63:[m[K   required from ‘[01m[Kstd::shared_ptr<SubscriptionT> rclcpp::create_subscription(NodeT&&, const string&, const rclcpp::QoS&, CallbackT&&, const rclcpp::SubscriptionOptionsWithAllocator<AllocatorT>&, typename MessageMemoryStrategyT::SharedPtr) [with MessageT = sensor_msgs::msg::PointCloud2_<std::allocator<void> >; CallbackT = std::_Bind<void (LidarSubscriberNode::*(LidarSubscriberNode*, std::_Placeholder<1>))(const std::shared_ptr<const sensor_msgs::msg::PointCloud2_<std::allocator<void> > >&)>; AllocatorT = std::allocator<void>; CallbackMessageT = const std::shared_ptr<const sensor_msgs::msg::PointCloud2_<std::allocator<void> > >&; SubscriptionT = rclcpp::Subscription<const std::shared_ptr<const sensor_msgs::msg::PointCloud2_<std::allocator<void> > >&, std::allocator<void>, rclcpp::message_memory_strategy::MessageMemoryStrategy<const std::shared_ptr<const sensor_msgs::msg::PointCloud2_<std::allocator<void> > >&, std::allocator<void> > >; MessageMemoryStrategyT = rclcpp::message_memory_strategy::MessageMemoryStrategy<const std::shared_ptr<const sensor_msgs::msg::PointCloud2_<std::allocator<void> > >&, std::allocator<void> >; NodeT = rclcpp::Node&; std::string = std::__cxx11::basic_string<char>; typename MessageMemoryStrategyT::SharedPtr = std::shared_ptr<rclcpp::message_memory_strategy::MessageMemoryStrategy<const std::shared_ptr<const sensor_msgs::msg::PointCloud2_<std::allocator<void> > >&, std::allocator<void> > >][m[K’
[8.457s] [01m[K/opt/ros/foxy/include/rclcpp/node_impl.hpp:98:47:[m[K   required from ‘[01m[Kstd::shared_ptr<SubscriptionT> rclcpp::Node::create_subscription(const string&, const rclcpp::QoS&, CallbackT&&, const rclcpp::SubscriptionOptionsWithAllocator<AllocatorT>&, typename MessageMemoryStrategyT::SharedPtr) [with MessageT = sensor_msgs::msg::PointCloud2_<std::allocator<void> >; CallbackT = std::_Bind<void (LidarSubscriberNode::*(LidarSubscriberNode*, std::_Placeholder<1>))(const std::shared_ptr<const sensor_msgs::msg::PointCloud2_<std::allocator<void> > >&)>; AllocatorT = std::allocator<void>; CallbackMessageT = const std::shared_ptr<const sensor_msgs::msg::PointCloud2_<std::allocator<void> > >&; SubscriptionT = rclcpp::Subscription<const std::shared_ptr<const sensor_msgs::msg::PointCloud2_<std::allocator<void> > >&, std::allocator<void>, rclcpp::message_memory_strategy::MessageMemoryStrategy<const std::shared_ptr<const sensor_msgs::msg::PointCloud2_<std::allocator<void> > >&, std::allocator<void> > >; MessageMemoryStrategyT = rclcpp::message_memory_strategy::MessageMemoryStrategy<const std::shared_ptr<const sensor_msgs::msg::PointCloud2_<std::allocator<void> > >&, std::allocator<void> >; std::string = std::__cxx11::basic_string<char>; typename MessageMemoryStrategyT::SharedPtr = std::shared_ptr<rclcpp::message_memory_strategy::MessageMemoryStrategy<const std::shared_ptr<const sensor_msgs::msg::PointCloud2_<std::allocator<void> > >&, std::allocator<void> > >][m[K’
[8.458s] [01m[K/home/jeongmyung/slam-tutorial_ws/src/slam-tutorial/executables/main_lidar.cpp:476:90:[m[K   required from here
[8.458s] [01m[K/usr/include/c++/9/bits/allocator.h:116:26:[m[K [01;31m[Kerror: [m[Kforming pointer to reference type ‘[01m[Kconst std::shared_ptr<const sensor_msgs::msg::PointCloud2_<std::allocator<void> > >&[m[K’
[8.458s]   116 |       typedef _Tp*       [01;31m[Kpointer[m[K;
[8.458s]       |                          [01;31m[K^~~~~~~[m[K
[8.458s] [01m[K/usr/include/c++/9/bits/allocator.h:117:26:[m[K [01;31m[Kerror: [m[Kforming pointer to reference type ‘[01m[Kconst std::shared_ptr<const sensor_msgs::msg::PointCloud2_<std::allocator<void> > >&[m[K’
[8.458s]   117 |       typedef const _Tp* [01;31m[Kconst_pointer[m[K;
[8.459s]       |                          [01;31m[K^~~~~~~~~~~~~[m[K
[12.188s] In file included from [01m[K/usr/include/c++/9/bits/shared_ptr.h:52[m[K,
[12.189s]                  from [01m[K/usr/include/c++/9/memory:81[m[K,
[12.189s]                  from [01m[K/usr/local/include/fmt/format.h:41[m[K,
[12.189s]                  from [01m[K/home/jeongmyung/slam-tutorial_ws/src/slam-tutorial/executables/main_lidar.cpp:2[m[K:
[12.189s] /usr/include/c++/9/bits/shared_ptr_base.h: In instantiation of ‘[01m[Kclass std::__shared_ptr_access<const std::shared_ptr<const sensor_msgs::msg::PointCloud2_<std::allocator<void> > >&, __gnu_cxx::_S_atomic, false, false>[m[K’:
[12.189s] [01m[K/usr/include/c++/9/bits/shared_ptr_base.h:1080:11:[m[K   required from ‘[01m[Kclass std::__shared_ptr<const std::shared_ptr<const sensor_msgs::msg::PointCloud2_<std::allocator<void> > >&, __gnu_cxx::_S_atomic>[m[K’
[12.189s] [01m[K/opt/ros/foxy/include/rclcpp/message_memory_strategy.hpp:85:37:[m[K   recursively required from ‘[01m[Kstd::shared_ptr<_Tp> rclcpp::message_memory_strategy::MessageMemoryStrategy<MessageT, Alloc>::borrow_message() [with MessageT = const std::shared_ptr<const sensor_msgs::msg::PointCloud2_<std::allocator<void> > >&; Alloc = std::allocator<void>][m[K’
[12.189s] [01m[K/opt/ros/foxy/include/rclcpp/message_memory_strategy.hpp:85:37:[m[K   required from here
[12.190s] [01m[K/usr/include/c++/9/bits/shared_ptr_base.h:1012:7:[m[K [01;31m[Kerror: [m[Kforming pointer to reference type ‘[01m[Kstd::__shared_ptr_access<const std::shared_ptr<const sensor_msgs::msg::PointCloud2_<std::allocator<void> > >&, __gnu_cxx::_S_atomic, false, false>::element_type[m[K’ {aka ‘[01m[Kconst std::shared_ptr<const sensor_msgs::msg::PointCloud2_<std::allocator<void> > >&[m[K’}
[12.190s]  1012 |       [01;31m[Koperator[m[K->() const noexcept
[12.190s]       |       [01;31m[K^~~~~~~~[m[K
[12.190s] [01m[K/usr/include/c++/9/bits/shared_ptr_base.h:1020:7:[m[K [01;31m[Kerror: [m[Kforming pointer to reference type ‘[01m[Kstd::__shared_ptr_access<const std::shared_ptr<const sensor_msgs::msg::PointCloud2_<std::allocator<void> > >&, __gnu_cxx::_S_atomic, false, false>::element_type[m[K’ {aka ‘[01m[Kconst std::shared_ptr<const sensor_msgs::msg::PointCloud2_<std::allocator<void> > >&[m[K’}
[12.190s]  1020 |       [01;31m[K_M_get[m[K() const noexcept
[12.190s]       |       [01;31m[K^~~~~~[m[K
[12.191s] /usr/include/c++/9/bits/shared_ptr_base.h: In instantiation of ‘[01m[Kclass std::__shared_ptr<const std::shared_ptr<const sensor_msgs::msg::PointCloud2_<std::allocator<void> > >&, __gnu_cxx::_S_atomic>[m[K’:
[12.191s] [01m[K/opt/ros/foxy/include/rclcpp/message_memory_strategy.hpp:85:37:[m[K   recursively required from ‘[01m[Kstd::shared_ptr<_Tp> rclcpp::message_memory_strategy::MessageMemoryStrategy<MessageT, Alloc>::borrow_message() [with MessageT = const std::shared_ptr<const sensor_msgs::msg::PointCloud2_<std::allocator<void> > >&; Alloc = std::allocator<void>][m[K’
[12.191s] [01m[K/opt/ros/foxy/include/rclcpp/message_memory_strategy.hpp:85:37:[m[K   required from here
[12.191s] [01m[K/usr/include/c++/9/bits/shared_ptr_base.h:1094:8:[m[K [01;31m[Kerror: [m[Kforming pointer to reference type ‘[01m[Kconst std::shared_ptr<const sensor_msgs::msg::PointCloud2_<std::allocator<void> > >&[m[K’
[12.191s]  1094 |  using [01;31m[K_Compatible[m[K = typename
[12.192s]       |        [01;31m[K^~~~~~~~~~~[m[K
[12.192s] [01m[K/usr/include/c++/9/bits/shared_ptr_base.h:1104:8:[m[K [01;31m[Kerror: [m[Kforming pointer to reference type ‘[01m[Kconst std::shared_ptr<const sensor_msgs::msg::PointCloud2_<std::allocator<void> > >&[m[K’
[12.192s]  1104 |  using [01;31m[K_UniqCompatible[m[K = typename enable_if<__and_<
[12.192s]       |        [01;31m[K^~~~~~~~~~~~~~~[m[K
[12.192s] [01m[K/usr/include/c++/9/bits/shared_ptr_base.h:1162:2:[m[K [01;31m[Kerror: [m[Kforming pointer to reference type ‘[01m[Kstd::__shared_ptr<const std::shared_ptr<const sensor_msgs::msg::PointCloud2_<std::allocator<void> > >&, __gnu_cxx::_S_atomic>::element_type[m[K’ {aka ‘[01m[Kconst std::shared_ptr<const sensor_msgs::msg::PointCloud2_<std::allocator<void> > >&[m[K’}
[12.192s]  1162 |  [01;31m[K__shared_ptr[m[K(const __shared_ptr<_Yp, _Lp>& __r,
[12.192s]       |  [01;31m[K^~~~~~~~~~~~[m[K
[12.192s] /usr/include/c++/9/bits/shared_ptr_base.h: In substitution of ‘[01m[Ktemplate<class _Tp, __gnu_cxx::_Lock_policy _Lp> template<class _Yp, class _Res> using _Compatible = typename std::enable_if<std::__sp_compatible_with<_Yp*, _Tp*>::value, _Res>::type [with _Yp = _Yp; _Res = void; _Tp = const std::shared_ptr<const sensor_msgs::msg::PointCloud2_<std::allocator<void> > >&; __gnu_cxx::_Lock_policy _Lp = __gnu_cxx::_S_atomic][m[K’:
[12.192s] [01m[K/usr/include/c++/9/bits/shared_ptr_base.h:1172:2:[m[K   required from ‘[01m[Kclass std::__shared_ptr<const std::shared_ptr<const sensor_msgs::msg::PointCloud2_<std::allocator<void> > >&, __gnu_cxx::_S_atomic>[m[K’
[12.192s] [01m[K/opt/ros/foxy/include/rclcpp/message_memory_strategy.hpp:85:37:[m[K   recursively required from ‘[01m[Kstd::shared_ptr<_Tp> rclcpp::message_memory_strategy::MessageMemoryStrategy<MessageT, Alloc>::borrow_message() [with MessageT = const std::shared_ptr<const sensor_msgs::msg::PointCloud2_<std::allocator<void> > >&; Alloc = std::allocator<void>][m[K’
[12.192s] [01m[K/opt/ros/foxy/include/rclcpp/message_memory_strategy.hpp:85:37:[m[K   required from here
[12.192s] [01m[K/usr/include/c++/9/bits/shared_ptr_base.h:1094:8:[m[K [01;31m[Kerror: [m[Kforming pointer to reference type ‘[01m[Kconst std::shared_ptr<const sensor_msgs::msg::PointCloud2_<std::allocator<void> > >&[m[K’
[12.193s]  1094 |  using [01;31m[K_Compatible[m[K = typename
[12.193s]       |        [01;31m[K^~~~~~~~~~~[m[K
[12.193s] /usr/include/c++/9/bits/shared_ptr_base.h: In substitution of ‘[01m[Ktemplate<class _Tp, __gnu_cxx::_Lock_policy _Lp> template<class _Yp, class _Del, class _Res, class _Ptr> using _UniqCompatible = typename std::enable_if<std::__and_<std::__sp_compatible_with<_Yp*, _Tp*>, std::is_convertible<_Ptr, typename std::remove_extent<_Up>::type*> >::value, _Res>::type [with _Yp = _Yp; _Del = _Del; _Res = void; _Ptr = typename std::unique_ptr<_Tp, _Dp>::pointer; _Tp = const std::shared_ptr<const sensor_msgs::msg::PointCloud2_<std::allocator<void> > >&; __gnu_cxx::_Lock_policy _Lp = __gnu_cxx::_S_atomic][m[K’:
[12.193s] [01m[K/usr/include/c++/9/bits/shared_ptr_base.h:1203:2:[m[K   required from ‘[01m[Kclass std::__shared_ptr<const std::shared_ptr<const sensor_msgs::msg::PointCloud2_<std::allocator<void> > >&, __gnu_cxx::_S_atomic>[m[K’
[12.193s] [01m[K/opt/ros/foxy/include/rclcpp/message_memory_strategy.hpp:85:37:[m[K   recursively required from ‘[01m[Kstd::shared_ptr<_Tp> rclcpp::message_memory_strategy::MessageMemoryStrategy<MessageT, Alloc>::borrow_message() [with MessageT = const std::shared_ptr<const sensor_msgs::msg::PointCloud2_<std::allocator<void> > >&; Alloc = std::allocator<void>][m[K’
[12.193s] [01m[K/opt/ros/foxy/include/rclcpp/message_memory_strategy.hpp:85:37:[m[K   required from here
[12.193s] [01m[K/usr/include/c++/9/bits/shared_ptr_base.h:1104:8:[m[K [01;31m[Kerror: [m[Kforming pointer to reference type ‘[01m[Kconst std::shared_ptr<const sensor_msgs::msg::PointCloud2_<std::allocator<void> > >&[m[K’
[12.193s]  1104 |  using [01;31m[K_UniqCompatible[m[K = typename enable_if<__and_<
[12.193s]       |        [01;31m[K^~~~~~~~~~~~~~~[m[K
[12.193s] /usr/include/c++/9/bits/shared_ptr_base.h: In instantiation of ‘[01m[Kclass std::__shared_ptr<const std::shared_ptr<const sensor_msgs::msg::PointCloud2_<std::allocator<void> > >&, __gnu_cxx::_S_atomic>[m[K’:
[12.193s] [01m[K/opt/ros/foxy/include/rclcpp/message_memory_strategy.hpp:85:37:[m[K   recursively required from ‘[01m[Kstd::shared_ptr<_Tp> rclcpp::message_memory_strategy::MessageMemoryStrategy<MessageT, Alloc>::borrow_message() [with MessageT = const std::shared_ptr<const sensor_msgs::msg::PointCloud2_<std::allocator<void> > >&; Alloc = std::allocator<void>][m[K’
[12.193s] [01m[K/opt/ros/foxy/include/rclcpp/message_memory_strategy.hpp:85:37:[m[K   required from here
[12.194s] [01m[K/usr/include/c++/9/bits/shared_ptr_base.h:1219:2:[m[K [01;31m[Kerror: [m[Kforming pointer to reference type ‘[01m[Kconst std::shared_ptr<const sensor_msgs::msg::PointCloud2_<std::allocator<void> > >&[m[K’
[12.194s]  1219 |  [01;31m[K__shared_ptr[m[K(unique_ptr<_Tp1, _Del>&& __r, __sp_array_delete)
[12.194s]       |  [01;31m[K^~~~~~~~~~~~[m[K
[12.194s] [01m[K/usr/include/c++/9/bits/shared_ptr_base.h:1309:7:[m[K [01;31m[Kerror: [m[Kforming pointer to reference type ‘[01m[Kstd::__shared_ptr<const std::shared_ptr<const sensor_msgs::msg::PointCloud2_<std::allocator<void> > >&, __gnu_cxx::_S_atomic>::element_type[m[K’ {aka ‘[01m[Kconst std::shared_ptr<const sensor_msgs::msg::PointCloud2_<std::allocator<void> > >&[m[K’}
[12.194s]  1309 |       [01;31m[Kget[m[K() const noexcept
[12.194s]       |       [01;31m[K^~~[m[K
[12.194s] [01m[K/usr/include/c++/9/bits/shared_ptr_base.h:1404:24:[m[K [01;31m[Kerror: [m[Kforming pointer to reference type ‘[01m[Kstd::__shared_ptr<const std::shared_ptr<const sensor_msgs::msg::PointCloud2_<std::allocator<void> > >&, __gnu_cxx::_S_atomic>::element_type[m[K’ {aka ‘[01m[Kconst std::shared_ptr<const sensor_msgs::msg::PointCloud2_<std::allocator<void> > >&[m[K’}
[12.194s]  1404 |       element_type*    [01;31m[K_M_ptr[m[K;         // Contained pointer.
[12.194s]       |                        [01;31m[K^~~~~~[m[K
[12.194s] In file included from [01m[K/usr/include/c++/9/memory:81[m[K,
[12.194s]                  from [01m[K/usr/local/include/fmt/format.h:41[m[K,
[12.194s]                  from [01m[K/home/jeongmyung/slam-tutorial_ws/src/slam-tutorial/executables/main_lidar.cpp:2[m[K:
[12.195s] /usr/include/c++/9/bits/shared_ptr.h: In instantiation of ‘[01m[Kclass std::shared_ptr<const std::shared_ptr<const sensor_msgs::msg::PointCloud2_<std::allocator<void> > >&>[m[K’:
[12.195s] [01m[K/opt/ros/foxy/include/rclcpp/message_memory_strategy.hpp:85:37:[m[K   recursively required from ‘[01m[Kstd::shared_ptr<_Tp> rclcpp::message_memory_strategy::MessageMemoryStrategy<MessageT, Alloc>::borrow_message() [with MessageT = const std::shared_ptr<const sensor_msgs::msg::PointCloud2_<std::allocator<void> > >&; Alloc = std::allocator<void>][m[K’
[12.195s] [01m[K/opt/ros/foxy/include/rclcpp/message_memory_strategy.hpp:85:37:[m[K   required from here
[12.195s] [01m[K/usr/include/c++/9/bits/shared_ptr.h:234:2:[m[K [01;31m[Kerror: [m[Kforming pointer to reference type ‘[01m[Kstd::shared_ptr<const std::shared_ptr<const sensor_msgs::msg::PointCloud2_<std::allocator<void> > >&>::element_type[m[K’ {aka ‘[01m[Kconst std::shared_ptr<const sensor_msgs::msg::PointCloud2_<std::allocator<void> > >&[m[K’}
[12.195s]   234 |  [01;31m[Kshared_ptr[m[K(const shared_ptr<_Yp>& __r, element_type* __p) noexcept
[12.195s]       |  [01;31m[K^~~~~~~~~~[m[K
[12.241s] In file included from [01m[K/usr/include/c++/9/bits/shared_ptr.h:52[m[K,
[12.241s]                  from [01m[K/usr/include/c++/9/memory:81[m[K,
[12.241s]                  from [01m[K/usr/local/include/fmt/format.h:41[m[K,
[12.241s]                  from [01m[K/home/jeongmyung/slam-tutorial_ws/src/slam-tutorial/executables/main_lidar.cpp:2[m[K:
[12.241s] /usr/include/c++/9/bits/shared_ptr_base.h: In instantiation of ‘[01m[Kconstexpr std::__shared_ptr<_Tp, _Lp>::__shared_ptr() [with _Tp = const std::shared_ptr<const sensor_msgs::msg::PointCloud2_<std::allocator<void> > >&; __gnu_cxx::_Lock_policy _Lp = __gnu_cxx::_S_atomic][m[K’:
[12.241s] [01m[K/usr/include/c++/9/bits/shared_ptr_base.h:1287:9:[m[K   required from ‘[01m[Kvoid std::__shared_ptr<_Tp, _Lp>::reset() [with _Tp = const std::shared_ptr<const sensor_msgs::msg::PointCloud2_<std::allocator<void> > >&; __gnu_cxx::_Lock_policy _Lp = __gnu_cxx::_S_atomic][m[K’
[12.241s] [01m[K/opt/ros/foxy/include/rclcpp/message_memory_strategy.hpp:109:5:[m[K   required from ‘[01m[Kvoid rclcpp::message_memory_strategy::MessageMemoryStrategy<MessageT, Alloc>::return_message(std::shared_ptr<_Tp>&) [with MessageT = const std::shared_ptr<const sensor_msgs::msg::PointCloud2_<std::allocator<void> > >&; Alloc = std::allocator<void>][m[K’
[12.242s] [01m[K/opt/ros/foxy/include/rclcpp/message_memory_strategy.hpp:107:16:[m[K   required from here
[12.242s] [01m[K/usr/include/c++/9/bits/shared_ptr_base.h:1119:32:[m[K [01;31m[Kerror: [m[Kusing invalid field ‘[01m[Kstd::__shared_ptr<_Tp, _Lp>::_M_ptr[m[K’
[12.242s]  1119 |       : _M_ptr(0), _M_refcount([01;31m[K)[m[K
[12.242s]       |                                [01;31m[K^[m[K
[12.242s] /usr/include/c++/9/bits/shared_ptr_base.h: In instantiation of ‘[01m[Kvoid std::__shared_ptr<_Tp, _Lp>::swap(std::__shared_ptr<_Tp, _Lp>&) [with _Tp = const std::shared_ptr<const sensor_msgs::msg::PointCloud2_<std::allocator<void> > >&; __gnu_cxx::_Lock_policy _Lp = __gnu_cxx::_S_atomic][m[K’:
[12.242s] [01m[K/usr/include/c++/9/bits/shared_ptr_base.h:1287:24:[m[K   required from ‘[01m[Kvoid std::__shared_ptr<_Tp, _Lp>::reset() [with _Tp = const std::shared_ptr<const sensor_msgs::msg::PointCloud2_<std::allocator<void> > >&; __gnu_cxx::_Lock_policy _Lp = __gnu_cxx::_S_atomic][m[K’
[12.243s] [01m[K/opt/ros/foxy/include/rclcpp/message_memory_strategy.hpp:109:5:[m[K   required from ‘[01m[Kvoid rclcpp::message_memory_strategy::MessageMemoryStrategy<MessageT, Alloc>::return_message(std::shared_ptr<_Tp>&) [with MessageT = const std::shared_ptr<const sensor_msgs::msg::PointCloud2_<std::allocator<void> > >&; Alloc = std::allocator<void>][m[K’
[12.243s] [01m[K/opt/ros/foxy/include/rclcpp/message_memory_strategy.hpp:107:16:[m[K   required from here
[12.243s] [01m[K/usr/include/c++/9/bits/shared_ptr_base.h:1326:12:[m[K [01;31m[Kerror: [m[Kusing invalid field ‘[01m[Kstd::__shared_ptr<_Tp, _Lp>::_M_ptr[m[K’
[12.243s]  1326 |  std::swap([01;31m[K_M_ptr[m[K, __other._M_ptr);
[12.243s]       |            [01;31m[K^~~~~~[m[K
[12.243s] [01m[K/usr/include/c++/9/bits/shared_ptr_base.h:1326:28:[m[K [01;31m[Kerror: [m[K‘[01m[Kclass std::__shared_ptr<const std::shared_ptr<const sensor_msgs::msg::PointCloud2_<std::allocator<void> > >&, __gnu_cxx::_S_atomic>[m[K’ has no member named ‘[01m[K_M_ptr[m[K’
[12.243s]  1326 |  std::swap(_M_ptr, [01;31m[K__other._M_ptr[m[K);
[12.243s]       |                    [01;31m[K~~~~~~~~^~~~~~[m[K
[12.377s] In file included from [01m[K/usr/include/c++/9/future:48[m[K,
[12.377s]                  from [01m[K/opt/ros/foxy/include/rclcpp/executors.hpp:18[m[K,
[12.378s]                  from [01m[K/opt/ros/foxy/include/rclcpp/rclcpp.hpp:146[m[K,
[12.378s]                  from [01m[K/opt/ros/foxy/include/tf2_ros/transform_broadcaster.h:36[m[K,
[12.378s]                  from [01m[K/home/jeongmyung/slam-tutorial_ws/src/slam-tutorial/executables/main_lidar.cpp:5[m[K:
[12.378s] [01m[K/usr/include/c++/9/bits/std_function.h:[m[K At global scope:
[12.378s] [01m[K/usr/include/c++/9/bits/std_function.h:667:7:[m[K [01;31m[Kerror: [m[K‘[01m[Kstd::function<_Res(_ArgTypes ...)>::function(_Functor) [with _Functor = rclcpp::create_subscription_factory(CallbackT&&, const rclcpp::SubscriptionOptionsWithAllocator<AllocatorT>&, typename MessageMemoryStrategyT::SharedPtr, std::shared_ptr<rclcpp::topic_statistics::SubscriptionTopicStatistics<CallbackMessageT> >) [with MessageT = sensor_msgs::msg::PointCloud2_<std::allocator<void> >; CallbackT = std::_Bind<void (LidarSubscriberNode::*(LidarSubscriberNode*, std::_Placeholder<1>))(const std::shared_ptr<const sensor_msgs::msg::PointCloud2_<std::allocator<void> > >&)>; AllocatorT = std::allocator<void>; CallbackMessageT = const std::shared_ptr<const sensor_msgs::msg::PointCloud2_<std::allocator<void> > >&; SubscriptionT = rclcpp::Subscription<const std::shared_ptr<const sensor_msgs::msg::PointCloud2_<std::allocator<void> > >&, std::allocator<void>, rclcpp::message_memory_strategy::MessageMemoryStrategy<const std::shared_ptr<const sensor_msgs::msg::PointCloud2_<std::allocator<void> > >&, std::allocator<void> > >; MessageMemoryStrategyT = rclcpp::message_memory_strategy::MessageMemoryStrategy<const std::shared_ptr<const sensor_msgs::msg::PointCloud2_<std::allocator<void> > >&, std::allocator<void> >; typename MessageMemoryStrategyT::SharedPtr = std::shared_ptr<rclcpp::message_memory_strategy::MessageMemoryStrategy<const std::shared_ptr<const sensor_msgs::msg::PointCloud2_<std::allocator<void> > >&, std::allocator<void> > >]::<lambda(rclcpp::node_interfaces::NodeBaseInterface*, const string&, const rclcpp::QoS&)>; <template-parameter-2-2> = void; <template-parameter-2-3> = void; _Res = std::shared_ptr<rclcpp::SubscriptionBase>; _ArgTypes = {rclcpp::node_interfaces::NodeBaseInterface*, const std::__cxx11::basic_string<char, std::char_traits<char>, std::allocator<char> >&, const rclcpp::QoS&}][m[K’, declared using local type ‘[01m[Krclcpp::create_subscription_factory(CallbackT&&, const rclcpp::SubscriptionOptionsWithAllocator<AllocatorT>&, typename MessageMemoryStrategyT::SharedPtr, std::shared_ptr<rclcpp::topic_statistics::SubscriptionTopicStatistics<CallbackMessageT> >) [with MessageT = sensor_msgs::msg::PointCloud2_<std::allocator<void> >; CallbackT = std::_Bind<void (LidarSubscriberNode::*(LidarSubscriberNode*, std::_Placeholder<1>))(const std::shared_ptr<const sensor_msgs::msg::PointCloud2_<std::allocator<void> > >&)>; AllocatorT = std::allocator<void>; CallbackMessageT = const std::shared_ptr<const sensor_msgs::msg::PointCloud2_<std::allocator<void> > >&; SubscriptionT = rclcpp::Subscription<const std::shared_ptr<const sensor_msgs::msg::PointCloud2_<std::allocator<void> > >&, std::allocator<void>, rclcpp::message_memory_strategy::MessageMemoryStrategy<const std::shared_ptr<const sensor_msgs::msg::PointCloud2_<std::allocator<void> > >&, std::allocator<void> > >; MessageMemoryStrategyT = rclcpp::message_memory_strategy::MessageMemoryStrategy<const std::shared_ptr<const sensor_msgs::msg::PointCloud2_<std::allocator<void> > >&, std::allocator<void> >; typename MessageMemoryStrategyT::SharedPtr = std::shared_ptr<rclcpp::message_memory_strategy::MessageMemoryStrategy<const std::shared_ptr<const sensor_msgs::msg::PointCloud2_<std::allocator<void> > >&, std::allocator<void> > >]::<lambda(rclcpp::node_interfaces::NodeBaseInterface*, const string&, const rclcpp::QoS&)>[m[K’, is used but never defined [[01;31m[K-fpermissive[m[K]
[12.378s]   667 |       [01;31m[Kfunction<_Res(_ArgTypes...)>[m[K::
[12.378s]       |       [01;31m[K^~~~~~~~~~~~~~~~~~~~~~~~~~~~[m[K
[13.151s] make[2]: *** [CMakeFiles/main_lidar_node.dir/build.make:63: CMakeFiles/main_lidar_node.dir/executables/main_lidar.cpp.o] Error 1
[13.151s] make[1]: *** [CMakeFiles/Makefile2:118: CMakeFiles/main_lidar_node.dir/all] Error 2
[13.151s] make: *** [Makefile:141: all] Error 2
[13.154s] Invoked command in '/home/jeongmyung/slam-tutorial_ws/src/slam-tutorial/build/slam-tutorial' returned '2': CMAKE_PREFIX_PATH=${CMAKE_PREFIX_PATH}:/opt/ros/foxy /usr/bin/cmake --build /home/jeongmyung/slam-tutorial_ws/src/slam-tutorial/build/slam-tutorial -- -j12 -l12
