[0.032s] Invoking command in '/home/jeongmyung/slam-tutorial_ws/src/slam-tutorial/build/slam-tutorial': CMAKE_PREFIX_PATH=${CMAKE_PREFIX_PATH}:/opt/ros/foxy /usr/bin/cmake --build /home/jeongmyung/slam-tutorial_ws/src/slam-tutorial/build/slam-tutorial -- -j12 -l12
[0.108s] [35m[1mScanning dependencies of target main_node[0m
[0.146s] [ 50%] Built target lidar_subscriber_node
[0.169s] [ 75%] [32mBuilding CXX object CMakeFiles/main_node.dir/executables/main.cpp.o[0m
[2.046s] In file included from [01m[K/home/jeongmyung/slam-tutorial_ws/src/slam-tutorial/executables/main.cpp:8[m[K:
[2.047s] [01m[K/opt/ros/foxy/include/image_transport/image_transport.h:41:89:[m[K [01;36m[Knote: [m[K#pragma message: Warning: This header is deprecated. Use 'image_transport.hpp' instead
[2.047s]    41 | #pragma message ("Warning: This header is deprecated. Use 'image_transport.hpp' instead"[01;36m[K)[m[K
[2.047s]       |                                                                                         [01;36m[K^[m[K
[9.125s] [100%] [32m[1mLinking CXX executable main_node[0m
[10.505s] [100%] Built target main_node
[10.521s] Invoked command in '/home/jeongmyung/slam-tutorial_ws/src/slam-tutorial/build/slam-tutorial' returned '0': CMAKE_PREFIX_PATH=${CMAKE_PREFIX_PATH}:/opt/ros/foxy /usr/bin/cmake --build /home/jeongmyung/slam-tutorial_ws/src/slam-tutorial/build/slam-tutorial -- -j12 -l12
[10.568s] Invoking command in '/home/jeongmyung/slam-tutorial_ws/src/slam-tutorial/build/slam-tutorial': CMAKE_PREFIX_PATH=${CMAKE_PREFIX_PATH}:/opt/ros/foxy /usr/bin/cmake --install /home/jeongmyung/slam-tutorial_ws/src/slam-tutorial/build/slam-tutorial
[10.581s] -- Install configuration: ""
[10.581s] -- Execute custom install script
[10.582s] -- Up-to-date symlink: /home/jeongmyung/slam-tutorial_ws/src/slam-tutorial/install/slam-tutorial/lib/slam-tutorial/main_node
[10.584s] -- Up-to-date symlink: /home/jeongmyung/slam-tutorial_ws/src/slam-tutorial/install/slam-tutorial/lib/slam-tutorial/lidar_subscriber_node
[10.584s] -- Up-to-date symlink: /home/jeongmyung/slam-tutorial_ws/src/slam-tutorial/install/slam-tutorial/share/ament_index/resource_index/package_run_dependencies/slam-tutorial
[10.585s] -- Up-to-date symlink: /home/jeongmyung/slam-tutorial_ws/src/slam-tutorial/install/slam-tutorial/share/ament_index/resource_index/parent_prefix_path/slam-tutorial
[10.585s] -- Up-to-date symlink: /home/jeongmyung/slam-tutorial_ws/src/slam-tutorial/install/slam-tutorial/share/slam-tutorial/environment/ament_prefix_path.sh
[10.586s] -- Up-to-date symlink: /home/jeongmyung/slam-tutorial_ws/src/slam-tutorial/install/slam-tutorial/share/slam-tutorial/environment/ament_prefix_path.dsv
[10.587s] -- Up-to-date symlink: /home/jeongmyung/slam-tutorial_ws/src/slam-tutorial/install/slam-tutorial/share/slam-tutorial/environment/path.sh
[10.587s] -- Up-to-date symlink: /home/jeongmyung/slam-tutorial_ws/src/slam-tutorial/install/slam-tutorial/share/slam-tutorial/environment/path.dsv
[10.588s] -- Up-to-date symlink: /home/jeongmyung/slam-tutorial_ws/src/slam-tutorial/install/slam-tutorial/share/slam-tutorial/local_setup.bash
[10.589s] -- Up-to-date symlink: /home/jeongmyung/slam-tutorial_ws/src/slam-tutorial/install/slam-tutorial/share/slam-tutorial/local_setup.sh
[10.589s] -- Up-to-date symlink: /home/jeongmyung/slam-tutorial_ws/src/slam-tutorial/install/slam-tutorial/share/slam-tutorial/local_setup.zsh
[10.590s] -- Up-to-date symlink: /home/jeongmyung/slam-tutorial_ws/src/slam-tutorial/install/slam-tutorial/share/slam-tutorial/local_setup.dsv
[10.590s] -- Symlinking: /home/jeongmyung/slam-tutorial_ws/src/slam-tutorial/install/slam-tutorial/share/slam-tutorial/package.dsv
[10.604s] -- Up-to-date symlink: /home/jeongmyung/slam-tutorial_ws/src/slam-tutorial/install/slam-tutorial/share/ament_index/resource_index/packages/slam-tutorial
[10.605s] -- Up-to-date symlink: /home/jeongmyung/slam-tutorial_ws/src/slam-tutorial/install/slam-tutorial/share/slam-tutorial/cmake/slam-tutorialConfig.cmake
[10.605s] -- Up-to-date symlink: /home/jeongmyung/slam-tutorial_ws/src/slam-tutorial/install/slam-tutorial/share/slam-tutorial/cmake/slam-tutorialConfig-version.cmake
[10.606s] -- Up-to-date symlink: /home/jeongmyung/slam-tutorial_ws/src/slam-tutorial/install/slam-tutorial/share/slam-tutorial/package.xml
[10.607s] -- Up-to-date symlink: /home/jeongmyung/slam-tutorial_ws/src/slam-tutorial/install/slam-tutorial/share/slam-tutorial//launch/main_node.launch.py
[10.612s] Invoked command in '/home/jeongmyung/slam-tutorial_ws/src/slam-tutorial/build/slam-tutorial' returned '0': CMAKE_PREFIX_PATH=${CMAKE_PREFIX_PATH}:/opt/ros/foxy /usr/bin/cmake --install /home/jeongmyung/slam-tutorial_ws/src/slam-tutorial/build/slam-tutorial
