[0.457s] DEBUG:colcon:Command line arguments: ['/usr/bin/colcon', 'build', '--symlink-install']
[0.457s] DEBUG:colcon:Parsed command line arguments: Namespace(allow_overriding=[], ament_cmake_args=None, base_paths=['.'], build_base='build', catkin_cmake_args=None, catkin_skip_building_tests=False, cmake_args=None, cmake_clean_cache=False, cmake_clean_first=False, cmake_force_configure=False, cmake_target=None, cmake_target_skip_unavailable=False, continue_on_error=False, event_handlers=None, executor='parallel', ignore_user_meta=False, install_base='install', log_base=None, log_level=None, main=<bound method BuildVerb.main of <colcon_core.verb.build.BuildVerb object at 0x7f4bd1a3b460>>, merge_install=False, metas=['./colcon.meta'], packages_above=None, packages_above_and_dependencies=None, packages_above_depth=None, packages_end=None, packages_ignore=None, packages_ignore_regex=None, packages_select=None, packages_select_build_failed=False, packages_select_by_dep=None, packages_select_regex=None, packages_select_test_failures=False, packages_skip=None, packages_skip_build_finished=False, packages_skip_by_dep=None, packages_skip_regex=None, packages_skip_test_passed=False, packages_skip_up_to=None, packages_start=None, packages_up_to=None, packages_up_to_regex=None, parallel_workers=12, paths=None, symlink_install=True, test_result_base=None, verb_extension=<colcon_core.verb.build.BuildVerb object at 0x7f4bd1a3b460>, verb_name='build', verb_parser=<colcon_defaults.argument_parser.defaults.DefaultArgumentsDecorator object at 0x7f4bd1a3b9a0>)
[0.492s] Level 1:colcon.colcon_core.package_discovery:discover_packages(colcon_meta) check parameters
[0.493s] Level 1:colcon.colcon_core.package_discovery:discover_packages(recursive) check parameters
[0.493s] Level 1:colcon.colcon_core.package_discovery:discover_packages(ignore) check parameters
[0.493s] Level 1:colcon.colcon_core.package_discovery:discover_packages(path) check parameters
[0.493s] Level 1:colcon.colcon_core.package_discovery:discover_packages(colcon_meta) discover
[0.493s] Level 1:colcon.colcon_core.package_discovery:discover_packages(recursive) discover
[0.493s] INFO:colcon.colcon_core.package_discovery:Crawling recursively for packages in '/home/jeongmyung/slam-tutorial_ws/src/slam-tutorial'
[0.493s] Level 1:colcon.colcon_core.package_identification:_identify(.) by extensions ['ignore', 'ignore_ament_install']
[0.493s] Level 1:colcon.colcon_core.package_identification:_identify(.) by extension 'ignore'
[0.493s] Level 1:colcon.colcon_core.package_identification:_identify(.) by extension 'ignore_ament_install'
[0.494s] Level 1:colcon.colcon_core.package_identification:_identify(.) by extensions ['colcon_pkg']
[0.494s] Level 1:colcon.colcon_core.package_identification:_identify(.) by extension 'colcon_pkg'
[0.494s] Level 1:colcon.colcon_core.package_identification:_identify(.) by extensions ['colcon_meta']
[0.494s] Level 1:colcon.colcon_core.package_identification:_identify(.) by extension 'colcon_meta'
[0.494s] Level 1:colcon.colcon_core.package_identification:_identify(.) by extensions ['ros']
[0.494s] Level 1:colcon.colcon_core.package_identification:_identify(.) by extension 'ros'
[0.522s] DEBUG:colcon.colcon_core.package_identification:Package '.' with type 'ros.ament_cmake' and name 'slam-tutorial'
[0.523s] Level 1:colcon.colcon_core.package_discovery:discover_packages(recursive) using defaults
[0.523s] Level 1:colcon.colcon_core.package_discovery:discover_packages(ignore) discover
[0.523s] Level 1:colcon.colcon_core.package_discovery:discover_packages(ignore) using defaults
[0.523s] Level 1:colcon.colcon_core.package_discovery:discover_packages(path) discover
[0.523s] Level 1:colcon.colcon_core.package_discovery:discover_packages(path) using defaults
[0.548s] Level 1:colcon.colcon_core.package_discovery:discover_packages(prefix_path) check parameters
[0.548s] Level 1:colcon.colcon_core.package_discovery:discover_packages(prefix_path) discover
[0.549s] Level 1:colcon.colcon_core.package_discovery:discover_packages(prefix_path) using defaults
[0.552s] Level 5:colcon.colcon_core.verb:set package 'slam-tutorial' build argument 'cmake_args' from command line to 'None'
[0.552s] Level 5:colcon.colcon_core.verb:set package 'slam-tutorial' build argument 'cmake_target' from command line to 'None'
[0.552s] Level 5:colcon.colcon_core.verb:set package 'slam-tutorial' build argument 'cmake_target_skip_unavailable' from command line to 'False'
[0.552s] Level 5:colcon.colcon_core.verb:set package 'slam-tutorial' build argument 'cmake_clean_cache' from command line to 'False'
[0.552s] Level 5:colcon.colcon_core.verb:set package 'slam-tutorial' build argument 'cmake_clean_first' from command line to 'False'
[0.552s] Level 5:colcon.colcon_core.verb:set package 'slam-tutorial' build argument 'cmake_force_configure' from command line to 'False'
[0.552s] Level 5:colcon.colcon_core.verb:set package 'slam-tutorial' build argument 'ament_cmake_args' from command line to 'None'
[0.552s] Level 5:colcon.colcon_core.verb:set package 'slam-tutorial' build argument 'catkin_cmake_args' from command line to 'None'
[0.552s] Level 5:colcon.colcon_core.verb:set package 'slam-tutorial' build argument 'catkin_skip_building_tests' from command line to 'False'
[0.552s] DEBUG:colcon.colcon_core.verb:Building package 'slam-tutorial' with the following arguments: {'ament_cmake_args': None, 'build_base': '/home/jeongmyung/slam-tutorial_ws/src/slam-tutorial/build/slam-tutorial', 'catkin_cmake_args': None, 'catkin_skip_building_tests': False, 'cmake_args': None, 'cmake_clean_cache': False, 'cmake_clean_first': False, 'cmake_force_configure': False, 'cmake_target': None, 'cmake_target_skip_unavailable': False, 'install_base': '/home/jeongmyung/slam-tutorial_ws/src/slam-tutorial/install/slam-tutorial', 'merge_install': False, 'path': '/home/jeongmyung/slam-tutorial_ws/src/slam-tutorial', 'symlink_install': True, 'test_result_base': None}
[0.553s] INFO:colcon.colcon_core.executor:Executing jobs using 'parallel' executor
[0.558s] DEBUG:colcon.colcon_parallel_executor.executor.parallel:run_until_complete
[0.559s] INFO:colcon.colcon_ros.task.ament_cmake.build:Building ROS package in '/home/jeongmyung/slam-tutorial_ws/src/slam-tutorial' with build type 'ament_cmake'
[0.559s] INFO:colcon.colcon_cmake.task.cmake.build:Building CMake package in '/home/jeongmyung/slam-tutorial_ws/src/slam-tutorial'
[0.571s] INFO:colcon.colcon_core.plugin_system:Skipping extension 'colcon_core.shell.bat': Not used on non-Windows systems
[0.571s] INFO:colcon.colcon_core.shell:Skip shell extension 'powershell' for command environment: Not usable outside of PowerShell
[0.571s] DEBUG:colcon.colcon_core.shell:Skip shell extension 'dsv' for command environment
[0.591s] DEBUG:colcon.colcon_core.event_handler.log_command:Invoking command in '/home/jeongmyung/slam-tutorial_ws/src/slam-tutorial/build/slam-tutorial': WSLENV=ELECTRON_RUN_AS_NODE/w:WT_SESSION:BASH_ENV/u:WT_PROFILE_ID /usr/bin/cmake --build /home/jeongmyung/slam-tutorial_ws/src/slam-tutorial/build/slam-tutorial -- -j12 -l12
[7.114s] DEBUG:colcon.colcon_core.event_handler.log_command:Invoked command in '/home/jeongmyung/slam-tutorial_ws/src/slam-tutorial/build/slam-tutorial' returned '2': WSLENV=ELECTRON_RUN_AS_NODE/w:WT_SESSION:BASH_ENV/u:WT_PROFILE_ID /usr/bin/cmake --build /home/jeongmyung/slam-tutorial_ws/src/slam-tutorial/build/slam-tutorial -- -j12 -l12
[7.153s] Level 1:colcon.colcon_core.environment:create_environment_scripts_only(slam-tutorial)
[7.159s] Level 1:colcon.colcon_core.environment:checking '/home/jeongmyung/slam-tutorial_ws/src/slam-tutorial/install/slam-tutorial' for CMake module files
[7.160s] Level 1:colcon.colcon_core.environment:checking '/home/jeongmyung/slam-tutorial_ws/src/slam-tutorial/install/slam-tutorial' for CMake config files
[7.160s] Level 1:colcon.colcon_core.shell:create_environment_hook('slam-tutorial', 'cmake_prefix_path')
[7.162s] INFO:colcon.colcon_core.shell:Creating environment hook '/home/jeongmyung/slam-tutorial_ws/src/slam-tutorial/install/slam-tutorial/share/slam-tutorial/hook/cmake_prefix_path.ps1'
[7.162s] INFO:colcon.colcon_core.shell:Creating environment descriptor '/home/jeongmyung/slam-tutorial_ws/src/slam-tutorial/install/slam-tutorial/share/slam-tutorial/hook/cmake_prefix_path.dsv'
[7.163s] INFO:colcon.colcon_core.shell:Creating environment hook '/home/jeongmyung/slam-tutorial_ws/src/slam-tutorial/install/slam-tutorial/share/slam-tutorial/hook/cmake_prefix_path.sh'
[7.164s] Level 1:colcon.colcon_core.environment:checking '/home/jeongmyung/slam-tutorial_ws/src/slam-tutorial/install/slam-tutorial/lib'
[7.164s] Level 1:colcon.colcon_core.environment:checking '/home/jeongmyung/slam-tutorial_ws/src/slam-tutorial/install/slam-tutorial/bin'
[7.165s] Level 1:colcon.colcon_core.environment:checking '/home/jeongmyung/slam-tutorial_ws/src/slam-tutorial/install/slam-tutorial/lib/pkgconfig/slam-tutorial.pc'
[7.166s] Level 1:colcon.colcon_core.environment:checking '/home/jeongmyung/slam-tutorial_ws/src/slam-tutorial/install/slam-tutorial/lib/python3.8/site-packages'
[7.166s] Level 1:colcon.colcon_core.environment:checking '/home/jeongmyung/slam-tutorial_ws/src/slam-tutorial/install/slam-tutorial/bin'
[7.168s] INFO:colcon.colcon_core.shell:Creating package script '/home/jeongmyung/slam-tutorial_ws/src/slam-tutorial/install/slam-tutorial/share/slam-tutorial/package.ps1'
[7.170s] INFO:colcon.colcon_core.shell:Creating package descriptor '/home/jeongmyung/slam-tutorial_ws/src/slam-tutorial/install/slam-tutorial/share/slam-tutorial/package.dsv'
[7.170s] INFO:colcon.colcon_core.shell:Creating package script '/home/jeongmyung/slam-tutorial_ws/src/slam-tutorial/install/slam-tutorial/share/slam-tutorial/package.sh'
[7.171s] INFO:colcon.colcon_core.shell:Creating package script '/home/jeongmyung/slam-tutorial_ws/src/slam-tutorial/install/slam-tutorial/share/slam-tutorial/package.bash'
[7.172s] INFO:colcon.colcon_core.shell:Creating package script '/home/jeongmyung/slam-tutorial_ws/src/slam-tutorial/install/slam-tutorial/share/slam-tutorial/package.zsh'
[7.173s] Level 1:colcon.colcon_core.environment:create_file_with_runtime_dependencies(/home/jeongmyung/slam-tutorial_ws/src/slam-tutorial/install/slam-tutorial/share/colcon-core/packages/slam-tutorial)
[7.184s] DEBUG:colcon.colcon_parallel_executor.executor.parallel:closing loop
[7.184s] DEBUG:colcon.colcon_parallel_executor.executor.parallel:loop closed
[7.184s] DEBUG:colcon.colcon_parallel_executor.executor.parallel:run_until_complete finished with '2'
[7.185s] DEBUG:colcon.colcon_core.event_reactor:joining thread
[7.192s] INFO:colcon.colcon_core.plugin_system:Skipping extension 'colcon_notification.desktop_notification.terminal_notifier': Not used on non-Darwin systems
[7.192s] INFO:colcon.colcon_core.plugin_system:Skipping extension 'colcon_notification.desktop_notification.win32': Not used on non-Windows systems
[7.192s] INFO:colcon.colcon_notification.desktop_notification:Sending desktop notification using 'notify2'
[42.859s] DEBUG:colcon.colcon_notification.desktop_notification.notify2:Failed to initialize notify2: org.freedesktop.DBus.Error.Spawn.ExecFailed: /usr/bin/dbus-launch terminated abnormally without any error message
