[0.522s] DEBUG:colcon:Command line arguments: ['/usr/bin/colcon', 'build', '--symlink-install']
[0.522s] DEBUG:colcon:Parsed command line arguments: Namespace(allow_overriding=[], ament_cmake_args=None, base_paths=['.'], build_base='build', catkin_cmake_args=None, catkin_skip_building_tests=False, cmake_args=None, cmake_clean_cache=False, cmake_clean_first=False, cmake_force_configure=False, cmake_target=None, cmake_target_skip_unavailable=False, continue_on_error=False, event_handlers=None, executor='parallel', ignore_user_meta=False, install_base='install', log_base=None, log_level=None, main=<bound method BuildVerb.main of <colcon_core.verb.build.BuildVerb object at 0x7f1e69aba430>>, merge_install=False, metas=['./colcon.meta'], packages_above=None, packages_above_and_dependencies=None, packages_above_depth=None, packages_end=None, packages_ignore=None, packages_ignore_regex=None, packages_select=None, packages_select_build_failed=False, packages_select_by_dep=None, packages_select_regex=None, packages_select_test_failures=False, packages_skip=None, packages_skip_build_finished=False, packages_skip_by_dep=None, packages_skip_regex=None, packages_skip_test_passed=False, packages_skip_up_to=None, packages_start=None, packages_up_to=None, packages_up_to_regex=None, parallel_workers=12, paths=None, symlink_install=True, test_result_base=None, verb_extension=<colcon_core.verb.build.BuildVerb object at 0x7f1e69aba430>, verb_name='build', verb_parser=<colcon_defaults.argument_parser.defaults.DefaultArgumentsDecorator object at 0x7f1e69aba970>)
[0.562s] Level 1:colcon.colcon_core.package_discovery:discover_packages(colcon_meta) check parameters
[0.562s] Level 1:colcon.colcon_core.package_discovery:discover_packages(recursive) check parameters
[0.562s] Level 1:colcon.colcon_core.package_discovery:discover_packages(ignore) check parameters
[0.562s] Level 1:colcon.colcon_core.package_discovery:discover_packages(path) check parameters
[0.562s] Level 1:colcon.colcon_core.package_discovery:discover_packages(colcon_meta) discover
[0.563s] Level 1:colcon.colcon_core.package_discovery:discover_packages(recursive) discover
[0.563s] INFO:colcon.colcon_core.package_discovery:Crawling recursively for packages in '/home/jeongmyung/slam-tutorial_ws/src/slam-tutorial'
[0.563s] Level 1:colcon.colcon_core.package_identification:_identify(.) by extensions ['ignore', 'ignore_ament_install']
[0.563s] Level 1:colcon.colcon_core.package_identification:_identify(.) by extension 'ignore'
[0.563s] Level 1:colcon.colcon_core.package_identification:_identify(.) by extension 'ignore_ament_install'
[0.563s] Level 1:colcon.colcon_core.package_identification:_identify(.) by extensions ['colcon_pkg']
[0.563s] Level 1:colcon.colcon_core.package_identification:_identify(.) by extension 'colcon_pkg'
[0.563s] Level 1:colcon.colcon_core.package_identification:_identify(.) by extensions ['colcon_meta']
[0.563s] Level 1:colcon.colcon_core.package_identification:_identify(.) by extension 'colcon_meta'
[0.564s] Level 1:colcon.colcon_core.package_identification:_identify(.) by extensions ['ros']
[0.564s] Level 1:colcon.colcon_core.package_identification:_identify(.) by extension 'ros'
[0.597s] DEBUG:colcon.colcon_core.package_identification:Package '.' with type 'ros.ament_cmake' and name 'slam-tutorial'
[0.598s] Level 1:colcon.colcon_core.package_discovery:discover_packages(recursive) using defaults
[0.598s] Level 1:colcon.colcon_core.package_discovery:discover_packages(ignore) discover
[0.598s] Level 1:colcon.colcon_core.package_discovery:discover_packages(ignore) using defaults
[0.598s] Level 1:colcon.colcon_core.package_discovery:discover_packages(path) discover
[0.598s] Level 1:colcon.colcon_core.package_discovery:discover_packages(path) using defaults
[0.624s] Level 1:colcon.colcon_core.package_discovery:discover_packages(prefix_path) check parameters
[0.624s] Level 1:colcon.colcon_core.package_discovery:discover_packages(prefix_path) discover
[0.628s] DEBUG:colcon.colcon_installed_package_information.package_discovery:Found 1 installed packages in /home/jeongmyung/slam-tutorial_ws/install
[0.630s] DEBUG:colcon.colcon_installed_package_information.package_discovery:Found 5 installed packages in /home/jeongmyung/lidarslam2_ws/install
[0.632s] DEBUG:colcon.colcon_installed_package_information.package_discovery:Found 312 installed packages in /opt/ros/foxy
[0.634s] Level 1:colcon.colcon_core.package_discovery:discover_packages(prefix_path) using defaults
[0.749s] Level 5:colcon.colcon_core.verb:set package 'slam-tutorial' build argument 'cmake_args' from command line to 'None'
[0.749s] Level 5:colcon.colcon_core.verb:set package 'slam-tutorial' build argument 'cmake_target' from command line to 'None'
[0.749s] Level 5:colcon.colcon_core.verb:set package 'slam-tutorial' build argument 'cmake_target_skip_unavailable' from command line to 'False'
[0.749s] Level 5:colcon.colcon_core.verb:set package 'slam-tutorial' build argument 'cmake_clean_cache' from command line to 'False'
[0.749s] Level 5:colcon.colcon_core.verb:set package 'slam-tutorial' build argument 'cmake_clean_first' from command line to 'False'
[0.749s] Level 5:colcon.colcon_core.verb:set package 'slam-tutorial' build argument 'cmake_force_configure' from command line to 'False'
[0.749s] Level 5:colcon.colcon_core.verb:set package 'slam-tutorial' build argument 'ament_cmake_args' from command line to 'None'
[0.749s] Level 5:colcon.colcon_core.verb:set package 'slam-tutorial' build argument 'catkin_cmake_args' from command line to 'None'
[0.749s] Level 5:colcon.colcon_core.verb:set package 'slam-tutorial' build argument 'catkin_skip_building_tests' from command line to 'False'
[0.749s] DEBUG:colcon.colcon_core.verb:Building package 'slam-tutorial' with the following arguments: {'ament_cmake_args': None, 'build_base': '/home/jeongmyung/slam-tutorial_ws/src/slam-tutorial/build/slam-tutorial', 'catkin_cmake_args': None, 'catkin_skip_building_tests': False, 'cmake_args': None, 'cmake_clean_cache': False, 'cmake_clean_first': False, 'cmake_force_configure': False, 'cmake_target': None, 'cmake_target_skip_unavailable': False, 'install_base': '/home/jeongmyung/slam-tutorial_ws/src/slam-tutorial/install/slam-tutorial', 'merge_install': False, 'path': '/home/jeongmyung/slam-tutorial_ws/src/slam-tutorial', 'symlink_install': True, 'test_result_base': None}
[0.750s] INFO:colcon.colcon_core.executor:Executing jobs using 'parallel' executor
[0.756s] DEBUG:colcon.colcon_parallel_executor.executor.parallel:run_until_complete
[0.757s] INFO:colcon.colcon_ros.task.ament_cmake.build:Building ROS package in '/home/jeongmyung/slam-tutorial_ws/src/slam-tutorial' with build type 'ament_cmake'
[0.757s] INFO:colcon.colcon_cmake.task.cmake.build:Building CMake package in '/home/jeongmyung/slam-tutorial_ws/src/slam-tutorial'
[0.764s] INFO:colcon.colcon_core.plugin_system:Skipping extension 'colcon_core.shell.bat': Not used on non-Windows systems
[0.765s] INFO:colcon.colcon_core.shell:Skip shell extension 'powershell' for command environment: Not usable outside of PowerShell
[0.765s] DEBUG:colcon.colcon_core.shell:Skip shell extension 'dsv' for command environment
[0.791s] DEBUG:colcon.colcon_core.event_handler.log_command:Invoking command in '/home/jeongmyung/slam-tutorial_ws/src/slam-tutorial/build/slam-tutorial': CMAKE_PREFIX_PATH=${CMAKE_PREFIX_PATH}:/opt/ros/foxy /usr/bin/cmake --build /home/jeongmyung/slam-tutorial_ws/src/slam-tutorial/build/slam-tutorial -- -j12 -l12
[12.151s] DEBUG:colcon.colcon_core.event_handler.log_command:Invoked command in '/home/jeongmyung/slam-tutorial_ws/src/slam-tutorial/build/slam-tutorial' returned '0': CMAKE_PREFIX_PATH=${CMAKE_PREFIX_PATH}:/opt/ros/foxy /usr/bin/cmake --build /home/jeongmyung/slam-tutorial_ws/src/slam-tutorial/build/slam-tutorial -- -j12 -l12
[12.196s] DEBUG:colcon.colcon_core.event_handler.log_command:Invoking command in '/home/jeongmyung/slam-tutorial_ws/src/slam-tutorial/build/slam-tutorial': CMAKE_PREFIX_PATH=${CMAKE_PREFIX_PATH}:/opt/ros/foxy /usr/bin/cmake --install /home/jeongmyung/slam-tutorial_ws/src/slam-tutorial/build/slam-tutorial
[12.250s] Level 1:colcon.colcon_core.environment:create_environment_scripts_only(slam-tutorial)
[12.252s] DEBUG:colcon.colcon_core.event_handler.log_command:Invoked command in '/home/jeongmyung/slam-tutorial_ws/src/slam-tutorial/build/slam-tutorial' returned '0': CMAKE_PREFIX_PATH=${CMAKE_PREFIX_PATH}:/opt/ros/foxy /usr/bin/cmake --install /home/jeongmyung/slam-tutorial_ws/src/slam-tutorial/build/slam-tutorial
[12.262s] Level 1:colcon.colcon_core.environment:checking '/home/jeongmyung/slam-tutorial_ws/src/slam-tutorial/install/slam-tutorial' for CMake module files
[12.264s] Level 1:colcon.colcon_core.environment:checking '/home/jeongmyung/slam-tutorial_ws/src/slam-tutorial/install/slam-tutorial' for CMake config files
[12.264s] Level 1:colcon.colcon_core.shell:create_environment_hook('slam-tutorial', 'cmake_prefix_path')
[12.267s] INFO:colcon.colcon_core.shell:Creating environment hook '/home/jeongmyung/slam-tutorial_ws/src/slam-tutorial/install/slam-tutorial/share/slam-tutorial/hook/cmake_prefix_path.ps1'
[12.268s] INFO:colcon.colcon_core.shell:Creating environment descriptor '/home/jeongmyung/slam-tutorial_ws/src/slam-tutorial/install/slam-tutorial/share/slam-tutorial/hook/cmake_prefix_path.dsv'
[12.269s] INFO:colcon.colcon_core.shell:Creating environment hook '/home/jeongmyung/slam-tutorial_ws/src/slam-tutorial/install/slam-tutorial/share/slam-tutorial/hook/cmake_prefix_path.sh'
[12.270s] Level 1:colcon.colcon_core.environment:checking '/home/jeongmyung/slam-tutorial_ws/src/slam-tutorial/install/slam-tutorial/lib'
[12.270s] Level 1:colcon.colcon_core.environment:checking '/home/jeongmyung/slam-tutorial_ws/src/slam-tutorial/install/slam-tutorial/bin'
[12.270s] Level 1:colcon.colcon_core.environment:checking '/home/jeongmyung/slam-tutorial_ws/src/slam-tutorial/install/slam-tutorial/lib/pkgconfig/slam-tutorial.pc'
[12.271s] Level 1:colcon.colcon_core.environment:checking '/home/jeongmyung/slam-tutorial_ws/src/slam-tutorial/install/slam-tutorial/lib/python3.8/site-packages'
[12.271s] Level 1:colcon.colcon_core.environment:checking '/home/jeongmyung/slam-tutorial_ws/src/slam-tutorial/install/slam-tutorial/bin'
[12.273s] INFO:colcon.colcon_core.shell:Creating package script '/home/jeongmyung/slam-tutorial_ws/src/slam-tutorial/install/slam-tutorial/share/slam-tutorial/package.ps1'
[12.275s] INFO:colcon.colcon_core.shell:Creating package descriptor '/home/jeongmyung/slam-tutorial_ws/src/slam-tutorial/install/slam-tutorial/share/slam-tutorial/package.dsv'
[12.276s] INFO:colcon.colcon_core.shell:Creating package script '/home/jeongmyung/slam-tutorial_ws/src/slam-tutorial/install/slam-tutorial/share/slam-tutorial/package.sh'
[12.277s] INFO:colcon.colcon_core.shell:Creating package script '/home/jeongmyung/slam-tutorial_ws/src/slam-tutorial/install/slam-tutorial/share/slam-tutorial/package.bash'
[12.279s] INFO:colcon.colcon_core.shell:Creating package script '/home/jeongmyung/slam-tutorial_ws/src/slam-tutorial/install/slam-tutorial/share/slam-tutorial/package.zsh'
[12.280s] Level 1:colcon.colcon_core.environment:create_file_with_runtime_dependencies(/home/jeongmyung/slam-tutorial_ws/src/slam-tutorial/install/slam-tutorial/share/colcon-core/packages/slam-tutorial)
[12.328s] Level 1:colcon.colcon_core.environment:create_environment_scripts_only(slam-tutorial)
[12.341s] Level 1:colcon.colcon_core.environment:checking '/home/jeongmyung/slam-tutorial_ws/src/slam-tutorial/install/slam-tutorial' for CMake module files
[12.342s] Level 1:colcon.colcon_core.environment:checking '/home/jeongmyung/slam-tutorial_ws/src/slam-tutorial/install/slam-tutorial' for CMake config files
[12.342s] Level 1:colcon.colcon_core.shell:create_environment_hook('slam-tutorial', 'cmake_prefix_path')
[12.346s] INFO:colcon.colcon_core.shell:Creating environment hook '/home/jeongmyung/slam-tutorial_ws/src/slam-tutorial/install/slam-tutorial/share/slam-tutorial/hook/cmake_prefix_path.ps1'
[12.347s] INFO:colcon.colcon_core.shell:Creating environment descriptor '/home/jeongmyung/slam-tutorial_ws/src/slam-tutorial/install/slam-tutorial/share/slam-tutorial/hook/cmake_prefix_path.dsv'
[12.347s] INFO:colcon.colcon_core.shell:Creating environment hook '/home/jeongmyung/slam-tutorial_ws/src/slam-tutorial/install/slam-tutorial/share/slam-tutorial/hook/cmake_prefix_path.sh'
[12.350s] Level 1:colcon.colcon_core.environment:checking '/home/jeongmyung/slam-tutorial_ws/src/slam-tutorial/install/slam-tutorial/lib'
[12.350s] Level 1:colcon.colcon_core.environment:checking '/home/jeongmyung/slam-tutorial_ws/src/slam-tutorial/install/slam-tutorial/bin'
[12.351s] Level 1:colcon.colcon_core.environment:checking '/home/jeongmyung/slam-tutorial_ws/src/slam-tutorial/install/slam-tutorial/lib/pkgconfig/slam-tutorial.pc'
[12.351s] Level 1:colcon.colcon_core.environment:checking '/home/jeongmyung/slam-tutorial_ws/src/slam-tutorial/install/slam-tutorial/lib/python3.8/site-packages'
[12.352s] Level 1:colcon.colcon_core.environment:checking '/home/jeongmyung/slam-tutorial_ws/src/slam-tutorial/install/slam-tutorial/bin'
[12.355s] INFO:colcon.colcon_core.shell:Creating package script '/home/jeongmyung/slam-tutorial_ws/src/slam-tutorial/install/slam-tutorial/share/slam-tutorial/package.ps1'
[12.356s] INFO:colcon.colcon_core.shell:Creating package descriptor '/home/jeongmyung/slam-tutorial_ws/src/slam-tutorial/install/slam-tutorial/share/slam-tutorial/package.dsv'
[12.357s] INFO:colcon.colcon_core.shell:Creating package script '/home/jeongmyung/slam-tutorial_ws/src/slam-tutorial/install/slam-tutorial/share/slam-tutorial/package.sh'
[12.358s] INFO:colcon.colcon_core.shell:Creating package script '/home/jeongmyung/slam-tutorial_ws/src/slam-tutorial/install/slam-tutorial/share/slam-tutorial/package.bash'
[12.358s] INFO:colcon.colcon_core.shell:Creating package script '/home/jeongmyung/slam-tutorial_ws/src/slam-tutorial/install/slam-tutorial/share/slam-tutorial/package.zsh'
[12.359s] Level 1:colcon.colcon_core.environment:create_file_with_runtime_dependencies(/home/jeongmyung/slam-tutorial_ws/src/slam-tutorial/install/slam-tutorial/share/colcon-core/packages/slam-tutorial)
[12.359s] DEBUG:colcon.colcon_parallel_executor.executor.parallel:closing loop
[12.360s] DEBUG:colcon.colcon_parallel_executor.executor.parallel:loop closed
[12.361s] DEBUG:colcon.colcon_parallel_executor.executor.parallel:run_until_complete finished with '0'
[12.361s] DEBUG:colcon.colcon_core.event_reactor:joining thread
[12.372s] INFO:colcon.colcon_core.plugin_system:Skipping extension 'colcon_notification.desktop_notification.terminal_notifier': Not used on non-Darwin systems
[12.372s] INFO:colcon.colcon_core.plugin_system:Skipping extension 'colcon_notification.desktop_notification.win32': Not used on non-Windows systems
[12.372s] INFO:colcon.colcon_notification.desktop_notification:Sending desktop notification using 'notify2'
[12.398s] DEBUG:colcon.colcon_notification.desktop_notification.notify2:Failed to initialize notify2: org.freedesktop.DBus.Error.ServiceUnknown: The name org.freedesktop.Notifications was not provided by any .service files
[12.398s] DEBUG:colcon.colcon_core.event_reactor:joined thread
[12.401s] INFO:colcon.colcon_core.shell:Creating prefix script '/home/jeongmyung/slam-tutorial_ws/src/slam-tutorial/install/local_setup.ps1'
[12.402s] INFO:colcon.colcon_core.shell:Creating prefix util module '/home/jeongmyung/slam-tutorial_ws/src/slam-tutorial/install/_local_setup_util_ps1.py'
[12.405s] INFO:colcon.colcon_core.shell:Creating prefix chain script '/home/jeongmyung/slam-tutorial_ws/src/slam-tutorial/install/setup.ps1'
[12.408s] INFO:colcon.colcon_core.shell:Creating prefix script '/home/jeongmyung/slam-tutorial_ws/src/slam-tutorial/install/local_setup.sh'
[12.409s] INFO:colcon.colcon_core.shell:Creating prefix util module '/home/jeongmyung/slam-tutorial_ws/src/slam-tutorial/install/_local_setup_util_sh.py'
[12.410s] INFO:colcon.colcon_core.shell:Creating prefix chain script '/home/jeongmyung/slam-tutorial_ws/src/slam-tutorial/install/setup.sh'
[12.413s] INFO:colcon.colcon_core.shell:Creating prefix script '/home/jeongmyung/slam-tutorial_ws/src/slam-tutorial/install/local_setup.bash'
[12.414s] INFO:colcon.colcon_core.shell:Creating prefix chain script '/home/jeongmyung/slam-tutorial_ws/src/slam-tutorial/install/setup.bash'
[12.417s] INFO:colcon.colcon_core.shell:Creating prefix script '/home/jeongmyung/slam-tutorial_ws/src/slam-tutorial/install/local_setup.zsh'
[12.417s] INFO:colcon.colcon_core.shell:Creating prefix chain script '/home/jeongmyung/slam-tutorial_ws/src/slam-tutorial/install/setup.zsh'
