[0.449s] DEBUG:colcon:Command line arguments: ['/usr/bin/colcon', 'build', '--symlink-install']
[0.449s] DEBUG:colcon:Parsed command line arguments: Namespace(allow_overriding=[], ament_cmake_args=None, base_paths=['.'], build_base='build', catkin_cmake_args=None, catkin_skip_building_tests=False, cmake_args=None, cmake_clean_cache=False, cmake_clean_first=False, cmake_force_configure=False, cmake_target=None, cmake_target_skip_unavailable=False, continue_on_error=False, event_handlers=None, executor='parallel', ignore_user_meta=False, install_base='install', log_base=None, log_level=None, main=<bound method BuildVerb.main of <colcon_core.verb.build.BuildVerb object at 0x7fdbeeceadc0>>, merge_install=False, metas=['./colcon.meta'], packages_above=None, packages_above_and_dependencies=None, packages_above_depth=None, packages_end=None, packages_ignore=None, packages_ignore_regex=None, packages_select=None, packages_select_build_failed=False, packages_select_by_dep=None, packages_select_regex=None, packages_select_test_failures=False, packages_skip=None, packages_skip_build_finished=False, packages_skip_by_dep=None, packages_skip_regex=None, packages_skip_test_passed=False, packages_skip_up_to=None, packages_start=None, packages_up_to=None, packages_up_to_regex=None, parallel_workers=12, paths=None, symlink_install=True, test_result_base=None, verb_extension=<colcon_core.verb.build.BuildVerb object at 0x7fdbeeceadc0>, verb_name='build', verb_parser=<colcon_defaults.argument_parser.defaults.DefaultArgumentsDecorator object at 0x7fdbeecf5370>)
[0.477s] Level 1:colcon.colcon_core.package_discovery:discover_packages(colcon_meta) check parameters
[0.477s] Level 1:colcon.colcon_core.package_discovery:discover_packages(recursive) check parameters
[0.477s] Level 1:colcon.colcon_core.package_discovery:discover_packages(ignore) check parameters
[0.477s] Level 1:colcon.colcon_core.package_discovery:discover_packages(path) check parameters
[0.477s] Level 1:colcon.colcon_core.package_discovery:discover_packages(colcon_meta) discover
[0.477s] Level 1:colcon.colcon_core.package_discovery:discover_packages(recursive) discover
[0.477s] INFO:colcon.colcon_core.package_discovery:Crawling recursively for packages in '/home/jeongmyung/slam-tutorial_ws/src/slam-tutorial'
[0.478s] Level 1:colcon.colcon_core.package_identification:_identify(.) by extensions ['ignore', 'ignore_ament_install']
[0.478s] Level 1:colcon.colcon_core.package_identification:_identify(.) by extension 'ignore'
[0.478s] Level 1:colcon.colcon_core.package_identification:_identify(.) by extension 'ignore_ament_install'
[0.478s] Level 1:colcon.colcon_core.package_identification:_identify(.) by extensions ['colcon_pkg']
[0.478s] Level 1:colcon.colcon_core.package_identification:_identify(.) by extension 'colcon_pkg'
[0.478s] Level 1:colcon.colcon_core.package_identification:_identify(.) by extensions ['colcon_meta']
[0.478s] Level 1:colcon.colcon_core.package_identification:_identify(.) by extension 'colcon_meta'
[0.478s] Level 1:colcon.colcon_core.package_identification:_identify(.) by extensions ['ros']
[0.478s] Level 1:colcon.colcon_core.package_identification:_identify(.) by extension 'ros'
[0.504s] DEBUG:colcon.colcon_core.package_identification:Package '.' with type 'ros.ament_cmake' and name 'slam-tutorial'
[0.505s] Level 1:colcon.colcon_core.package_discovery:discover_packages(recursive) using defaults
[0.505s] Level 1:colcon.colcon_core.package_discovery:discover_packages(ignore) discover
[0.505s] Level 1:colcon.colcon_core.package_discovery:discover_packages(ignore) using defaults
[0.505s] Level 1:colcon.colcon_core.package_discovery:discover_packages(path) discover
[0.505s] Level 1:colcon.colcon_core.package_discovery:discover_packages(path) using defaults
[0.530s] Level 1:colcon.colcon_core.package_discovery:discover_packages(prefix_path) check parameters
[0.530s] Level 1:colcon.colcon_core.package_discovery:discover_packages(prefix_path) discover
[0.533s] DEBUG:colcon.colcon_installed_package_information.package_discovery:Found 1 installed packages in /home/jeongmyung/slam-tutorial_ws/install
[0.535s] DEBUG:colcon.colcon_installed_package_information.package_discovery:Found 312 installed packages in /opt/ros/foxy
[0.538s] Level 1:colcon.colcon_core.package_discovery:discover_packages(prefix_path) using defaults
[0.643s] Level 5:colcon.colcon_core.verb:set package 'slam-tutorial' build argument 'cmake_args' from command line to 'None'
[0.643s] Level 5:colcon.colcon_core.verb:set package 'slam-tutorial' build argument 'cmake_target' from command line to 'None'
[0.644s] Level 5:colcon.colcon_core.verb:set package 'slam-tutorial' build argument 'cmake_target_skip_unavailable' from command line to 'False'
[0.644s] Level 5:colcon.colcon_core.verb:set package 'slam-tutorial' build argument 'cmake_clean_cache' from command line to 'False'
[0.644s] Level 5:colcon.colcon_core.verb:set package 'slam-tutorial' build argument 'cmake_clean_first' from command line to 'False'
[0.644s] Level 5:colcon.colcon_core.verb:set package 'slam-tutorial' build argument 'cmake_force_configure' from command line to 'False'
[0.644s] Level 5:colcon.colcon_core.verb:set package 'slam-tutorial' build argument 'ament_cmake_args' from command line to 'None'
[0.644s] Level 5:colcon.colcon_core.verb:set package 'slam-tutorial' build argument 'catkin_cmake_args' from command line to 'None'
[0.644s] Level 5:colcon.colcon_core.verb:set package 'slam-tutorial' build argument 'catkin_skip_building_tests' from command line to 'False'
[0.644s] DEBUG:colcon.colcon_core.verb:Building package 'slam-tutorial' with the following arguments: {'ament_cmake_args': None, 'build_base': '/home/jeongmyung/slam-tutorial_ws/src/slam-tutorial/build/slam-tutorial', 'catkin_cmake_args': None, 'catkin_skip_building_tests': False, 'cmake_args': None, 'cmake_clean_cache': False, 'cmake_clean_first': False, 'cmake_force_configure': False, 'cmake_target': None, 'cmake_target_skip_unavailable': False, 'install_base': '/home/jeongmyung/slam-tutorial_ws/src/slam-tutorial/install/slam-tutorial', 'merge_install': False, 'path': '/home/jeongmyung/slam-tutorial_ws/src/slam-tutorial', 'symlink_install': True, 'test_result_base': None}
[0.645s] INFO:colcon.colcon_core.executor:Executing jobs using 'parallel' executor
[0.650s] DEBUG:colcon.colcon_parallel_executor.executor.parallel:run_until_complete
[0.651s] INFO:colcon.colcon_ros.task.ament_cmake.build:Building ROS package in '/home/jeongmyung/slam-tutorial_ws/src/slam-tutorial' with build type 'ament_cmake'
[0.651s] INFO:colcon.colcon_cmake.task.cmake.build:Building CMake package in '/home/jeongmyung/slam-tutorial_ws/src/slam-tutorial'
[0.658s] INFO:colcon.colcon_core.plugin_system:Skipping extension 'colcon_core.shell.bat': Not used on non-Windows systems
[0.658s] INFO:colcon.colcon_core.shell:Skip shell extension 'powershell' for command environment: Not usable outside of PowerShell
[0.658s] DEBUG:colcon.colcon_core.shell:Skip shell extension 'dsv' for command environment
[0.681s] DEBUG:colcon.colcon_core.event_handler.log_command:Invoking command in '/home/jeongmyung/slam-tutorial_ws/src/slam-tutorial/build/slam-tutorial': CMAKE_PREFIX_PATH=${CMAKE_PREFIX_PATH}:/opt/ros/foxy /usr/bin/cmake --build /home/jeongmyung/slam-tutorial_ws/src/slam-tutorial/build/slam-tutorial -- -j12 -l12
[0.767s] DEBUG:colcon.colcon_core.event_handler.log_command:Invoked command in '/home/jeongmyung/slam-tutorial_ws/src/slam-tutorial/build/slam-tutorial' returned '0': CMAKE_PREFIX_PATH=${CMAKE_PREFIX_PATH}:/opt/ros/foxy /usr/bin/cmake --build /home/jeongmyung/slam-tutorial_ws/src/slam-tutorial/build/slam-tutorial -- -j12 -l12
[0.813s] DEBUG:colcon.colcon_core.event_handler.log_command:Invoking command in '/home/jeongmyung/slam-tutorial_ws/src/slam-tutorial/build/slam-tutorial': CMAKE_PREFIX_PATH=${CMAKE_PREFIX_PATH}:/opt/ros/foxy /usr/bin/cmake --install /home/jeongmyung/slam-tutorial_ws/src/slam-tutorial/build/slam-tutorial
[0.841s] Level 1:colcon.colcon_core.environment:create_environment_scripts_only(slam-tutorial)
[0.842s] DEBUG:colcon.colcon_core.event_handler.log_command:Invoked command in '/home/jeongmyung/slam-tutorial_ws/src/slam-tutorial/build/slam-tutorial' returned '0': CMAKE_PREFIX_PATH=${CMAKE_PREFIX_PATH}:/opt/ros/foxy /usr/bin/cmake --install /home/jeongmyung/slam-tutorial_ws/src/slam-tutorial/build/slam-tutorial
[0.848s] Level 1:colcon.colcon_core.environment:checking '/home/jeongmyung/slam-tutorial_ws/src/slam-tutorial/install/slam-tutorial' for CMake module files
[0.849s] Level 1:colcon.colcon_core.environment:checking '/home/jeongmyung/slam-tutorial_ws/src/slam-tutorial/install/slam-tutorial' for CMake config files
[0.849s] Level 1:colcon.colcon_core.shell:create_environment_hook('slam-tutorial', 'cmake_prefix_path')
[0.851s] INFO:colcon.colcon_core.shell:Creating environment hook '/home/jeongmyung/slam-tutorial_ws/src/slam-tutorial/install/slam-tutorial/share/slam-tutorial/hook/cmake_prefix_path.ps1'
[0.853s] INFO:colcon.colcon_core.shell:Creating environment descriptor '/home/jeongmyung/slam-tutorial_ws/src/slam-tutorial/install/slam-tutorial/share/slam-tutorial/hook/cmake_prefix_path.dsv'
[0.854s] INFO:colcon.colcon_core.shell:Creating environment hook '/home/jeongmyung/slam-tutorial_ws/src/slam-tutorial/install/slam-tutorial/share/slam-tutorial/hook/cmake_prefix_path.sh'
[0.855s] Level 1:colcon.colcon_core.environment:checking '/home/jeongmyung/slam-tutorial_ws/src/slam-tutorial/install/slam-tutorial/lib'
[0.856s] Level 1:colcon.colcon_core.environment:checking '/home/jeongmyung/slam-tutorial_ws/src/slam-tutorial/install/slam-tutorial/bin'
[0.856s] Level 1:colcon.colcon_core.environment:checking '/home/jeongmyung/slam-tutorial_ws/src/slam-tutorial/install/slam-tutorial/lib/pkgconfig/slam-tutorial.pc'
[0.856s] Level 1:colcon.colcon_core.environment:checking '/home/jeongmyung/slam-tutorial_ws/src/slam-tutorial/install/slam-tutorial/lib/python3.8/site-packages'
[0.856s] Level 1:colcon.colcon_core.environment:checking '/home/jeongmyung/slam-tutorial_ws/src/slam-tutorial/install/slam-tutorial/bin'
[0.860s] INFO:colcon.colcon_core.shell:Creating package script '/home/jeongmyung/slam-tutorial_ws/src/slam-tutorial/install/slam-tutorial/share/slam-tutorial/package.ps1'
[0.861s] INFO:colcon.colcon_core.shell:Creating package descriptor '/home/jeongmyung/slam-tutorial_ws/src/slam-tutorial/install/slam-tutorial/share/slam-tutorial/package.dsv'
[0.862s] INFO:colcon.colcon_core.shell:Creating package script '/home/jeongmyung/slam-tutorial_ws/src/slam-tutorial/install/slam-tutorial/share/slam-tutorial/package.sh'
[0.863s] INFO:colcon.colcon_core.shell:Creating package script '/home/jeongmyung/slam-tutorial_ws/src/slam-tutorial/install/slam-tutorial/share/slam-tutorial/package.bash'
[0.864s] INFO:colcon.colcon_core.shell:Creating package script '/home/jeongmyung/slam-tutorial_ws/src/slam-tutorial/install/slam-tutorial/share/slam-tutorial/package.zsh'
[0.865s] Level 1:colcon.colcon_core.environment:create_file_with_runtime_dependencies(/home/jeongmyung/slam-tutorial_ws/src/slam-tutorial/install/slam-tutorial/share/colcon-core/packages/slam-tutorial)
[0.894s] Level 1:colcon.colcon_core.environment:create_environment_scripts_only(slam-tutorial)
[0.896s] Level 1:colcon.colcon_core.environment:checking '/home/jeongmyung/slam-tutorial_ws/src/slam-tutorial/install/slam-tutorial' for CMake module files
[0.897s] Level 1:colcon.colcon_core.environment:checking '/home/jeongmyung/slam-tutorial_ws/src/slam-tutorial/install/slam-tutorial' for CMake config files
[0.898s] Level 1:colcon.colcon_core.shell:create_environment_hook('slam-tutorial', 'cmake_prefix_path')
[0.899s] INFO:colcon.colcon_core.shell:Creating environment hook '/home/jeongmyung/slam-tutorial_ws/src/slam-tutorial/install/slam-tutorial/share/slam-tutorial/hook/cmake_prefix_path.ps1'
[0.900s] INFO:colcon.colcon_core.shell:Creating environment descriptor '/home/jeongmyung/slam-tutorial_ws/src/slam-tutorial/install/slam-tutorial/share/slam-tutorial/hook/cmake_prefix_path.dsv'
[0.900s] INFO:colcon.colcon_core.shell:Creating environment hook '/home/jeongmyung/slam-tutorial_ws/src/slam-tutorial/install/slam-tutorial/share/slam-tutorial/hook/cmake_prefix_path.sh'
[0.901s] Level 1:colcon.colcon_core.environment:checking '/home/jeongmyung/slam-tutorial_ws/src/slam-tutorial/install/slam-tutorial/lib'
[0.901s] Level 1:colcon.colcon_core.environment:checking '/home/jeongmyung/slam-tutorial_ws/src/slam-tutorial/install/slam-tutorial/bin'
[0.901s] Level 1:colcon.colcon_core.environment:checking '/home/jeongmyung/slam-tutorial_ws/src/slam-tutorial/install/slam-tutorial/lib/pkgconfig/slam-tutorial.pc'
[0.901s] Level 1:colcon.colcon_core.environment:checking '/home/jeongmyung/slam-tutorial_ws/src/slam-tutorial/install/slam-tutorial/lib/python3.8/site-packages'
[0.902s] Level 1:colcon.colcon_core.environment:checking '/home/jeongmyung/slam-tutorial_ws/src/slam-tutorial/install/slam-tutorial/bin'
[0.903s] INFO:colcon.colcon_core.shell:Creating package script '/home/jeongmyung/slam-tutorial_ws/src/slam-tutorial/install/slam-tutorial/share/slam-tutorial/package.ps1'
[0.904s] INFO:colcon.colcon_core.shell:Creating package descriptor '/home/jeongmyung/slam-tutorial_ws/src/slam-tutorial/install/slam-tutorial/share/slam-tutorial/package.dsv'
[0.905s] INFO:colcon.colcon_core.shell:Creating package script '/home/jeongmyung/slam-tutorial_ws/src/slam-tutorial/install/slam-tutorial/share/slam-tutorial/package.sh'
[0.905s] INFO:colcon.colcon_core.shell:Creating package script '/home/jeongmyung/slam-tutorial_ws/src/slam-tutorial/install/slam-tutorial/share/slam-tutorial/package.bash'
[0.906s] INFO:colcon.colcon_core.shell:Creating package script '/home/jeongmyung/slam-tutorial_ws/src/slam-tutorial/install/slam-tutorial/share/slam-tutorial/package.zsh'
[0.906s] Level 1:colcon.colcon_core.environment:create_file_with_runtime_dependencies(/home/jeongmyung/slam-tutorial_ws/src/slam-tutorial/install/slam-tutorial/share/colcon-core/packages/slam-tutorial)
[0.906s] DEBUG:colcon.colcon_parallel_executor.executor.parallel:closing loop
[0.907s] DEBUG:colcon.colcon_parallel_executor.executor.parallel:loop closed
[0.908s] DEBUG:colcon.colcon_parallel_executor.executor.parallel:run_until_complete finished with '0'
[0.908s] DEBUG:colcon.colcon_core.event_reactor:joining thread
[0.915s] INFO:colcon.colcon_core.plugin_system:Skipping extension 'colcon_notification.desktop_notification.terminal_notifier': Not used on non-Darwin systems
[0.915s] INFO:colcon.colcon_core.plugin_system:Skipping extension 'colcon_notification.desktop_notification.win32': Not used on non-Windows systems
[0.915s] INFO:colcon.colcon_notification.desktop_notification:Sending desktop notification using 'notify2'
[0.947s] DEBUG:colcon.colcon_notification.desktop_notification.notify2:Failed to initialize notify2: org.freedesktop.DBus.Error.ServiceUnknown: The name org.freedesktop.Notifications was not provided by any .service files
[0.947s] DEBUG:colcon.colcon_core.event_reactor:joined thread
[0.950s] INFO:colcon.colcon_core.shell:Creating prefix script '/home/jeongmyung/slam-tutorial_ws/src/slam-tutorial/install/local_setup.ps1'
[0.951s] INFO:colcon.colcon_core.shell:Creating prefix util module '/home/jeongmyung/slam-tutorial_ws/src/slam-tutorial/install/_local_setup_util_ps1.py'
[0.954s] INFO:colcon.colcon_core.shell:Creating prefix chain script '/home/jeongmyung/slam-tutorial_ws/src/slam-tutorial/install/setup.ps1'
[0.956s] INFO:colcon.colcon_core.shell:Creating prefix script '/home/jeongmyung/slam-tutorial_ws/src/slam-tutorial/install/local_setup.sh'
[0.957s] INFO:colcon.colcon_core.shell:Creating prefix util module '/home/jeongmyung/slam-tutorial_ws/src/slam-tutorial/install/_local_setup_util_sh.py'
[0.957s] INFO:colcon.colcon_core.shell:Creating prefix chain script '/home/jeongmyung/slam-tutorial_ws/src/slam-tutorial/install/setup.sh'
[0.959s] INFO:colcon.colcon_core.shell:Creating prefix script '/home/jeongmyung/slam-tutorial_ws/src/slam-tutorial/install/local_setup.bash'
[0.960s] INFO:colcon.colcon_core.shell:Creating prefix chain script '/home/jeongmyung/slam-tutorial_ws/src/slam-tutorial/install/setup.bash'
[0.961s] INFO:colcon.colcon_core.shell:Creating prefix script '/home/jeongmyung/slam-tutorial_ws/src/slam-tutorial/install/local_setup.zsh'
[0.962s] INFO:colcon.colcon_core.shell:Creating prefix chain script '/home/jeongmyung/slam-tutorial_ws/src/slam-tutorial/install/setup.zsh'
