-- Found ament_cmake: 0.9.11 (/opt/ros/foxy/share/ament_cmake/cmake)
-- Using PYTHON_EXECUTABLE: /usr/bin/python3
-- Override CMake install command with custom implementation using symlinks instead of copying resources
-- Found rclcpp: 2.4.2 (/opt/ros/foxy/share/rclcpp/cmake)
-- Using all available rosidl_typesupport_c: rosidl_typesupport_fastrtps_c;rosidl_typesupport_introspection_c
-- Found rosidl_adapter: 1.3.0 (/opt/ros/foxy/share/rosidl_adapter/cmake)
-- Using all available rosidl_typesupport_cpp: rosidl_typesupport_fastrtps_cpp;rosidl_typesupport_introspection_cpp
-- Found rmw_implementation_cmake: 1.0.4 (/opt/ros/foxy/share/rmw_implementation_cmake/cmake)
-- Using RMW implementation 'rmw_fastrtps_cpp' as default
-- Found sensor_msgs: 2.0.5 (/opt/ros/foxy/share/sensor_msgs/cmake)
-- Found ament_lint_auto: 0.9.8 (/opt/ros/foxy/share/ament_lint_auto/cmake)
CMake Error at /opt/ros/foxy/share/ament_cmake_target_dependencies/cmake/ament_target_dependencies.cmake:77 (message):
  ament_target_dependencies() the passed package name 'image_transport' was
  not found before
Call Stack (most recent call first):
  CMakeLists.txt:52 (ament_target_dependencies)
  CMakeLists.txt:62 (custom_executable)


-- Configuring incomplete, errors occurred!
See also "/home/jeongmyung/slam-tutorial_ws/src/slam-tutorial/build/slam-tutorial/CMakeFiles/CMakeOutput.log".
See also "/home/jeongmyung/slam-tutorial_ws/src/slam-tutorial/build/slam-tutorial/CMakeFiles/CMakeError.log".
make: *** [Makefile:266: cmake_check_build_system] Error 1
